INFO - 2025-03-06 12:15:56 --> Session: Class initialized using 'CodeIgniter\Session\Handlers\FileHandler' driver.
ERROR - 2025-03-06 12:26:22 --> mysqli_sql_exception: Unknown column 'sort' in 'where clause' in C:\xampp2\htdocs\codeignaiter\system\Database\MySQLi\Connection.php:312
Stack trace:
#0 C:\xampp2\htdocs\codeignaiter\system\Database\MySQLi\Connection.php(312): mysqli->query('SELECT COUNT(*)...', 0)
#1 C:\xampp2\htdocs\codeignaiter\system\Database\BaseConnection.php(734): CodeIgniter\Database\MySQLi\Connection->execute('SELECT COUNT(*)...')
#2 C:\xampp2\htdocs\codeignaiter\system\Database\BaseConnection.php(648): CodeIgniter\Database\BaseConnection->simpleQuery('SELECT COUNT(*)...')
#3 C:\xampp2\htdocs\codeignaiter\system\Database\BaseBuilder.php(1728): CodeIgniter\Database\BaseConnection->query('SELECT COUNT(*)...', Array, false)
#4 C:\xampp2\htdocs\codeignaiter\system\Model.php(678): CodeIgniter\Database\BaseBuilder->countAllResults(false)
#5 C:\xampp2\htdocs\codeignaiter\system\BaseModel.php(1284): CodeIgniter\Model->countAllResults(false)
#6 C:\xampp2\htdocs\codeignaiter\app\Controllers\ArtistaController.php(22): CodeIgniter\BaseModel->paginate(10, 'default', 1)
#7 C:\xampp2\htdocs\codeignaiter\system\CodeIgniter.php(933): App\Controllers\ArtistaController->index()
#8 C:\xampp2\htdocs\codeignaiter\system\CodeIgniter.php(509): CodeIgniter\CodeIgniter->runController(Object(App\Controllers\ArtistaController))
#9 C:\xampp2\htdocs\codeignaiter\system\CodeIgniter.php(355): CodeIgniter\CodeIgniter->handleRequest(NULL, Object(Config\Cache), false)
#10 C:\xampp2\htdocs\codeignaiter\system\Boot.php(325): CodeIgniter\CodeIgniter->run()
#11 C:\xampp2\htdocs\codeignaiter\system\Boot.php(67): CodeIgniter\Boot::runCodeIgniter(Object(CodeIgniter\CodeIgniter))
#12 C:\xampp2\htdocs\codeignaiter\public\index.php(56): CodeIgniter\Boot::bootWeb(Object(Config\Paths))
#13 {main}
CRITICAL - 2025-03-06 12:26:22 --> CodeIgniter\Database\Exceptions\DatabaseException: Unknown column 'sort' in 'where clause'
[Method: GET, Route: artistas]
in SYSTEMPATH\Database\BaseConnection.php on line 688.
 1 SYSTEMPATH\Database\BaseBuilder.php(1728): CodeIgniter\Database\BaseConnection->query('SELECT COUNT(*) AS `numrows`
FROM `artistas`
WHERE `sort` LIKE :sort: ESCAPE \'!\'', [...], false)
 2 SYSTEMPATH\Model.php(678): CodeIgniter\Database\BaseBuilder->countAllResults(false)
 3 SYSTEMPATH\BaseModel.php(1284): CodeIgniter\Model->countAllResults(false)
 4 APPPATH\Controllers\ArtistaController.php(22): CodeIgniter\BaseModel->paginate(10, 'default', 1)
 5 SYSTEMPATH\CodeIgniter.php(933): App\Controllers\ArtistaController->index()
 6 SYSTEMPATH\CodeIgniter.php(509): CodeIgniter\CodeIgniter->runController(Object(App\Controllers\ArtistaController))
 7 SYSTEMPATH\CodeIgniter.php(355): CodeIgniter\CodeIgniter->handleRequest(null, Object(Config\Cache), false)
 8 SYSTEMPATH\Boot.php(325): CodeIgniter\CodeIgniter->run()
 9 SYSTEMPATH\Boot.php(67): CodeIgniter\Boot::runCodeIgniter(Object(CodeIgniter\CodeIgniter))
10 FCPATH\index.php(56): CodeIgniter\Boot::bootWeb(Object(Config\Paths))
CRITICAL - 2025-03-06 12:26:22 --> [Caused by] CodeIgniter\Database\Exceptions\DatabaseException: Unknown column 'sort' in 'where clause'
in SYSTEMPATH\Database\MySQLi\Connection.php on line 317.
 1 SYSTEMPATH\Database\BaseConnection.php(734): CodeIgniter\Database\MySQLi\Connection->execute('SELECT COUNT(*) AS `numrows`
FROM `artistas`
WHERE `sort` LIKE \'%descripcion%\' ESCAPE \'!\'')
 2 SYSTEMPATH\Database\BaseConnection.php(648): CodeIgniter\Database\BaseConnection->simpleQuery('SELECT COUNT(*) AS `numrows`
FROM `artistas`
WHERE `sort` LIKE \'%descripcion%\' ESCAPE \'!\'')
 3 SYSTEMPATH\Database\BaseBuilder.php(1728): CodeIgniter\Database\BaseConnection->query('SELECT COUNT(*) AS `numrows`
FROM `artistas`
WHERE `sort` LIKE :sort: ESCAPE \'!\'', [...], false)
 4 SYSTEMPATH\Model.php(678): CodeIgniter\Database\BaseBuilder->countAllResults(false)
 5 SYSTEMPATH\BaseModel.php(1284): CodeIgniter\Model->countAllResults(false)
 6 APPPATH\Controllers\ArtistaController.php(22): CodeIgniter\BaseModel->paginate(10, 'default', 1)
 7 SYSTEMPATH\CodeIgniter.php(933): App\Controllers\ArtistaController->index()
 8 SYSTEMPATH\CodeIgniter.php(509): CodeIgniter\CodeIgniter->runController(Object(App\Controllers\ArtistaController))
 9 SYSTEMPATH\CodeIgniter.php(355): CodeIgniter\CodeIgniter->handleRequest(null, Object(Config\Cache), false)
10 SYSTEMPATH\Boot.php(325): CodeIgniter\CodeIgniter->run()
11 SYSTEMPATH\Boot.php(67): CodeIgniter\Boot::runCodeIgniter(Object(CodeIgniter\CodeIgniter))
12 FCPATH\index.php(56): CodeIgniter\Boot::bootWeb(Object(Config\Paths))
CRITICAL - 2025-03-06 12:26:22 --> [Caused by] mysqli_sql_exception: Unknown column 'sort' in 'where clause'
in SYSTEMPATH\Database\MySQLi\Connection.php on line 312.
 1 SYSTEMPATH\Database\MySQLi\Connection.php(312): mysqli->query('SELECT COUNT(*) AS `numrows`
FROM `artistas`
WHERE `sort` LIKE \'%descripcion%\' ESCAPE \'!\'', 0)
 2 SYSTEMPATH\Database\BaseConnection.php(734): CodeIgniter\Database\MySQLi\Connection->execute('SELECT COUNT(*) AS `numrows`
FROM `artistas`
WHERE `sort` LIKE \'%descripcion%\' ESCAPE \'!\'')
 3 SYSTEMPATH\Database\BaseConnection.php(648): CodeIgniter\Database\BaseConnection->simpleQuery('SELECT COUNT(*) AS `numrows`
FROM `artistas`
WHERE `sort` LIKE \'%descripcion%\' ESCAPE \'!\'')
 4 SYSTEMPATH\Database\BaseBuilder.php(1728): CodeIgniter\Database\BaseConnection->query('SELECT COUNT(*) AS `numrows`
FROM `artistas`
WHERE `sort` LIKE :sort: ESCAPE \'!\'', [...], false)
 5 SYSTEMPATH\Model.php(678): CodeIgniter\Database\BaseBuilder->countAllResults(false)
 6 SYSTEMPATH\BaseModel.php(1284): CodeIgniter\Model->countAllResults(false)
 7 APPPATH\Controllers\ArtistaController.php(22): CodeIgniter\BaseModel->paginate(10, 'default', 1)
 8 SYSTEMPATH\CodeIgniter.php(933): App\Controllers\ArtistaController->index()
 9 SYSTEMPATH\CodeIgniter.php(509): CodeIgniter\CodeIgniter->runController(Object(App\Controllers\ArtistaController))
10 SYSTEMPATH\CodeIgniter.php(355): CodeIgniter\CodeIgniter->handleRequest(null, Object(Config\Cache), false)
11 SYSTEMPATH\Boot.php(325): CodeIgniter\CodeIgniter->run()
12 SYSTEMPATH\Boot.php(67): CodeIgniter\Boot::runCodeIgniter(Object(CodeIgniter\CodeIgniter))
13 FCPATH\index.php(56): CodeIgniter\Boot::bootWeb(Object(Config\Paths))
INFO - 2025-03-06 12:26:31 --> Session: Class initialized using 'CodeIgniter\Session\Handlers\FileHandler' driver.
ERROR - 2025-03-06 12:26:34 --> mysqli_sql_exception: Unknown column 'sort' in 'where clause' in C:\xampp2\htdocs\codeignaiter\system\Database\MySQLi\Connection.php:312
Stack trace:
#0 C:\xampp2\htdocs\codeignaiter\system\Database\MySQLi\Connection.php(312): mysqli->query('SELECT COUNT(*)...', 0)
#1 C:\xampp2\htdocs\codeignaiter\system\Database\BaseConnection.php(734): CodeIgniter\Database\MySQLi\Connection->execute('SELECT COUNT(*)...')
#2 C:\xampp2\htdocs\codeignaiter\system\Database\BaseConnection.php(648): CodeIgniter\Database\BaseConnection->simpleQuery('SELECT COUNT(*)...')
#3 C:\xampp2\htdocs\codeignaiter\system\Database\BaseBuilder.php(1728): CodeIgniter\Database\BaseConnection->query('SELECT COUNT(*)...', Array, false)
#4 C:\xampp2\htdocs\codeignaiter\system\Model.php(678): CodeIgniter\Database\BaseBuilder->countAllResults(false)
#5 C:\xampp2\htdocs\codeignaiter\system\BaseModel.php(1284): CodeIgniter\Model->countAllResults(false)
#6 C:\xampp2\htdocs\codeignaiter\app\Controllers\ArtistaController.php(22): CodeIgniter\BaseModel->paginate(10, 'default', 1)
#7 C:\xampp2\htdocs\codeignaiter\system\CodeIgniter.php(933): App\Controllers\ArtistaController->index()
#8 C:\xampp2\htdocs\codeignaiter\system\CodeIgniter.php(509): CodeIgniter\CodeIgniter->runController(Object(App\Controllers\ArtistaController))
#9 C:\xampp2\htdocs\codeignaiter\system\CodeIgniter.php(355): CodeIgniter\CodeIgniter->handleRequest(NULL, Object(Config\Cache), false)
#10 C:\xampp2\htdocs\codeignaiter\system\Boot.php(325): CodeIgniter\CodeIgniter->run()
#11 C:\xampp2\htdocs\codeignaiter\system\Boot.php(67): CodeIgniter\Boot::runCodeIgniter(Object(CodeIgniter\CodeIgniter))
#12 C:\xampp2\htdocs\codeignaiter\public\index.php(56): CodeIgniter\Boot::bootWeb(Object(Config\Paths))
#13 {main}
CRITICAL - 2025-03-06 12:26:34 --> CodeIgniter\Database\Exceptions\DatabaseException: Unknown column 'sort' in 'where clause'
[Method: GET, Route: artistas]
in SYSTEMPATH\Database\BaseConnection.php on line 688.
 1 SYSTEMPATH\Database\BaseBuilder.php(1728): CodeIgniter\Database\BaseConnection->query('SELECT COUNT(*) AS `numrows`
FROM `artistas`
WHERE `sort` LIKE :sort: ESCAPE \'!\'', [...], false)
 2 SYSTEMPATH\Model.php(678): CodeIgniter\Database\BaseBuilder->countAllResults(false)
 3 SYSTEMPATH\BaseModel.php(1284): CodeIgniter\Model->countAllResults(false)
 4 APPPATH\Controllers\ArtistaController.php(22): CodeIgniter\BaseModel->paginate(10, 'default', 1)
 5 SYSTEMPATH\CodeIgniter.php(933): App\Controllers\ArtistaController->index()
 6 SYSTEMPATH\CodeIgniter.php(509): CodeIgniter\CodeIgniter->runController(Object(App\Controllers\ArtistaController))
 7 SYSTEMPATH\CodeIgniter.php(355): CodeIgniter\CodeIgniter->handleRequest(null, Object(Config\Cache), false)
 8 SYSTEMPATH\Boot.php(325): CodeIgniter\CodeIgniter->run()
 9 SYSTEMPATH\Boot.php(67): CodeIgniter\Boot::runCodeIgniter(Object(CodeIgniter\CodeIgniter))
10 FCPATH\index.php(56): CodeIgniter\Boot::bootWeb(Object(Config\Paths))
CRITICAL - 2025-03-06 12:26:34 --> [Caused by] CodeIgniter\Database\Exceptions\DatabaseException: Unknown column 'sort' in 'where clause'
in SYSTEMPATH\Database\MySQLi\Connection.php on line 317.
 1 SYSTEMPATH\Database\BaseConnection.php(734): CodeIgniter\Database\MySQLi\Connection->execute('SELECT COUNT(*) AS `numrows`
FROM `artistas`
WHERE `sort` LIKE \'%genero%\' ESCAPE \'!\'')
 2 SYSTEMPATH\Database\BaseConnection.php(648): CodeIgniter\Database\BaseConnection->simpleQuery('SELECT COUNT(*) AS `numrows`
FROM `artistas`
WHERE `sort` LIKE \'%genero%\' ESCAPE \'!\'')
 3 SYSTEMPATH\Database\BaseBuilder.php(1728): CodeIgniter\Database\BaseConnection->query('SELECT COUNT(*) AS `numrows`
FROM `artistas`
WHERE `sort` LIKE :sort: ESCAPE \'!\'', [...], false)
 4 SYSTEMPATH\Model.php(678): CodeIgniter\Database\BaseBuilder->countAllResults(false)
 5 SYSTEMPATH\BaseModel.php(1284): CodeIgniter\Model->countAllResults(false)
 6 APPPATH\Controllers\ArtistaController.php(22): CodeIgniter\BaseModel->paginate(10, 'default', 1)
 7 SYSTEMPATH\CodeIgniter.php(933): App\Controllers\ArtistaController->index()
 8 SYSTEMPATH\CodeIgniter.php(509): CodeIgniter\CodeIgniter->runController(Object(App\Controllers\ArtistaController))
 9 SYSTEMPATH\CodeIgniter.php(355): CodeIgniter\CodeIgniter->handleRequest(null, Object(Config\Cache), false)
10 SYSTEMPATH\Boot.php(325): CodeIgniter\CodeIgniter->run()
11 SYSTEMPATH\Boot.php(67): CodeIgniter\Boot::runCodeIgniter(Object(CodeIgniter\CodeIgniter))
12 FCPATH\index.php(56): CodeIgniter\Boot::bootWeb(Object(Config\Paths))
CRITICAL - 2025-03-06 12:26:34 --> [Caused by] mysqli_sql_exception: Unknown column 'sort' in 'where clause'
in SYSTEMPATH\Database\MySQLi\Connection.php on line 312.
 1 SYSTEMPATH\Database\MySQLi\Connection.php(312): mysqli->query('SELECT COUNT(*) AS `numrows`
FROM `artistas`
WHERE `sort` LIKE \'%genero%\' ESCAPE \'!\'', 0)
 2 SYSTEMPATH\Database\BaseConnection.php(734): CodeIgniter\Database\MySQLi\Connection->execute('SELECT COUNT(*) AS `numrows`
FROM `artistas`
WHERE `sort` LIKE \'%genero%\' ESCAPE \'!\'')
 3 SYSTEMPATH\Database\BaseConnection.php(648): CodeIgniter\Database\BaseConnection->simpleQuery('SELECT COUNT(*) AS `numrows`
FROM `artistas`
WHERE `sort` LIKE \'%genero%\' ESCAPE \'!\'')
 4 SYSTEMPATH\Database\BaseBuilder.php(1728): CodeIgniter\Database\BaseConnection->query('SELECT COUNT(*) AS `numrows`
FROM `artistas`
WHERE `sort` LIKE :sort: ESCAPE \'!\'', [...], false)
 5 SYSTEMPATH\Model.php(678): CodeIgniter\Database\BaseBuilder->countAllResults(false)
 6 SYSTEMPATH\BaseModel.php(1284): CodeIgniter\Model->countAllResults(false)
 7 APPPATH\Controllers\ArtistaController.php(22): CodeIgniter\BaseModel->paginate(10, 'default', 1)
 8 SYSTEMPATH\CodeIgniter.php(933): App\Controllers\ArtistaController->index()
 9 SYSTEMPATH\CodeIgniter.php(509): CodeIgniter\CodeIgniter->runController(Object(App\Controllers\ArtistaController))
10 SYSTEMPATH\CodeIgniter.php(355): CodeIgniter\CodeIgniter->handleRequest(null, Object(Config\Cache), false)
11 SYSTEMPATH\Boot.php(325): CodeIgniter\CodeIgniter->run()
12 SYSTEMPATH\Boot.php(67): CodeIgniter\Boot::runCodeIgniter(Object(CodeIgniter\CodeIgniter))
13 FCPATH\index.php(56): CodeIgniter\Boot::bootWeb(Object(Config\Paths))
ERROR - 2025-03-06 12:28:10 --> mysqli_sql_exception: Unknown column 'sort' in 'where clause' in C:\xampp2\htdocs\codeignaiter\system\Database\MySQLi\Connection.php:312
Stack trace:
#0 C:\xampp2\htdocs\codeignaiter\system\Database\MySQLi\Connection.php(312): mysqli->query('SELECT COUNT(*)...', 0)
#1 C:\xampp2\htdocs\codeignaiter\system\Database\BaseConnection.php(734): CodeIgniter\Database\MySQLi\Connection->execute('SELECT COUNT(*)...')
#2 C:\xampp2\htdocs\codeignaiter\system\Database\BaseConnection.php(648): CodeIgniter\Database\BaseConnection->simpleQuery('SELECT COUNT(*)...')
#3 C:\xampp2\htdocs\codeignaiter\system\Database\BaseBuilder.php(1728): CodeIgniter\Database\BaseConnection->query('SELECT COUNT(*)...', Array, false)
#4 C:\xampp2\htdocs\codeignaiter\system\Model.php(678): CodeIgniter\Database\BaseBuilder->countAllResults(false)
#5 C:\xampp2\htdocs\codeignaiter\system\BaseModel.php(1284): CodeIgniter\Model->countAllResults(false)
#6 C:\xampp2\htdocs\codeignaiter\app\Controllers\ArtistaController.php(22): CodeIgniter\BaseModel->paginate(10, 'default', 1)
#7 C:\xampp2\htdocs\codeignaiter\system\CodeIgniter.php(933): App\Controllers\ArtistaController->index()
#8 C:\xampp2\htdocs\codeignaiter\system\CodeIgniter.php(509): CodeIgniter\CodeIgniter->runController(Object(App\Controllers\ArtistaController))
#9 C:\xampp2\htdocs\codeignaiter\system\CodeIgniter.php(355): CodeIgniter\CodeIgniter->handleRequest(NULL, Object(Config\Cache), false)
#10 C:\xampp2\htdocs\codeignaiter\system\Boot.php(325): CodeIgniter\CodeIgniter->run()
#11 C:\xampp2\htdocs\codeignaiter\system\Boot.php(67): CodeIgniter\Boot::runCodeIgniter(Object(CodeIgniter\CodeIgniter))
#12 C:\xampp2\htdocs\codeignaiter\public\index.php(56): CodeIgniter\Boot::bootWeb(Object(Config\Paths))
#13 {main}
CRITICAL - 2025-03-06 12:28:10 --> CodeIgniter\Database\Exceptions\DatabaseException: Unknown column 'sort' in 'where clause'
[Method: GET, Route: artistas]
in SYSTEMPATH\Database\BaseConnection.php on line 688.
 1 SYSTEMPATH\Database\BaseBuilder.php(1728): CodeIgniter\Database\BaseConnection->query('SELECT COUNT(*) AS `numrows`
FROM `artistas`
WHERE `sort` LIKE :sort: ESCAPE \'!\'', [...], false)
 2 SYSTEMPATH\Model.php(678): CodeIgniter\Database\BaseBuilder->countAllResults(false)
 3 SYSTEMPATH\BaseModel.php(1284): CodeIgniter\Model->countAllResults(false)
 4 APPPATH\Controllers\ArtistaController.php(22): CodeIgniter\BaseModel->paginate(10, 'default', 1)
 5 SYSTEMPATH\CodeIgniter.php(933): App\Controllers\ArtistaController->index()
 6 SYSTEMPATH\CodeIgniter.php(509): CodeIgniter\CodeIgniter->runController(Object(App\Controllers\ArtistaController))
 7 SYSTEMPATH\CodeIgniter.php(355): CodeIgniter\CodeIgniter->handleRequest(null, Object(Config\Cache), false)
 8 SYSTEMPATH\Boot.php(325): CodeIgniter\CodeIgniter->run()
 9 SYSTEMPATH\Boot.php(67): CodeIgniter\Boot::runCodeIgniter(Object(CodeIgniter\CodeIgniter))
10 FCPATH\index.php(56): CodeIgniter\Boot::bootWeb(Object(Config\Paths))
CRITICAL - 2025-03-06 12:28:10 --> [Caused by] CodeIgniter\Database\Exceptions\DatabaseException: Unknown column 'sort' in 'where clause'
in SYSTEMPATH\Database\MySQLi\Connection.php on line 317.
 1 SYSTEMPATH\Database\BaseConnection.php(734): CodeIgniter\Database\MySQLi\Connection->execute('SELECT COUNT(*) AS `numrows`
FROM `artistas`
WHERE `sort` LIKE \'%nombre%\' ESCAPE \'!\'')
 2 SYSTEMPATH\Database\BaseConnection.php(648): CodeIgniter\Database\BaseConnection->simpleQuery('SELECT COUNT(*) AS `numrows`
FROM `artistas`
WHERE `sort` LIKE \'%nombre%\' ESCAPE \'!\'')
 3 SYSTEMPATH\Database\BaseBuilder.php(1728): CodeIgniter\Database\BaseConnection->query('SELECT COUNT(*) AS `numrows`
FROM `artistas`
WHERE `sort` LIKE :sort: ESCAPE \'!\'', [...], false)
 4 SYSTEMPATH\Model.php(678): CodeIgniter\Database\BaseBuilder->countAllResults(false)
 5 SYSTEMPATH\BaseModel.php(1284): CodeIgniter\Model->countAllResults(false)
 6 APPPATH\Controllers\ArtistaController.php(22): CodeIgniter\BaseModel->paginate(10, 'default', 1)
 7 SYSTEMPATH\CodeIgniter.php(933): App\Controllers\ArtistaController->index()
 8 SYSTEMPATH\CodeIgniter.php(509): CodeIgniter\CodeIgniter->runController(Object(App\Controllers\ArtistaController))
 9 SYSTEMPATH\CodeIgniter.php(355): CodeIgniter\CodeIgniter->handleRequest(null, Object(Config\Cache), false)
10 SYSTEMPATH\Boot.php(325): CodeIgniter\CodeIgniter->run()
11 SYSTEMPATH\Boot.php(67): CodeIgniter\Boot::runCodeIgniter(Object(CodeIgniter\CodeIgniter))
12 FCPATH\index.php(56): CodeIgniter\Boot::bootWeb(Object(Config\Paths))
CRITICAL - 2025-03-06 12:28:10 --> [Caused by] mysqli_sql_exception: Unknown column 'sort' in 'where clause'
in SYSTEMPATH\Database\MySQLi\Connection.php on line 312.
 1 SYSTEMPATH\Database\MySQLi\Connection.php(312): mysqli->query('SELECT COUNT(*) AS `numrows`
FROM `artistas`
WHERE `sort` LIKE \'%nombre%\' ESCAPE \'!\'', 0)
 2 SYSTEMPATH\Database\BaseConnection.php(734): CodeIgniter\Database\MySQLi\Connection->execute('SELECT COUNT(*) AS `numrows`
FROM `artistas`
WHERE `sort` LIKE \'%nombre%\' ESCAPE \'!\'')
 3 SYSTEMPATH\Database\BaseConnection.php(648): CodeIgniter\Database\BaseConnection->simpleQuery('SELECT COUNT(*) AS `numrows`
FROM `artistas`
WHERE `sort` LIKE \'%nombre%\' ESCAPE \'!\'')
 4 SYSTEMPATH\Database\BaseBuilder.php(1728): CodeIgniter\Database\BaseConnection->query('SELECT COUNT(*) AS `numrows`
FROM `artistas`
WHERE `sort` LIKE :sort: ESCAPE \'!\'', [...], false)
 5 SYSTEMPATH\Model.php(678): CodeIgniter\Database\BaseBuilder->countAllResults(false)
 6 SYSTEMPATH\BaseModel.php(1284): CodeIgniter\Model->countAllResults(false)
 7 APPPATH\Controllers\ArtistaController.php(22): CodeIgniter\BaseModel->paginate(10, 'default', 1)
 8 SYSTEMPATH\CodeIgniter.php(933): App\Controllers\ArtistaController->index()
 9 SYSTEMPATH\CodeIgniter.php(509): CodeIgniter\CodeIgniter->runController(Object(App\Controllers\ArtistaController))
10 SYSTEMPATH\CodeIgniter.php(355): CodeIgniter\CodeIgniter->handleRequest(null, Object(Config\Cache), false)
11 SYSTEMPATH\Boot.php(325): CodeIgniter\CodeIgniter->run()
12 SYSTEMPATH\Boot.php(67): CodeIgniter\Boot::runCodeIgniter(Object(CodeIgniter\CodeIgniter))
13 FCPATH\index.php(56): CodeIgniter\Boot::bootWeb(Object(Config\Paths))
ERROR - 2025-03-06 12:30:14 --> mysqli_sql_exception: Unknown column 'created_at' in 'order clause' in C:\xampp2\htdocs\codeignaiter\system\Database\MySQLi\Connection.php:312
Stack trace:
#0 C:\xampp2\htdocs\codeignaiter\system\Database\MySQLi\Connection.php(312): mysqli->query('SELECT *\nFROM `...', 0)
#1 C:\xampp2\htdocs\codeignaiter\system\Database\BaseConnection.php(734): CodeIgniter\Database\MySQLi\Connection->execute('SELECT *\nFROM `...')
#2 C:\xampp2\htdocs\codeignaiter\system\Database\BaseConnection.php(648): CodeIgniter\Database\BaseConnection->simpleQuery('SELECT *\nFROM `...')
#3 C:\xampp2\htdocs\codeignaiter\system\Database\BaseBuilder.php(1644): CodeIgniter\Database\BaseConnection->query('SELECT *\nFROM `...', Array, false)
#4 C:\xampp2\htdocs\codeignaiter\system\Model.php(286): CodeIgniter\Database\BaseBuilder->get()
#5 C:\xampp2\htdocs\codeignaiter\system\BaseModel.php(676): CodeIgniter\Model->doFindAll(10, 0)
#6 C:\xampp2\htdocs\codeignaiter\system\BaseModel.php(1288): CodeIgniter\BaseModel->findAll(10, 0)
#7 C:\xampp2\htdocs\codeignaiter\app\Controllers\ArtistaController.php(25): CodeIgniter\BaseModel->paginate(10, 'default', 1)
#8 C:\xampp2\htdocs\codeignaiter\system\CodeIgniter.php(933): App\Controllers\ArtistaController->index()
#9 C:\xampp2\htdocs\codeignaiter\system\CodeIgniter.php(509): CodeIgniter\CodeIgniter->runController(Object(App\Controllers\ArtistaController))
#10 C:\xampp2\htdocs\codeignaiter\system\CodeIgniter.php(355): CodeIgniter\CodeIgniter->handleRequest(NULL, Object(Config\Cache), false)
#11 C:\xampp2\htdocs\codeignaiter\system\Boot.php(325): CodeIgniter\CodeIgniter->run()
#12 C:\xampp2\htdocs\codeignaiter\system\Boot.php(67): CodeIgniter\Boot::runCodeIgniter(Object(CodeIgniter\CodeIgniter))
#13 C:\xampp2\htdocs\codeignaiter\public\index.php(56): CodeIgniter\Boot::bootWeb(Object(Config\Paths))
#14 {main}
CRITICAL - 2025-03-06 12:30:14 --> CodeIgniter\Database\Exceptions\DatabaseException: Unknown column 'created_at' in 'order clause'
[Method: GET, Route: artistas]
in SYSTEMPATH\Database\BaseConnection.php on line 688.
 1 SYSTEMPATH\Database\BaseBuilder.php(1644): CodeIgniter\Database\BaseConnection->query('SELECT *
FROM `artistas`
ORDER BY `created_at` ASC
 LIMIT 10', [], false)
 2 SYSTEMPATH\Model.php(286): CodeIgniter\Database\BaseBuilder->get()
 3 SYSTEMPATH\BaseModel.php(676): CodeIgniter\Model->doFindAll(10, 0)
 4 SYSTEMPATH\BaseModel.php(1288): CodeIgniter\BaseModel->findAll(10, 0)
 5 APPPATH\Controllers\ArtistaController.php(25): CodeIgniter\BaseModel->paginate(10, 'default', 1)
 6 SYSTEMPATH\CodeIgniter.php(933): App\Controllers\ArtistaController->index()
 7 SYSTEMPATH\CodeIgniter.php(509): CodeIgniter\CodeIgniter->runController(Object(App\Controllers\ArtistaController))
 8 SYSTEMPATH\CodeIgniter.php(355): CodeIgniter\CodeIgniter->handleRequest(null, Object(Config\Cache), false)
 9 SYSTEMPATH\Boot.php(325): CodeIgniter\CodeIgniter->run()
10 SYSTEMPATH\Boot.php(67): CodeIgniter\Boot::runCodeIgniter(Object(CodeIgniter\CodeIgniter))
11 FCPATH\index.php(56): CodeIgniter\Boot::bootWeb(Object(Config\Paths))
CRITICAL - 2025-03-06 12:30:14 --> [Caused by] CodeIgniter\Database\Exceptions\DatabaseException: Unknown column 'created_at' in 'order clause'
in SYSTEMPATH\Database\MySQLi\Connection.php on line 317.
 1 SYSTEMPATH\Database\BaseConnection.php(734): CodeIgniter\Database\MySQLi\Connection->execute('SELECT *
FROM `artistas`
ORDER BY `created_at` ASC
 LIMIT 10')
 2 SYSTEMPATH\Database\BaseConnection.php(648): CodeIgniter\Database\BaseConnection->simpleQuery('SELECT *
FROM `artistas`
ORDER BY `created_at` ASC
 LIMIT 10')
 3 SYSTEMPATH\Database\BaseBuilder.php(1644): CodeIgniter\Database\BaseConnection->query('SELECT *
FROM `artistas`
ORDER BY `created_at` ASC
 LIMIT 10', [], false)
 4 SYSTEMPATH\Model.php(286): CodeIgniter\Database\BaseBuilder->get()
 5 SYSTEMPATH\BaseModel.php(676): CodeIgniter\Model->doFindAll(10, 0)
 6 SYSTEMPATH\BaseModel.php(1288): CodeIgniter\BaseModel->findAll(10, 0)
 7 APPPATH\Controllers\ArtistaController.php(25): CodeIgniter\BaseModel->paginate(10, 'default', 1)
 8 SYSTEMPATH\CodeIgniter.php(933): App\Controllers\ArtistaController->index()
 9 SYSTEMPATH\CodeIgniter.php(509): CodeIgniter\CodeIgniter->runController(Object(App\Controllers\ArtistaController))
10 SYSTEMPATH\CodeIgniter.php(355): CodeIgniter\CodeIgniter->handleRequest(null, Object(Config\Cache), false)
11 SYSTEMPATH\Boot.php(325): CodeIgniter\CodeIgniter->run()
12 SYSTEMPATH\Boot.php(67): CodeIgniter\Boot::runCodeIgniter(Object(CodeIgniter\CodeIgniter))
13 FCPATH\index.php(56): CodeIgniter\Boot::bootWeb(Object(Config\Paths))
CRITICAL - 2025-03-06 12:30:14 --> [Caused by] mysqli_sql_exception: Unknown column 'created_at' in 'order clause'
in SYSTEMPATH\Database\MySQLi\Connection.php on line 312.
 1 SYSTEMPATH\Database\MySQLi\Connection.php(312): mysqli->query('SELECT *
FROM `artistas`
ORDER BY `created_at` ASC
 LIMIT 10', 0)
 2 SYSTEMPATH\Database\BaseConnection.php(734): CodeIgniter\Database\MySQLi\Connection->execute('SELECT *
FROM `artistas`
ORDER BY `created_at` ASC
 LIMIT 10')
 3 SYSTEMPATH\Database\BaseConnection.php(648): CodeIgniter\Database\BaseConnection->simpleQuery('SELECT *
FROM `artistas`
ORDER BY `created_at` ASC
 LIMIT 10')
 4 SYSTEMPATH\Database\BaseBuilder.php(1644): CodeIgniter\Database\BaseConnection->query('SELECT *
FROM `artistas`
ORDER BY `created_at` ASC
 LIMIT 10', [], false)
 5 SYSTEMPATH\Model.php(286): CodeIgniter\Database\BaseBuilder->get()
 6 SYSTEMPATH\BaseModel.php(676): CodeIgniter\Model->doFindAll(10, 0)
 7 SYSTEMPATH\BaseModel.php(1288): CodeIgniter\BaseModel->findAll(10, 0)
 8 APPPATH\Controllers\ArtistaController.php(25): CodeIgniter\BaseModel->paginate(10, 'default', 1)
 9 SYSTEMPATH\CodeIgniter.php(933): App\Controllers\ArtistaController->index()
10 SYSTEMPATH\CodeIgniter.php(509): CodeIgniter\CodeIgniter->runController(Object(App\Controllers\ArtistaController))
11 SYSTEMPATH\CodeIgniter.php(355): CodeIgniter\CodeIgniter->handleRequest(null, Object(Config\Cache), false)
12 SYSTEMPATH\Boot.php(325): CodeIgniter\CodeIgniter->run()
13 SYSTEMPATH\Boot.php(67): CodeIgniter\Boot::runCodeIgniter(Object(CodeIgniter\CodeIgniter))
14 FCPATH\index.php(56): CodeIgniter\Boot::bootWeb(Object(Config\Paths))
ERROR - 2025-03-06 12:32:10 --> mysqli_sql_exception: Unknown column 'created_at' in 'order clause' in C:\xampp2\htdocs\codeignaiter\system\Database\MySQLi\Connection.php:312
Stack trace:
#0 C:\xampp2\htdocs\codeignaiter\system\Database\MySQLi\Connection.php(312): mysqli->query('SELECT *\nFROM `...', 0)
#1 C:\xampp2\htdocs\codeignaiter\system\Database\BaseConnection.php(734): CodeIgniter\Database\MySQLi\Connection->execute('SELECT *\nFROM `...')
#2 C:\xampp2\htdocs\codeignaiter\system\Database\BaseConnection.php(648): CodeIgniter\Database\BaseConnection->simpleQuery('SELECT *\nFROM `...')
#3 C:\xampp2\htdocs\codeignaiter\system\Database\BaseBuilder.php(1644): CodeIgniter\Database\BaseConnection->query('SELECT *\nFROM `...', Array, false)
#4 C:\xampp2\htdocs\codeignaiter\system\Model.php(286): CodeIgniter\Database\BaseBuilder->get()
#5 C:\xampp2\htdocs\codeignaiter\system\BaseModel.php(676): CodeIgniter\Model->doFindAll(10, 0)
#6 C:\xampp2\htdocs\codeignaiter\system\BaseModel.php(1288): CodeIgniter\BaseModel->findAll(10, 0)
#7 C:\xampp2\htdocs\codeignaiter\app\Controllers\ArtistaController.php(25): CodeIgniter\BaseModel->paginate(10, 'default', 1)
#8 C:\xampp2\htdocs\codeignaiter\system\CodeIgniter.php(933): App\Controllers\ArtistaController->index()
#9 C:\xampp2\htdocs\codeignaiter\system\CodeIgniter.php(509): CodeIgniter\CodeIgniter->runController(Object(App\Controllers\ArtistaController))
#10 C:\xampp2\htdocs\codeignaiter\system\CodeIgniter.php(355): CodeIgniter\CodeIgniter->handleRequest(NULL, Object(Config\Cache), false)
#11 C:\xampp2\htdocs\codeignaiter\system\Boot.php(325): CodeIgniter\CodeIgniter->run()
#12 C:\xampp2\htdocs\codeignaiter\system\Boot.php(67): CodeIgniter\Boot::runCodeIgniter(Object(CodeIgniter\CodeIgniter))
#13 C:\xampp2\htdocs\codeignaiter\public\index.php(56): CodeIgniter\Boot::bootWeb(Object(Config\Paths))
#14 {main}
CRITICAL - 2025-03-06 12:32:10 --> CodeIgniter\Database\Exceptions\DatabaseException: Unknown column 'created_at' in 'order clause'
[Method: GET, Route: artistas]
in SYSTEMPATH\Database\BaseConnection.php on line 688.
 1 SYSTEMPATH\Database\BaseBuilder.php(1644): CodeIgniter\Database\BaseConnection->query('SELECT *
FROM `artistas`
ORDER BY `created_at` ASC
 LIMIT 10', [], false)
 2 SYSTEMPATH\Model.php(286): CodeIgniter\Database\BaseBuilder->get()
 3 SYSTEMPATH\BaseModel.php(676): CodeIgniter\Model->doFindAll(10, 0)
 4 SYSTEMPATH\BaseModel.php(1288): CodeIgniter\BaseModel->findAll(10, 0)
 5 APPPATH\Controllers\ArtistaController.php(25): CodeIgniter\BaseModel->paginate(10, 'default', 1)
 6 SYSTEMPATH\CodeIgniter.php(933): App\Controllers\ArtistaController->index()
 7 SYSTEMPATH\CodeIgniter.php(509): CodeIgniter\CodeIgniter->runController(Object(App\Controllers\ArtistaController))
 8 SYSTEMPATH\CodeIgniter.php(355): CodeIgniter\CodeIgniter->handleRequest(null, Object(Config\Cache), false)
 9 SYSTEMPATH\Boot.php(325): CodeIgniter\CodeIgniter->run()
10 SYSTEMPATH\Boot.php(67): CodeIgniter\Boot::runCodeIgniter(Object(CodeIgniter\CodeIgniter))
11 FCPATH\index.php(56): CodeIgniter\Boot::bootWeb(Object(Config\Paths))
CRITICAL - 2025-03-06 12:32:10 --> [Caused by] CodeIgniter\Database\Exceptions\DatabaseException: Unknown column 'created_at' in 'order clause'
in SYSTEMPATH\Database\MySQLi\Connection.php on line 317.
 1 SYSTEMPATH\Database\BaseConnection.php(734): CodeIgniter\Database\MySQLi\Connection->execute('SELECT *
FROM `artistas`
ORDER BY `created_at` ASC
 LIMIT 10')
 2 SYSTEMPATH\Database\BaseConnection.php(648): CodeIgniter\Database\BaseConnection->simpleQuery('SELECT *
FROM `artistas`
ORDER BY `created_at` ASC
 LIMIT 10')
 3 SYSTEMPATH\Database\BaseBuilder.php(1644): CodeIgniter\Database\BaseConnection->query('SELECT *
FROM `artistas`
ORDER BY `created_at` ASC
 LIMIT 10', [], false)
 4 SYSTEMPATH\Model.php(286): CodeIgniter\Database\BaseBuilder->get()
 5 SYSTEMPATH\BaseModel.php(676): CodeIgniter\Model->doFindAll(10, 0)
 6 SYSTEMPATH\BaseModel.php(1288): CodeIgniter\BaseModel->findAll(10, 0)
 7 APPPATH\Controllers\ArtistaController.php(25): CodeIgniter\BaseModel->paginate(10, 'default', 1)
 8 SYSTEMPATH\CodeIgniter.php(933): App\Controllers\ArtistaController->index()
 9 SYSTEMPATH\CodeIgniter.php(509): CodeIgniter\CodeIgniter->runController(Object(App\Controllers\ArtistaController))
10 SYSTEMPATH\CodeIgniter.php(355): CodeIgniter\CodeIgniter->handleRequest(null, Object(Config\Cache), false)
11 SYSTEMPATH\Boot.php(325): CodeIgniter\CodeIgniter->run()
12 SYSTEMPATH\Boot.php(67): CodeIgniter\Boot::runCodeIgniter(Object(CodeIgniter\CodeIgniter))
13 FCPATH\index.php(56): CodeIgniter\Boot::bootWeb(Object(Config\Paths))
CRITICAL - 2025-03-06 12:32:10 --> [Caused by] mysqli_sql_exception: Unknown column 'created_at' in 'order clause'
in SYSTEMPATH\Database\MySQLi\Connection.php on line 312.
 1 SYSTEMPATH\Database\MySQLi\Connection.php(312): mysqli->query('SELECT *
FROM `artistas`
ORDER BY `created_at` ASC
 LIMIT 10', 0)
 2 SYSTEMPATH\Database\BaseConnection.php(734): CodeIgniter\Database\MySQLi\Connection->execute('SELECT *
FROM `artistas`
ORDER BY `created_at` ASC
 LIMIT 10')
 3 SYSTEMPATH\Database\BaseConnection.php(648): CodeIgniter\Database\BaseConnection->simpleQuery('SELECT *
FROM `artistas`
ORDER BY `created_at` ASC
 LIMIT 10')
 4 SYSTEMPATH\Database\BaseBuilder.php(1644): CodeIgniter\Database\BaseConnection->query('SELECT *
FROM `artistas`
ORDER BY `created_at` ASC
 LIMIT 10', [], false)
 5 SYSTEMPATH\Model.php(286): CodeIgniter\Database\BaseBuilder->get()
 6 SYSTEMPATH\BaseModel.php(676): CodeIgniter\Model->doFindAll(10, 0)
 7 SYSTEMPATH\BaseModel.php(1288): CodeIgniter\BaseModel->findAll(10, 0)
 8 APPPATH\Controllers\ArtistaController.php(25): CodeIgniter\BaseModel->paginate(10, 'default', 1)
 9 SYSTEMPATH\CodeIgniter.php(933): App\Controllers\ArtistaController->index()
10 SYSTEMPATH\CodeIgniter.php(509): CodeIgniter\CodeIgniter->runController(Object(App\Controllers\ArtistaController))
11 SYSTEMPATH\CodeIgniter.php(355): CodeIgniter\CodeIgniter->handleRequest(null, Object(Config\Cache), false)
12 SYSTEMPATH\Boot.php(325): CodeIgniter\CodeIgniter->run()
13 SYSTEMPATH\Boot.php(67): CodeIgniter\Boot::runCodeIgniter(Object(CodeIgniter\CodeIgniter))
14 FCPATH\index.php(56): CodeIgniter\Boot::bootWeb(Object(Config\Paths))
ERROR - 2025-03-06 12:32:19 --> mysqli_sql_exception: Unknown column 'created_at' in 'order clause' in C:\xampp2\htdocs\codeignaiter\system\Database\MySQLi\Connection.php:312
Stack trace:
#0 C:\xampp2\htdocs\codeignaiter\system\Database\MySQLi\Connection.php(312): mysqli->query('SELECT *\nFROM `...', 0)
#1 C:\xampp2\htdocs\codeignaiter\system\Database\BaseConnection.php(734): CodeIgniter\Database\MySQLi\Connection->execute('SELECT *\nFROM `...')
#2 C:\xampp2\htdocs\codeignaiter\system\Database\BaseConnection.php(648): CodeIgniter\Database\BaseConnection->simpleQuery('SELECT *\nFROM `...')
#3 C:\xampp2\htdocs\codeignaiter\system\Database\BaseBuilder.php(1644): CodeIgniter\Database\BaseConnection->query('SELECT *\nFROM `...', Array, false)
#4 C:\xampp2\htdocs\codeignaiter\system\Model.php(286): CodeIgniter\Database\BaseBuilder->get()
#5 C:\xampp2\htdocs\codeignaiter\system\BaseModel.php(676): CodeIgniter\Model->doFindAll(10, 0)
#6 C:\xampp2\htdocs\codeignaiter\system\BaseModel.php(1288): CodeIgniter\BaseModel->findAll(10, 0)
#7 C:\xampp2\htdocs\codeignaiter\app\Controllers\ArtistaController.php(25): CodeIgniter\BaseModel->paginate(10, 'default', 1)
#8 C:\xampp2\htdocs\codeignaiter\system\CodeIgniter.php(933): App\Controllers\ArtistaController->index()
#9 C:\xampp2\htdocs\codeignaiter\system\CodeIgniter.php(509): CodeIgniter\CodeIgniter->runController(Object(App\Controllers\ArtistaController))
#10 C:\xampp2\htdocs\codeignaiter\system\CodeIgniter.php(355): CodeIgniter\CodeIgniter->handleRequest(NULL, Object(Config\Cache), false)
#11 C:\xampp2\htdocs\codeignaiter\system\Boot.php(325): CodeIgniter\CodeIgniter->run()
#12 C:\xampp2\htdocs\codeignaiter\system\Boot.php(67): CodeIgniter\Boot::runCodeIgniter(Object(CodeIgniter\CodeIgniter))
#13 C:\xampp2\htdocs\codeignaiter\public\index.php(56): CodeIgniter\Boot::bootWeb(Object(Config\Paths))
#14 {main}
CRITICAL - 2025-03-06 12:32:19 --> CodeIgniter\Database\Exceptions\DatabaseException: Unknown column 'created_at' in 'order clause'
[Method: GET, Route: artistas]
in SYSTEMPATH\Database\BaseConnection.php on line 688.
 1 SYSTEMPATH\Database\BaseBuilder.php(1644): CodeIgniter\Database\BaseConnection->query('SELECT *
FROM `artistas`
ORDER BY `created_at` ASC
 LIMIT 10', [], false)
 2 SYSTEMPATH\Model.php(286): CodeIgniter\Database\BaseBuilder->get()
 3 SYSTEMPATH\BaseModel.php(676): CodeIgniter\Model->doFindAll(10, 0)
 4 SYSTEMPATH\BaseModel.php(1288): CodeIgniter\BaseModel->findAll(10, 0)
 5 APPPATH\Controllers\ArtistaController.php(25): CodeIgniter\BaseModel->paginate(10, 'default', 1)
 6 SYSTEMPATH\CodeIgniter.php(933): App\Controllers\ArtistaController->index()
 7 SYSTEMPATH\CodeIgniter.php(509): CodeIgniter\CodeIgniter->runController(Object(App\Controllers\ArtistaController))
 8 SYSTEMPATH\CodeIgniter.php(355): CodeIgniter\CodeIgniter->handleRequest(null, Object(Config\Cache), false)
 9 SYSTEMPATH\Boot.php(325): CodeIgniter\CodeIgniter->run()
10 SYSTEMPATH\Boot.php(67): CodeIgniter\Boot::runCodeIgniter(Object(CodeIgniter\CodeIgniter))
11 FCPATH\index.php(56): CodeIgniter\Boot::bootWeb(Object(Config\Paths))
CRITICAL - 2025-03-06 12:32:19 --> [Caused by] CodeIgniter\Database\Exceptions\DatabaseException: Unknown column 'created_at' in 'order clause'
in SYSTEMPATH\Database\MySQLi\Connection.php on line 317.
 1 SYSTEMPATH\Database\BaseConnection.php(734): CodeIgniter\Database\MySQLi\Connection->execute('SELECT *
FROM `artistas`
ORDER BY `created_at` ASC
 LIMIT 10')
 2 SYSTEMPATH\Database\BaseConnection.php(648): CodeIgniter\Database\BaseConnection->simpleQuery('SELECT *
FROM `artistas`
ORDER BY `created_at` ASC
 LIMIT 10')
 3 SYSTEMPATH\Database\BaseBuilder.php(1644): CodeIgniter\Database\BaseConnection->query('SELECT *
FROM `artistas`
ORDER BY `created_at` ASC
 LIMIT 10', [], false)
 4 SYSTEMPATH\Model.php(286): CodeIgniter\Database\BaseBuilder->get()
 5 SYSTEMPATH\BaseModel.php(676): CodeIgniter\Model->doFindAll(10, 0)
 6 SYSTEMPATH\BaseModel.php(1288): CodeIgniter\BaseModel->findAll(10, 0)
 7 APPPATH\Controllers\ArtistaController.php(25): CodeIgniter\BaseModel->paginate(10, 'default', 1)
 8 SYSTEMPATH\CodeIgniter.php(933): App\Controllers\ArtistaController->index()
 9 SYSTEMPATH\CodeIgniter.php(509): CodeIgniter\CodeIgniter->runController(Object(App\Controllers\ArtistaController))
10 SYSTEMPATH\CodeIgniter.php(355): CodeIgniter\CodeIgniter->handleRequest(null, Object(Config\Cache), false)
11 SYSTEMPATH\Boot.php(325): CodeIgniter\CodeIgniter->run()
12 SYSTEMPATH\Boot.php(67): CodeIgniter\Boot::runCodeIgniter(Object(CodeIgniter\CodeIgniter))
13 FCPATH\index.php(56): CodeIgniter\Boot::bootWeb(Object(Config\Paths))
CRITICAL - 2025-03-06 12:32:19 --> [Caused by] mysqli_sql_exception: Unknown column 'created_at' in 'order clause'
in SYSTEMPATH\Database\MySQLi\Connection.php on line 312.
 1 SYSTEMPATH\Database\MySQLi\Connection.php(312): mysqli->query('SELECT *
FROM `artistas`
ORDER BY `created_at` ASC
 LIMIT 10', 0)
 2 SYSTEMPATH\Database\BaseConnection.php(734): CodeIgniter\Database\MySQLi\Connection->execute('SELECT *
FROM `artistas`
ORDER BY `created_at` ASC
 LIMIT 10')
 3 SYSTEMPATH\Database\BaseConnection.php(648): CodeIgniter\Database\BaseConnection->simpleQuery('SELECT *
FROM `artistas`
ORDER BY `created_at` ASC
 LIMIT 10')
 4 SYSTEMPATH\Database\BaseBuilder.php(1644): CodeIgniter\Database\BaseConnection->query('SELECT *
FROM `artistas`
ORDER BY `created_at` ASC
 LIMIT 10', [], false)
 5 SYSTEMPATH\Model.php(286): CodeIgniter\Database\BaseBuilder->get()
 6 SYSTEMPATH\BaseModel.php(676): CodeIgniter\Model->doFindAll(10, 0)
 7 SYSTEMPATH\BaseModel.php(1288): CodeIgniter\BaseModel->findAll(10, 0)
 8 APPPATH\Controllers\ArtistaController.php(25): CodeIgniter\BaseModel->paginate(10, 'default', 1)
 9 SYSTEMPATH\CodeIgniter.php(933): App\Controllers\ArtistaController->index()
10 SYSTEMPATH\CodeIgniter.php(509): CodeIgniter\CodeIgniter->runController(Object(App\Controllers\ArtistaController))
11 SYSTEMPATH\CodeIgniter.php(355): CodeIgniter\CodeIgniter->handleRequest(null, Object(Config\Cache), false)
12 SYSTEMPATH\Boot.php(325): CodeIgniter\CodeIgniter->run()
13 SYSTEMPATH\Boot.php(67): CodeIgniter\Boot::runCodeIgniter(Object(CodeIgniter\CodeIgniter))
14 FCPATH\index.php(56): CodeIgniter\Boot::bootWeb(Object(Config\Paths))
ERROR - 2025-03-06 12:43:57 --> mysqli_sql_exception: Unknown column 'page' in 'where clause' in C:\xampp2\htdocs\codeignaiter\system\Database\MySQLi\Connection.php:312
Stack trace:
#0 C:\xampp2\htdocs\codeignaiter\system\Database\MySQLi\Connection.php(312): mysqli->query('SELECT COUNT(*)...', 0)
#1 C:\xampp2\htdocs\codeignaiter\system\Database\BaseConnection.php(734): CodeIgniter\Database\MySQLi\Connection->execute('SELECT COUNT(*)...')
#2 C:\xampp2\htdocs\codeignaiter\system\Database\BaseConnection.php(648): CodeIgniter\Database\BaseConnection->simpleQuery('SELECT COUNT(*)...')
#3 C:\xampp2\htdocs\codeignaiter\system\Database\BaseBuilder.php(1728): CodeIgniter\Database\BaseConnection->query('SELECT COUNT(*)...', Array, false)
#4 C:\xampp2\htdocs\codeignaiter\system\Model.php(678): CodeIgniter\Database\BaseBuilder->countAllResults(false)
#5 C:\xampp2\htdocs\codeignaiter\system\BaseModel.php(1284): CodeIgniter\Model->countAllResults(false)
#6 C:\xampp2\htdocs\codeignaiter\app\Controllers\ArtistaController.php(27): CodeIgniter\BaseModel->paginate(10, 'default', 1)
#7 C:\xampp2\htdocs\codeignaiter\system\CodeIgniter.php(933): App\Controllers\ArtistaController->index()
#8 C:\xampp2\htdocs\codeignaiter\system\CodeIgniter.php(509): CodeIgniter\CodeIgniter->runController(Object(App\Controllers\ArtistaController))
#9 C:\xampp2\htdocs\codeignaiter\system\CodeIgniter.php(355): CodeIgniter\CodeIgniter->handleRequest(NULL, Object(Config\Cache), false)
#10 C:\xampp2\htdocs\codeignaiter\system\Boot.php(325): CodeIgniter\CodeIgniter->run()
#11 C:\xampp2\htdocs\codeignaiter\system\Boot.php(67): CodeIgniter\Boot::runCodeIgniter(Object(CodeIgniter\CodeIgniter))
#12 C:\xampp2\htdocs\codeignaiter\public\index.php(56): CodeIgniter\Boot::bootWeb(Object(Config\Paths))
#13 {main}
CRITICAL - 2025-03-06 12:43:57 --> CodeIgniter\Database\Exceptions\DatabaseException: Unknown column 'page' in 'where clause'
[Method: GET, Route: artistas]
in SYSTEMPATH\Database\BaseConnection.php on line 688.
 1 SYSTEMPATH\Database\BaseBuilder.php(1728): CodeIgniter\Database\BaseConnection->query('SELECT COUNT(*) AS `numrows`
FROM `artistas`
WHERE `page` LIKE :page: ESCAPE \'!\'', [...], false)
 2 SYSTEMPATH\Model.php(678): CodeIgniter\Database\BaseBuilder->countAllResults(false)
 3 SYSTEMPATH\BaseModel.php(1284): CodeIgniter\Model->countAllResults(false)
 4 APPPATH\Controllers\ArtistaController.php(27): CodeIgniter\BaseModel->paginate(10, 'default', 1)
 5 SYSTEMPATH\CodeIgniter.php(933): App\Controllers\ArtistaController->index()
 6 SYSTEMPATH\CodeIgniter.php(509): CodeIgniter\CodeIgniter->runController(Object(App\Controllers\ArtistaController))
 7 SYSTEMPATH\CodeIgniter.php(355): CodeIgniter\CodeIgniter->handleRequest(null, Object(Config\Cache), false)
 8 SYSTEMPATH\Boot.php(325): CodeIgniter\CodeIgniter->run()
 9 SYSTEMPATH\Boot.php(67): CodeIgniter\Boot::runCodeIgniter(Object(CodeIgniter\CodeIgniter))
10 FCPATH\index.php(56): CodeIgniter\Boot::bootWeb(Object(Config\Paths))
CRITICAL - 2025-03-06 12:43:57 --> [Caused by] CodeIgniter\Database\Exceptions\DatabaseException: Unknown column 'page' in 'where clause'
in SYSTEMPATH\Database\MySQLi\Connection.php on line 317.
 1 SYSTEMPATH\Database\BaseConnection.php(734): CodeIgniter\Database\MySQLi\Connection->execute('SELECT COUNT(*) AS `numrows`
FROM `artistas`
WHERE `page` LIKE \'%1%\' ESCAPE \'!\'')
 2 SYSTEMPATH\Database\BaseConnection.php(648): CodeIgniter\Database\BaseConnection->simpleQuery('SELECT COUNT(*) AS `numrows`
FROM `artistas`
WHERE `page` LIKE \'%1%\' ESCAPE \'!\'')
 3 SYSTEMPATH\Database\BaseBuilder.php(1728): CodeIgniter\Database\BaseConnection->query('SELECT COUNT(*) AS `numrows`
FROM `artistas`
WHERE `page` LIKE :page: ESCAPE \'!\'', [...], false)
 4 SYSTEMPATH\Model.php(678): CodeIgniter\Database\BaseBuilder->countAllResults(false)
 5 SYSTEMPATH\BaseModel.php(1284): CodeIgniter\Model->countAllResults(false)
 6 APPPATH\Controllers\ArtistaController.php(27): CodeIgniter\BaseModel->paginate(10, 'default', 1)
 7 SYSTEMPATH\CodeIgniter.php(933): App\Controllers\ArtistaController->index()
 8 SYSTEMPATH\CodeIgniter.php(509): CodeIgniter\CodeIgniter->runController(Object(App\Controllers\ArtistaController))
 9 SYSTEMPATH\CodeIgniter.php(355): CodeIgniter\CodeIgniter->handleRequest(null, Object(Config\Cache), false)
10 SYSTEMPATH\Boot.php(325): CodeIgniter\CodeIgniter->run()
11 SYSTEMPATH\Boot.php(67): CodeIgniter\Boot::runCodeIgniter(Object(CodeIgniter\CodeIgniter))
12 FCPATH\index.php(56): CodeIgniter\Boot::bootWeb(Object(Config\Paths))
CRITICAL - 2025-03-06 12:43:57 --> [Caused by] mysqli_sql_exception: Unknown column 'page' in 'where clause'
in SYSTEMPATH\Database\MySQLi\Connection.php on line 312.
 1 SYSTEMPATH\Database\MySQLi\Connection.php(312): mysqli->query('SELECT COUNT(*) AS `numrows`
FROM `artistas`
WHERE `page` LIKE \'%1%\' ESCAPE \'!\'', 0)
 2 SYSTEMPATH\Database\BaseConnection.php(734): CodeIgniter\Database\MySQLi\Connection->execute('SELECT COUNT(*) AS `numrows`
FROM `artistas`
WHERE `page` LIKE \'%1%\' ESCAPE \'!\'')
 3 SYSTEMPATH\Database\BaseConnection.php(648): CodeIgniter\Database\BaseConnection->simpleQuery('SELECT COUNT(*) AS `numrows`
FROM `artistas`
WHERE `page` LIKE \'%1%\' ESCAPE \'!\'')
 4 SYSTEMPATH\Database\BaseBuilder.php(1728): CodeIgniter\Database\BaseConnection->query('SELECT COUNT(*) AS `numrows`
FROM `artistas`
WHERE `page` LIKE :page: ESCAPE \'!\'', [...], false)
 5 SYSTEMPATH\Model.php(678): CodeIgniter\Database\BaseBuilder->countAllResults(false)
 6 SYSTEMPATH\BaseModel.php(1284): CodeIgniter\Model->countAllResults(false)
 7 APPPATH\Controllers\ArtistaController.php(27): CodeIgniter\BaseModel->paginate(10, 'default', 1)
 8 SYSTEMPATH\CodeIgniter.php(933): App\Controllers\ArtistaController->index()
 9 SYSTEMPATH\CodeIgniter.php(509): CodeIgniter\CodeIgniter->runController(Object(App\Controllers\ArtistaController))
10 SYSTEMPATH\CodeIgniter.php(355): CodeIgniter\CodeIgniter->handleRequest(null, Object(Config\Cache), false)
11 SYSTEMPATH\Boot.php(325): CodeIgniter\CodeIgniter->run()
12 SYSTEMPATH\Boot.php(67): CodeIgniter\Boot::runCodeIgniter(Object(CodeIgniter\CodeIgniter))
13 FCPATH\index.php(56): CodeIgniter\Boot::bootWeb(Object(Config\Paths))
ERROR - 2025-03-06 12:51:10 --> mysqli_sql_exception: Unknown column 'page' in 'where clause' in C:\xampp2\htdocs\codeignaiter\system\Database\MySQLi\Connection.php:312
Stack trace:
#0 C:\xampp2\htdocs\codeignaiter\system\Database\MySQLi\Connection.php(312): mysqli->query('SELECT COUNT(*)...', 0)
#1 C:\xampp2\htdocs\codeignaiter\system\Database\BaseConnection.php(734): CodeIgniter\Database\MySQLi\Connection->execute('SELECT COUNT(*)...')
#2 C:\xampp2\htdocs\codeignaiter\system\Database\BaseConnection.php(648): CodeIgniter\Database\BaseConnection->simpleQuery('SELECT COUNT(*)...')
#3 C:\xampp2\htdocs\codeignaiter\system\Database\BaseBuilder.php(1728): CodeIgniter\Database\BaseConnection->query('SELECT COUNT(*)...', Array, false)
#4 C:\xampp2\htdocs\codeignaiter\system\Model.php(678): CodeIgniter\Database\BaseBuilder->countAllResults(false)
#5 C:\xampp2\htdocs\codeignaiter\system\BaseModel.php(1284): CodeIgniter\Model->countAllResults(false)
#6 C:\xampp2\htdocs\codeignaiter\app\Controllers\ArtistaController.php(27): CodeIgniter\BaseModel->paginate(10, 'default', 1)
#7 C:\xampp2\htdocs\codeignaiter\system\CodeIgniter.php(933): App\Controllers\ArtistaController->index()
#8 C:\xampp2\htdocs\codeignaiter\system\CodeIgniter.php(509): CodeIgniter\CodeIgniter->runController(Object(App\Controllers\ArtistaController))
#9 C:\xampp2\htdocs\codeignaiter\system\CodeIgniter.php(355): CodeIgniter\CodeIgniter->handleRequest(NULL, Object(Config\Cache), false)
#10 C:\xampp2\htdocs\codeignaiter\system\Boot.php(325): CodeIgniter\CodeIgniter->run()
#11 C:\xampp2\htdocs\codeignaiter\system\Boot.php(67): CodeIgniter\Boot::runCodeIgniter(Object(CodeIgniter\CodeIgniter))
#12 C:\xampp2\htdocs\codeignaiter\public\index.php(56): CodeIgniter\Boot::bootWeb(Object(Config\Paths))
#13 {main}
CRITICAL - 2025-03-06 12:51:10 --> CodeIgniter\Database\Exceptions\DatabaseException: Unknown column 'page' in 'where clause'
[Method: GET, Route: artistas]
in SYSTEMPATH\Database\BaseConnection.php on line 688.
 1 SYSTEMPATH\Database\BaseBuilder.php(1728): CodeIgniter\Database\BaseConnection->query('SELECT COUNT(*) AS `numrows`
FROM `artistas`
WHERE `page` LIKE :page: ESCAPE \'!\'', [...], false)
 2 SYSTEMPATH\Model.php(678): CodeIgniter\Database\BaseBuilder->countAllResults(false)
 3 SYSTEMPATH\BaseModel.php(1284): CodeIgniter\Model->countAllResults(false)
 4 APPPATH\Controllers\ArtistaController.php(27): CodeIgniter\BaseModel->paginate(10, 'default', 1)
 5 SYSTEMPATH\CodeIgniter.php(933): App\Controllers\ArtistaController->index()
 6 SYSTEMPATH\CodeIgniter.php(509): CodeIgniter\CodeIgniter->runController(Object(App\Controllers\ArtistaController))
 7 SYSTEMPATH\CodeIgniter.php(355): CodeIgniter\CodeIgniter->handleRequest(null, Object(Config\Cache), false)
 8 SYSTEMPATH\Boot.php(325): CodeIgniter\CodeIgniter->run()
 9 SYSTEMPATH\Boot.php(67): CodeIgniter\Boot::runCodeIgniter(Object(CodeIgniter\CodeIgniter))
10 FCPATH\index.php(56): CodeIgniter\Boot::bootWeb(Object(Config\Paths))
CRITICAL - 2025-03-06 12:51:10 --> [Caused by] CodeIgniter\Database\Exceptions\DatabaseException: Unknown column 'page' in 'where clause'
in SYSTEMPATH\Database\MySQLi\Connection.php on line 317.
 1 SYSTEMPATH\Database\BaseConnection.php(734): CodeIgniter\Database\MySQLi\Connection->execute('SELECT COUNT(*) AS `numrows`
FROM `artistas`
WHERE `page` LIKE \'%1%\' ESCAPE \'!\'')
 2 SYSTEMPATH\Database\BaseConnection.php(648): CodeIgniter\Database\BaseConnection->simpleQuery('SELECT COUNT(*) AS `numrows`
FROM `artistas`
WHERE `page` LIKE \'%1%\' ESCAPE \'!\'')
 3 SYSTEMPATH\Database\BaseBuilder.php(1728): CodeIgniter\Database\BaseConnection->query('SELECT COUNT(*) AS `numrows`
FROM `artistas`
WHERE `page` LIKE :page: ESCAPE \'!\'', [...], false)
 4 SYSTEMPATH\Model.php(678): CodeIgniter\Database\BaseBuilder->countAllResults(false)
 5 SYSTEMPATH\BaseModel.php(1284): CodeIgniter\Model->countAllResults(false)
 6 APPPATH\Controllers\ArtistaController.php(27): CodeIgniter\BaseModel->paginate(10, 'default', 1)
 7 SYSTEMPATH\CodeIgniter.php(933): App\Controllers\ArtistaController->index()
 8 SYSTEMPATH\CodeIgniter.php(509): CodeIgniter\CodeIgniter->runController(Object(App\Controllers\ArtistaController))
 9 SYSTEMPATH\CodeIgniter.php(355): CodeIgniter\CodeIgniter->handleRequest(null, Object(Config\Cache), false)
10 SYSTEMPATH\Boot.php(325): CodeIgniter\CodeIgniter->run()
11 SYSTEMPATH\Boot.php(67): CodeIgniter\Boot::runCodeIgniter(Object(CodeIgniter\CodeIgniter))
12 FCPATH\index.php(56): CodeIgniter\Boot::bootWeb(Object(Config\Paths))
CRITICAL - 2025-03-06 12:51:10 --> [Caused by] mysqli_sql_exception: Unknown column 'page' in 'where clause'
in SYSTEMPATH\Database\MySQLi\Connection.php on line 312.
 1 SYSTEMPATH\Database\MySQLi\Connection.php(312): mysqli->query('SELECT COUNT(*) AS `numrows`
FROM `artistas`
WHERE `page` LIKE \'%1%\' ESCAPE \'!\'', 0)
 2 SYSTEMPATH\Database\BaseConnection.php(734): CodeIgniter\Database\MySQLi\Connection->execute('SELECT COUNT(*) AS `numrows`
FROM `artistas`
WHERE `page` LIKE \'%1%\' ESCAPE \'!\'')
 3 SYSTEMPATH\Database\BaseConnection.php(648): CodeIgniter\Database\BaseConnection->simpleQuery('SELECT COUNT(*) AS `numrows`
FROM `artistas`
WHERE `page` LIKE \'%1%\' ESCAPE \'!\'')
 4 SYSTEMPATH\Database\BaseBuilder.php(1728): CodeIgniter\Database\BaseConnection->query('SELECT COUNT(*) AS `numrows`
FROM `artistas`
WHERE `page` LIKE :page: ESCAPE \'!\'', [...], false)
 5 SYSTEMPATH\Model.php(678): CodeIgniter\Database\BaseBuilder->countAllResults(false)
 6 SYSTEMPATH\BaseModel.php(1284): CodeIgniter\Model->countAllResults(false)
 7 APPPATH\Controllers\ArtistaController.php(27): CodeIgniter\BaseModel->paginate(10, 'default', 1)
 8 SYSTEMPATH\CodeIgniter.php(933): App\Controllers\ArtistaController->index()
 9 SYSTEMPATH\CodeIgniter.php(509): CodeIgniter\CodeIgniter->runController(Object(App\Controllers\ArtistaController))
10 SYSTEMPATH\CodeIgniter.php(355): CodeIgniter\CodeIgniter->handleRequest(null, Object(Config\Cache), false)
11 SYSTEMPATH\Boot.php(325): CodeIgniter\CodeIgniter->run()
12 SYSTEMPATH\Boot.php(67): CodeIgniter\Boot::runCodeIgniter(Object(CodeIgniter\CodeIgniter))
13 FCPATH\index.php(56): CodeIgniter\Boot::bootWeb(Object(Config\Paths))
INFO - 2025-03-06 12:51:58 --> Session: Class initialized using 'CodeIgniter\Session\Handlers\FileHandler' driver.
INFO - 2025-03-06 12:52:05 --> Session: Class initialized using 'CodeIgniter\Session\Handlers\FileHandler' driver.
INFO - 2025-03-06 12:52:11 --> Session: Class initialized using 'CodeIgniter\Session\Handlers\FileHandler' driver.
INFO - 2025-03-06 12:52:19 --> Session: Class initialized using 'CodeIgniter\Session\Handlers\FileHandler' driver.
INFO - 2025-03-06 12:52:28 --> Session: Class initialized using 'CodeIgniter\Session\Handlers\FileHandler' driver.
INFO - 2025-03-06 12:52:36 --> Session: Class initialized using 'CodeIgniter\Session\Handlers\FileHandler' driver.
INFO - 2025-03-06 12:52:59 --> Session: Class initialized using 'CodeIgniter\Session\Handlers\FileHandler' driver.
INFO - 2025-03-06 13:36:20 --> Session: Class initialized using 'CodeIgniter\Session\Handlers\FileHandler' driver.
INFO - 2025-03-06 13:37:03 --> Session: Class initialized using 'CodeIgniter\Session\Handlers\FileHandler' driver.
INFO - 2025-03-06 14:38:45 --> Session: Class initialized using 'CodeIgniter\Session\Handlers\FileHandler' driver.
INFO - 2025-03-06 14:38:58 --> Session: Class initialized using 'CodeIgniter\Session\Handlers\FileHandler' driver.
INFO - 2025-03-06 14:39:26 --> Session: Class initialized using 'CodeIgniter\Session\Handlers\FileHandler' driver.
INFO - 2025-03-06 14:49:04 --> Session: Class initialized using 'CodeIgniter\Session\Handlers\FileHandler' driver.
INFO - 2025-03-06 14:54:46 --> Session: Class initialized using 'CodeIgniter\Session\Handlers\FileHandler' driver.
INFO - 2025-03-06 14:55:46 --> Session: Class initialized using 'CodeIgniter\Session\Handlers\FileHandler' driver.
INFO - 2025-03-06 14:59:12 --> Session: Class initialized using 'CodeIgniter\Session\Handlers\FileHandler' driver.
INFO - 2025-03-06 15:30:02 --> Session: Class initialized using 'CodeIgniter\Session\Handlers\FileHandler' driver.
INFO - 2025-03-06 15:30:31 --> Session: Class initialized using 'CodeIgniter\Session\Handlers\FileHandler' driver.
INFO - 2025-03-06 15:30:34 --> Session: Class initialized using 'CodeIgniter\Session\Handlers\FileHandler' driver.
INFO - 2025-03-06 15:31:16 --> Session: Class initialized using 'CodeIgniter\Session\Handlers\FileHandler' driver.
INFO - 2025-03-06 15:32:13 --> Session: Class initialized using 'CodeIgniter\Session\Handlers\FileHandler' driver.
INFO - 2025-03-06 15:37:01 --> Session: Class initialized using 'CodeIgniter\Session\Handlers\FileHandler' driver.
INFO - 2025-03-06 15:37:02 --> Session: Class initialized using 'CodeIgniter\Session\Handlers\FileHandler' driver.
INFO - 2025-03-06 15:37:03 --> Session: Class initialized using 'CodeIgniter\Session\Handlers\FileHandler' driver.
INFO - 2025-03-06 15:37:25 --> Session: Class initialized using 'CodeIgniter\Session\Handlers\FileHandler' driver.
INFO - 2025-03-06 15:47:41 --> Session: Class initialized using 'CodeIgniter\Session\Handlers\FileHandler' driver.
INFO - 2025-03-06 15:47:50 --> Session: Class initialized using 'CodeIgniter\Session\Handlers\FileHandler' driver.
INFO - 2025-03-06 15:48:08 --> Session: Class initialized using 'CodeIgniter\Session\Handlers\FileHandler' driver.
INFO - 2025-03-06 15:48:47 --> Session: Class initialized using 'CodeIgniter\Session\Handlers\FileHandler' driver.
INFO - 2025-03-06 15:49:00 --> Session: Class initialized using 'CodeIgniter\Session\Handlers\FileHandler' driver.
INFO - 2025-03-06 15:49:05 --> Session: Class initialized using 'CodeIgniter\Session\Handlers\FileHandler' driver.
INFO - 2025-03-06 15:49:17 --> Session: Class initialized using 'CodeIgniter\Session\Handlers\FileHandler' driver.
INFO - 2025-03-06 15:49:20 --> Session: Class initialized using 'CodeIgniter\Session\Handlers\FileHandler' driver.
INFO - 2025-03-06 16:01:10 --> Session: Class initialized using 'CodeIgniter\Session\Handlers\FileHandler' driver.
INFO - 2025-03-06 16:01:28 --> Session: Class initialized using 'CodeIgniter\Session\Handlers\FileHandler' driver.
INFO - 2025-03-06 16:13:51 --> Session: Class initialized using 'CodeIgniter\Session\Handlers\FileHandler' driver.
INFO - 2025-03-06 16:14:08 --> Session: Class initialized using 'CodeIgniter\Session\Handlers\FileHandler' driver.
ERROR - 2025-03-06 17:50:22 --> mysqli_sql_exception: Unknown column 'created_at' in 'where clause' in C:\xampp2\htdocs\codeignaiter\system\Database\MySQLi\Connection.php:312
Stack trace:
#0 C:\xampp2\htdocs\codeignaiter\system\Database\MySQLi\Connection.php(312): mysqli->query('SELECT COUNT(*)...', 0)
#1 C:\xampp2\htdocs\codeignaiter\system\Database\BaseConnection.php(734): CodeIgniter\Database\MySQLi\Connection->execute('SELECT COUNT(*)...')
#2 C:\xampp2\htdocs\codeignaiter\system\Database\BaseConnection.php(648): CodeIgniter\Database\BaseConnection->simpleQuery('SELECT COUNT(*)...')
#3 C:\xampp2\htdocs\codeignaiter\system\Database\BaseBuilder.php(1728): CodeIgniter\Database\BaseConnection->query('SELECT COUNT(*)...', Array, false)
#4 C:\xampp2\htdocs\codeignaiter\system\Model.php(678): CodeIgniter\Database\BaseBuilder->countAllResults(false)
#5 C:\xampp2\htdocs\codeignaiter\system\BaseModel.php(1284): CodeIgniter\Model->countAllResults(false)
#6 C:\xampp2\htdocs\codeignaiter\app\Controllers\ArtistaController.php(45): CodeIgniter\BaseModel->paginate(10, 'default', 1)
#7 C:\xampp2\htdocs\codeignaiter\system\CodeIgniter.php(933): App\Controllers\ArtistaController->index()
#8 C:\xampp2\htdocs\codeignaiter\system\CodeIgniter.php(509): CodeIgniter\CodeIgniter->runController(Object(App\Controllers\ArtistaController))
#9 C:\xampp2\htdocs\codeignaiter\system\CodeIgniter.php(355): CodeIgniter\CodeIgniter->handleRequest(NULL, Object(Config\Cache), false)
#10 C:\xampp2\htdocs\codeignaiter\system\Boot.php(325): CodeIgniter\CodeIgniter->run()
#11 C:\xampp2\htdocs\codeignaiter\system\Boot.php(67): CodeIgniter\Boot::runCodeIgniter(Object(CodeIgniter\CodeIgniter))
#12 C:\xampp2\htdocs\codeignaiter\public\index.php(56): CodeIgniter\Boot::bootWeb(Object(Config\Paths))
#13 {main}
CRITICAL - 2025-03-06 17:50:22 --> CodeIgniter\Database\Exceptions\DatabaseException: Unknown column 'created_at' in 'where clause'
[Method: GET, Route: artistas]
in SYSTEMPATH\Database\BaseConnection.php on line 688.
 1 SYSTEMPATH\Database\BaseBuilder.php(1728): CodeIgniter\Database\BaseConnection->query('SELECT COUNT(*) AS `numrows`
FROM `artistas`
WHERE `nombre` LIKE :nombre: ESCAPE \'!\'
OR  `descripcion` LIKE :descripcion: ESCAPE \'!\'
AND  `created_at` LIKE :created_at: ESCAPE \'!\'', [...], false)
 2 SYSTEMPATH\Model.php(678): CodeIgniter\Database\BaseBuilder->countAllResults(false)
 3 SYSTEMPATH\BaseModel.php(1284): CodeIgniter\Model->countAllResults(false)
 4 APPPATH\Controllers\ArtistaController.php(45): CodeIgniter\BaseModel->paginate(10, 'default', 1)
 5 SYSTEMPATH\CodeIgniter.php(933): App\Controllers\ArtistaController->index()
 6 SYSTEMPATH\CodeIgniter.php(509): CodeIgniter\CodeIgniter->runController(Object(App\Controllers\ArtistaController))
 7 SYSTEMPATH\CodeIgniter.php(355): CodeIgniter\CodeIgniter->handleRequest(null, Object(Config\Cache), false)
 8 SYSTEMPATH\Boot.php(325): CodeIgniter\CodeIgniter->run()
 9 SYSTEMPATH\Boot.php(67): CodeIgniter\Boot::runCodeIgniter(Object(CodeIgniter\CodeIgniter))
10 FCPATH\index.php(56): CodeIgniter\Boot::bootWeb(Object(Config\Paths))
CRITICAL - 2025-03-06 17:50:22 --> [Caused by] CodeIgniter\Database\Exceptions\DatabaseException: Unknown column 'created_at' in 'where clause'
in SYSTEMPATH\Database\MySQLi\Connection.php on line 317.
 1 SYSTEMPATH\Database\BaseConnection.php(734): CodeIgniter\Database\MySQLi\Connection->execute('SELECT COUNT(*) AS `numrows`
FROM `artistas`
WHERE `nombre` LIKE \'%%\' ESCAPE \'!\'
OR  `descripcion` LIKE \'%%\' ESCAPE \'!\'
AND  `created_at` LIKE \'%dada%\' ESCAPE \'!\'')
 2 SYSTEMPATH\Database\BaseConnection.php(648): CodeIgniter\Database\BaseConnection->simpleQuery('SELECT COUNT(*) AS `numrows`
FROM `artistas`
WHERE `nombre` LIKE \'%%\' ESCAPE \'!\'
OR  `descripcion` LIKE \'%%\' ESCAPE \'!\'
AND  `created_at` LIKE \'%dada%\' ESCAPE \'!\'')
 3 SYSTEMPATH\Database\BaseBuilder.php(1728): CodeIgniter\Database\BaseConnection->query('SELECT COUNT(*) AS `numrows`
FROM `artistas`
WHERE `nombre` LIKE :nombre: ESCAPE \'!\'
OR  `descripcion` LIKE :descripcion: ESCAPE \'!\'
AND  `created_at` LIKE :created_at: ESCAPE \'!\'', [...], false)
 4 SYSTEMPATH\Model.php(678): CodeIgniter\Database\BaseBuilder->countAllResults(false)
 5 SYSTEMPATH\BaseModel.php(1284): CodeIgniter\Model->countAllResults(false)
 6 APPPATH\Controllers\ArtistaController.php(45): CodeIgniter\BaseModel->paginate(10, 'default', 1)
 7 SYSTEMPATH\CodeIgniter.php(933): App\Controllers\ArtistaController->index()
 8 SYSTEMPATH\CodeIgniter.php(509): CodeIgniter\CodeIgniter->runController(Object(App\Controllers\ArtistaController))
 9 SYSTEMPATH\CodeIgniter.php(355): CodeIgniter\CodeIgniter->handleRequest(null, Object(Config\Cache), false)
10 SYSTEMPATH\Boot.php(325): CodeIgniter\CodeIgniter->run()
11 SYSTEMPATH\Boot.php(67): CodeIgniter\Boot::runCodeIgniter(Object(CodeIgniter\CodeIgniter))
12 FCPATH\index.php(56): CodeIgniter\Boot::bootWeb(Object(Config\Paths))
CRITICAL - 2025-03-06 17:50:22 --> [Caused by] mysqli_sql_exception: Unknown column 'created_at' in 'where clause'
in SYSTEMPATH\Database\MySQLi\Connection.php on line 312.
 1 SYSTEMPATH\Database\MySQLi\Connection.php(312): mysqli->query('SELECT COUNT(*) AS `numrows`
FROM `artistas`
WHERE `nombre` LIKE \'%%\' ESCAPE \'!\'
OR  `descripcion` LIKE \'%%\' ESCAPE \'!\'
AND  `created_at` LIKE \'%dada%\' ESCAPE \'!\'', 0)
 2 SYSTEMPATH\Database\BaseConnection.php(734): CodeIgniter\Database\MySQLi\Connection->execute('SELECT COUNT(*) AS `numrows`
FROM `artistas`
WHERE `nombre` LIKE \'%%\' ESCAPE \'!\'
OR  `descripcion` LIKE \'%%\' ESCAPE \'!\'
AND  `created_at` LIKE \'%dada%\' ESCAPE \'!\'')
 3 SYSTEMPATH\Database\BaseConnection.php(648): CodeIgniter\Database\BaseConnection->simpleQuery('SELECT COUNT(*) AS `numrows`
FROM `artistas`
WHERE `nombre` LIKE \'%%\' ESCAPE \'!\'
OR  `descripcion` LIKE \'%%\' ESCAPE \'!\'
AND  `created_at` LIKE \'%dada%\' ESCAPE \'!\'')
 4 SYSTEMPATH\Database\BaseBuilder.php(1728): CodeIgniter\Database\BaseConnection->query('SELECT COUNT(*) AS `numrows`
FROM `artistas`
WHERE `nombre` LIKE :nombre: ESCAPE \'!\'
OR  `descripcion` LIKE :descripcion: ESCAPE \'!\'
AND  `created_at` LIKE :created_at: ESCAPE \'!\'', [...], false)
 5 SYSTEMPATH\Model.php(678): CodeIgniter\Database\BaseBuilder->countAllResults(false)
 6 SYSTEMPATH\BaseModel.php(1284): CodeIgniter\Model->countAllResults(false)
 7 APPPATH\Controllers\ArtistaController.php(45): CodeIgniter\BaseModel->paginate(10, 'default', 1)
 8 SYSTEMPATH\CodeIgniter.php(933): App\Controllers\ArtistaController->index()
 9 SYSTEMPATH\CodeIgniter.php(509): CodeIgniter\CodeIgniter->runController(Object(App\Controllers\ArtistaController))
10 SYSTEMPATH\CodeIgniter.php(355): CodeIgniter\CodeIgniter->handleRequest(null, Object(Config\Cache), false)
11 SYSTEMPATH\Boot.php(325): CodeIgniter\CodeIgniter->run()
12 SYSTEMPATH\Boot.php(67): CodeIgniter\Boot::runCodeIgniter(Object(CodeIgniter\CodeIgniter))
13 FCPATH\index.php(56): CodeIgniter\Boot::bootWeb(Object(Config\Paths))
ERROR - 2025-03-06 17:51:30 --> mysqli_sql_exception: Unknown column 'created_at' in 'where clause' in C:\xampp2\htdocs\codeignaiter\system\Database\MySQLi\Connection.php:312
Stack trace:
#0 C:\xampp2\htdocs\codeignaiter\system\Database\MySQLi\Connection.php(312): mysqli->query('SELECT COUNT(*)...', 0)
#1 C:\xampp2\htdocs\codeignaiter\system\Database\BaseConnection.php(734): CodeIgniter\Database\MySQLi\Connection->execute('SELECT COUNT(*)...')
#2 C:\xampp2\htdocs\codeignaiter\system\Database\BaseConnection.php(648): CodeIgniter\Database\BaseConnection->simpleQuery('SELECT COUNT(*)...')
#3 C:\xampp2\htdocs\codeignaiter\system\Database\BaseBuilder.php(1728): CodeIgniter\Database\BaseConnection->query('SELECT COUNT(*)...', Array, false)
#4 C:\xampp2\htdocs\codeignaiter\system\Model.php(678): CodeIgniter\Database\BaseBuilder->countAllResults(false)
#5 C:\xampp2\htdocs\codeignaiter\system\BaseModel.php(1284): CodeIgniter\Model->countAllResults(false)
#6 C:\xampp2\htdocs\codeignaiter\app\Controllers\ArtistaController.php(45): CodeIgniter\BaseModel->paginate(10, 'default', 1)
#7 C:\xampp2\htdocs\codeignaiter\system\CodeIgniter.php(933): App\Controllers\ArtistaController->index()
#8 C:\xampp2\htdocs\codeignaiter\system\CodeIgniter.php(509): CodeIgniter\CodeIgniter->runController(Object(App\Controllers\ArtistaController))
#9 C:\xampp2\htdocs\codeignaiter\system\CodeIgniter.php(355): CodeIgniter\CodeIgniter->handleRequest(NULL, Object(Config\Cache), false)
#10 C:\xampp2\htdocs\codeignaiter\system\Boot.php(325): CodeIgniter\CodeIgniter->run()
#11 C:\xampp2\htdocs\codeignaiter\system\Boot.php(67): CodeIgniter\Boot::runCodeIgniter(Object(CodeIgniter\CodeIgniter))
#12 C:\xampp2\htdocs\codeignaiter\public\index.php(56): CodeIgniter\Boot::bootWeb(Object(Config\Paths))
#13 {main}
CRITICAL - 2025-03-06 17:51:30 --> CodeIgniter\Database\Exceptions\DatabaseException: Unknown column 'created_at' in 'where clause'
[Method: GET, Route: artistas]
in SYSTEMPATH\Database\BaseConnection.php on line 688.
 1 SYSTEMPATH\Database\BaseBuilder.php(1728): CodeIgniter\Database\BaseConnection->query('SELECT COUNT(*) AS `numrows`
FROM `artistas`
WHERE `nombre` LIKE :nombre: ESCAPE \'!\'
OR  `descripcion` LIKE :descripcion: ESCAPE \'!\'
AND  `created_at` LIKE :created_at: ESCAPE \'!\'', [...], false)
 2 SYSTEMPATH\Model.php(678): CodeIgniter\Database\BaseBuilder->countAllResults(false)
 3 SYSTEMPATH\BaseModel.php(1284): CodeIgniter\Model->countAllResults(false)
 4 APPPATH\Controllers\ArtistaController.php(45): CodeIgniter\BaseModel->paginate(10, 'default', 1)
 5 SYSTEMPATH\CodeIgniter.php(933): App\Controllers\ArtistaController->index()
 6 SYSTEMPATH\CodeIgniter.php(509): CodeIgniter\CodeIgniter->runController(Object(App\Controllers\ArtistaController))
 7 SYSTEMPATH\CodeIgniter.php(355): CodeIgniter\CodeIgniter->handleRequest(null, Object(Config\Cache), false)
 8 SYSTEMPATH\Boot.php(325): CodeIgniter\CodeIgniter->run()
 9 SYSTEMPATH\Boot.php(67): CodeIgniter\Boot::runCodeIgniter(Object(CodeIgniter\CodeIgniter))
10 FCPATH\index.php(56): CodeIgniter\Boot::bootWeb(Object(Config\Paths))
CRITICAL - 2025-03-06 17:51:30 --> [Caused by] CodeIgniter\Database\Exceptions\DatabaseException: Unknown column 'created_at' in 'where clause'
in SYSTEMPATH\Database\MySQLi\Connection.php on line 317.
 1 SYSTEMPATH\Database\BaseConnection.php(734): CodeIgniter\Database\MySQLi\Connection->execute('SELECT COUNT(*) AS `numrows`
FROM `artistas`
WHERE `nombre` LIKE \'%%\' ESCAPE \'!\'
OR  `descripcion` LIKE \'%%\' ESCAPE \'!\'
AND  `created_at` LIKE \'%2025-03-27%\' ESCAPE \'!\'')
 2 SYSTEMPATH\Database\BaseConnection.php(648): CodeIgniter\Database\BaseConnection->simpleQuery('SELECT COUNT(*) AS `numrows`
FROM `artistas`
WHERE `nombre` LIKE \'%%\' ESCAPE \'!\'
OR  `descripcion` LIKE \'%%\' ESCAPE \'!\'
AND  `created_at` LIKE \'%2025-03-27%\' ESCAPE \'!\'')
 3 SYSTEMPATH\Database\BaseBuilder.php(1728): CodeIgniter\Database\BaseConnection->query('SELECT COUNT(*) AS `numrows`
FROM `artistas`
WHERE `nombre` LIKE :nombre: ESCAPE \'!\'
OR  `descripcion` LIKE :descripcion: ESCAPE \'!\'
AND  `created_at` LIKE :created_at: ESCAPE \'!\'', [...], false)
 4 SYSTEMPATH\Model.php(678): CodeIgniter\Database\BaseBuilder->countAllResults(false)
 5 SYSTEMPATH\BaseModel.php(1284): CodeIgniter\Model->countAllResults(false)
 6 APPPATH\Controllers\ArtistaController.php(45): CodeIgniter\BaseModel->paginate(10, 'default', 1)
 7 SYSTEMPATH\CodeIgniter.php(933): App\Controllers\ArtistaController->index()
 8 SYSTEMPATH\CodeIgniter.php(509): CodeIgniter\CodeIgniter->runController(Object(App\Controllers\ArtistaController))
 9 SYSTEMPATH\CodeIgniter.php(355): CodeIgniter\CodeIgniter->handleRequest(null, Object(Config\Cache), false)
10 SYSTEMPATH\Boot.php(325): CodeIgniter\CodeIgniter->run()
11 SYSTEMPATH\Boot.php(67): CodeIgniter\Boot::runCodeIgniter(Object(CodeIgniter\CodeIgniter))
12 FCPATH\index.php(56): CodeIgniter\Boot::bootWeb(Object(Config\Paths))
CRITICAL - 2025-03-06 17:51:30 --> [Caused by] mysqli_sql_exception: Unknown column 'created_at' in 'where clause'
in SYSTEMPATH\Database\MySQLi\Connection.php on line 312.
 1 SYSTEMPATH\Database\MySQLi\Connection.php(312): mysqli->query('SELECT COUNT(*) AS `numrows`
FROM `artistas`
WHERE `nombre` LIKE \'%%\' ESCAPE \'!\'
OR  `descripcion` LIKE \'%%\' ESCAPE \'!\'
AND  `created_at` LIKE \'%2025-03-27%\' ESCAPE \'!\'', 0)
 2 SYSTEMPATH\Database\BaseConnection.php(734): CodeIgniter\Database\MySQLi\Connection->execute('SELECT COUNT(*) AS `numrows`
FROM `artistas`
WHERE `nombre` LIKE \'%%\' ESCAPE \'!\'
OR  `descripcion` LIKE \'%%\' ESCAPE \'!\'
AND  `created_at` LIKE \'%2025-03-27%\' ESCAPE \'!\'')
 3 SYSTEMPATH\Database\BaseConnection.php(648): CodeIgniter\Database\BaseConnection->simpleQuery('SELECT COUNT(*) AS `numrows`
FROM `artistas`
WHERE `nombre` LIKE \'%%\' ESCAPE \'!\'
OR  `descripcion` LIKE \'%%\' ESCAPE \'!\'
AND  `created_at` LIKE \'%2025-03-27%\' ESCAPE \'!\'')
 4 SYSTEMPATH\Database\BaseBuilder.php(1728): CodeIgniter\Database\BaseConnection->query('SELECT COUNT(*) AS `numrows`
FROM `artistas`
WHERE `nombre` LIKE :nombre: ESCAPE \'!\'
OR  `descripcion` LIKE :descripcion: ESCAPE \'!\'
AND  `created_at` LIKE :created_at: ESCAPE \'!\'', [...], false)
 5 SYSTEMPATH\Model.php(678): CodeIgniter\Database\BaseBuilder->countAllResults(false)
 6 SYSTEMPATH\BaseModel.php(1284): CodeIgniter\Model->countAllResults(false)
 7 APPPATH\Controllers\ArtistaController.php(45): CodeIgniter\BaseModel->paginate(10, 'default', 1)
 8 SYSTEMPATH\CodeIgniter.php(933): App\Controllers\ArtistaController->index()
 9 SYSTEMPATH\CodeIgniter.php(509): CodeIgniter\CodeIgniter->runController(Object(App\Controllers\ArtistaController))
10 SYSTEMPATH\CodeIgniter.php(355): CodeIgniter\CodeIgniter->handleRequest(null, Object(Config\Cache), false)
11 SYSTEMPATH\Boot.php(325): CodeIgniter\CodeIgniter->run()
12 SYSTEMPATH\Boot.php(67): CodeIgniter\Boot::runCodeIgniter(Object(CodeIgniter\CodeIgniter))
13 FCPATH\index.php(56): CodeIgniter\Boot::bootWeb(Object(Config\Paths))
ERROR - 2025-03-06 18:06:27 --> mysqli_sql_exception: Unknown column 'nombre' in 'where clause' in C:\xampp2\htdocs\codeignaiter\system\Database\MySQLi\Connection.php:312
Stack trace:
#0 C:\xampp2\htdocs\codeignaiter\system\Database\MySQLi\Connection.php(312): mysqli->query('SELECT COUNT(*)...', 0)
#1 C:\xampp2\htdocs\codeignaiter\system\Database\BaseConnection.php(734): CodeIgniter\Database\MySQLi\Connection->execute('SELECT COUNT(*)...')
#2 C:\xampp2\htdocs\codeignaiter\system\Database\BaseConnection.php(648): CodeIgniter\Database\BaseConnection->simpleQuery('SELECT COUNT(*)...')
#3 C:\xampp2\htdocs\codeignaiter\system\Database\BaseBuilder.php(1728): CodeIgniter\Database\BaseConnection->query('SELECT COUNT(*)...', Array, false)
#4 C:\xampp2\htdocs\codeignaiter\system\Model.php(678): CodeIgniter\Database\BaseBuilder->countAllResults(false)
#5 C:\xampp2\htdocs\codeignaiter\system\BaseModel.php(1284): CodeIgniter\Model->countAllResults(false)
#6 C:\xampp2\htdocs\codeignaiter\app\Controllers\UserController.php(28): CodeIgniter\BaseModel->paginate(10, 'default', 1)
#7 C:\xampp2\htdocs\codeignaiter\system\CodeIgniter.php(933): App\Controllers\UserController->index()
#8 C:\xampp2\htdocs\codeignaiter\system\CodeIgniter.php(509): CodeIgniter\CodeIgniter->runController(Object(App\Controllers\UserController))
#9 C:\xampp2\htdocs\codeignaiter\system\CodeIgniter.php(355): CodeIgniter\CodeIgniter->handleRequest(NULL, Object(Config\Cache), false)
#10 C:\xampp2\htdocs\codeignaiter\system\Boot.php(325): CodeIgniter\CodeIgniter->run()
#11 C:\xampp2\htdocs\codeignaiter\system\Boot.php(67): CodeIgniter\Boot::runCodeIgniter(Object(CodeIgniter\CodeIgniter))
#12 C:\xampp2\htdocs\codeignaiter\public\index.php(56): CodeIgniter\Boot::bootWeb(Object(Config\Paths))
#13 {main}
CRITICAL - 2025-03-06 18:06:27 --> CodeIgniter\Database\Exceptions\DatabaseException: Unknown column 'nombre' in 'where clause'
[Method: GET, Route: users]
in SYSTEMPATH\Database\BaseConnection.php on line 688.
 1 SYSTEMPATH\Database\BaseBuilder.php(1728): CodeIgniter\Database\BaseConnection->query('SELECT COUNT(*) AS `numrows`
FROM `users`
WHERE `nombre` LIKE :nombre: ESCAPE \'!\'
AND  `order` LIKE :order: ESCAPE \'!\'', [...], false)
 2 SYSTEMPATH\Model.php(678): CodeIgniter\Database\BaseBuilder->countAllResults(false)
 3 SYSTEMPATH\BaseModel.php(1284): CodeIgniter\Model->countAllResults(false)
 4 APPPATH\Controllers\UserController.php(28): CodeIgniter\BaseModel->paginate(10, 'default', 1)
 5 SYSTEMPATH\CodeIgniter.php(933): App\Controllers\UserController->index()
 6 SYSTEMPATH\CodeIgniter.php(509): CodeIgniter\CodeIgniter->runController(Object(App\Controllers\UserController))
 7 SYSTEMPATH\CodeIgniter.php(355): CodeIgniter\CodeIgniter->handleRequest(null, Object(Config\Cache), false)
 8 SYSTEMPATH\Boot.php(325): CodeIgniter\CodeIgniter->run()
 9 SYSTEMPATH\Boot.php(67): CodeIgniter\Boot::runCodeIgniter(Object(CodeIgniter\CodeIgniter))
10 FCPATH\index.php(56): CodeIgniter\Boot::bootWeb(Object(Config\Paths))
CRITICAL - 2025-03-06 18:06:27 --> [Caused by] CodeIgniter\Database\Exceptions\DatabaseException: Unknown column 'nombre' in 'where clause'
in SYSTEMPATH\Database\MySQLi\Connection.php on line 317.
 1 SYSTEMPATH\Database\BaseConnection.php(734): CodeIgniter\Database\MySQLi\Connection->execute('SELECT COUNT(*) AS `numrows`
FROM `users`
WHERE `nombre` LIKE \'%xxx%\' ESCAPE \'!\'
AND  `order` LIKE \'%desc%\' ESCAPE \'!\'')
 2 SYSTEMPATH\Database\BaseConnection.php(648): CodeIgniter\Database\BaseConnection->simpleQuery('SELECT COUNT(*) AS `numrows`
FROM `users`
WHERE `nombre` LIKE \'%xxx%\' ESCAPE \'!\'
AND  `order` LIKE \'%desc%\' ESCAPE \'!\'')
 3 SYSTEMPATH\Database\BaseBuilder.php(1728): CodeIgniter\Database\BaseConnection->query('SELECT COUNT(*) AS `numrows`
FROM `users`
WHERE `nombre` LIKE :nombre: ESCAPE \'!\'
AND  `order` LIKE :order: ESCAPE \'!\'', [...], false)
 4 SYSTEMPATH\Model.php(678): CodeIgniter\Database\BaseBuilder->countAllResults(false)
 5 SYSTEMPATH\BaseModel.php(1284): CodeIgniter\Model->countAllResults(false)
 6 APPPATH\Controllers\UserController.php(28): CodeIgniter\BaseModel->paginate(10, 'default', 1)
 7 SYSTEMPATH\CodeIgniter.php(933): App\Controllers\UserController->index()
 8 SYSTEMPATH\CodeIgniter.php(509): CodeIgniter\CodeIgniter->runController(Object(App\Controllers\UserController))
 9 SYSTEMPATH\CodeIgniter.php(355): CodeIgniter\CodeIgniter->handleRequest(null, Object(Config\Cache), false)
10 SYSTEMPATH\Boot.php(325): CodeIgniter\CodeIgniter->run()
11 SYSTEMPATH\Boot.php(67): CodeIgniter\Boot::runCodeIgniter(Object(CodeIgniter\CodeIgniter))
12 FCPATH\index.php(56): CodeIgniter\Boot::bootWeb(Object(Config\Paths))
CRITICAL - 2025-03-06 18:06:27 --> [Caused by] mysqli_sql_exception: Unknown column 'nombre' in 'where clause'
in SYSTEMPATH\Database\MySQLi\Connection.php on line 312.
 1 SYSTEMPATH\Database\MySQLi\Connection.php(312): mysqli->query('SELECT COUNT(*) AS `numrows`
FROM `users`
WHERE `nombre` LIKE \'%xxx%\' ESCAPE \'!\'
AND  `order` LIKE \'%desc%\' ESCAPE \'!\'', 0)
 2 SYSTEMPATH\Database\BaseConnection.php(734): CodeIgniter\Database\MySQLi\Connection->execute('SELECT COUNT(*) AS `numrows`
FROM `users`
WHERE `nombre` LIKE \'%xxx%\' ESCAPE \'!\'
AND  `order` LIKE \'%desc%\' ESCAPE \'!\'')
 3 SYSTEMPATH\Database\BaseConnection.php(648): CodeIgniter\Database\BaseConnection->simpleQuery('SELECT COUNT(*) AS `numrows`
FROM `users`
WHERE `nombre` LIKE \'%xxx%\' ESCAPE \'!\'
AND  `order` LIKE \'%desc%\' ESCAPE \'!\'')
 4 SYSTEMPATH\Database\BaseBuilder.php(1728): CodeIgniter\Database\BaseConnection->query('SELECT COUNT(*) AS `numrows`
FROM `users`
WHERE `nombre` LIKE :nombre: ESCAPE \'!\'
AND  `order` LIKE :order: ESCAPE \'!\'', [...], false)
 5 SYSTEMPATH\Model.php(678): CodeIgniter\Database\BaseBuilder->countAllResults(false)
 6 SYSTEMPATH\BaseModel.php(1284): CodeIgniter\Model->countAllResults(false)
 7 APPPATH\Controllers\UserController.php(28): CodeIgniter\BaseModel->paginate(10, 'default', 1)
 8 SYSTEMPATH\CodeIgniter.php(933): App\Controllers\UserController->index()
 9 SYSTEMPATH\CodeIgniter.php(509): CodeIgniter\CodeIgniter->runController(Object(App\Controllers\UserController))
10 SYSTEMPATH\CodeIgniter.php(355): CodeIgniter\CodeIgniter->handleRequest(null, Object(Config\Cache), false)
11 SYSTEMPATH\Boot.php(325): CodeIgniter\CodeIgniter->run()
12 SYSTEMPATH\Boot.php(67): CodeIgniter\Boot::runCodeIgniter(Object(CodeIgniter\CodeIgniter))
13 FCPATH\index.php(56): CodeIgniter\Boot::bootWeb(Object(Config\Paths))
ERROR - 2025-03-06 18:06:36 --> mysqli_sql_exception: Unknown column 'nombre' in 'where clause' in C:\xampp2\htdocs\codeignaiter\system\Database\MySQLi\Connection.php:312
Stack trace:
#0 C:\xampp2\htdocs\codeignaiter\system\Database\MySQLi\Connection.php(312): mysqli->query('SELECT COUNT(*)...', 0)
#1 C:\xampp2\htdocs\codeignaiter\system\Database\BaseConnection.php(734): CodeIgniter\Database\MySQLi\Connection->execute('SELECT COUNT(*)...')
#2 C:\xampp2\htdocs\codeignaiter\system\Database\BaseConnection.php(648): CodeIgniter\Database\BaseConnection->simpleQuery('SELECT COUNT(*)...')
#3 C:\xampp2\htdocs\codeignaiter\system\Database\BaseBuilder.php(1728): CodeIgniter\Database\BaseConnection->query('SELECT COUNT(*)...', Array, false)
#4 C:\xampp2\htdocs\codeignaiter\system\Model.php(678): CodeIgniter\Database\BaseBuilder->countAllResults(false)
#5 C:\xampp2\htdocs\codeignaiter\system\BaseModel.php(1284): CodeIgniter\Model->countAllResults(false)
#6 C:\xampp2\htdocs\codeignaiter\app\Controllers\UserController.php(28): CodeIgniter\BaseModel->paginate(10, 'default', 1)
#7 C:\xampp2\htdocs\codeignaiter\system\CodeIgniter.php(933): App\Controllers\UserController->index()
#8 C:\xampp2\htdocs\codeignaiter\system\CodeIgniter.php(509): CodeIgniter\CodeIgniter->runController(Object(App\Controllers\UserController))
#9 C:\xampp2\htdocs\codeignaiter\system\CodeIgniter.php(355): CodeIgniter\CodeIgniter->handleRequest(NULL, Object(Config\Cache), false)
#10 C:\xampp2\htdocs\codeignaiter\system\Boot.php(325): CodeIgniter\CodeIgniter->run()
#11 C:\xampp2\htdocs\codeignaiter\system\Boot.php(67): CodeIgniter\Boot::runCodeIgniter(Object(CodeIgniter\CodeIgniter))
#12 C:\xampp2\htdocs\codeignaiter\public\index.php(56): CodeIgniter\Boot::bootWeb(Object(Config\Paths))
#13 {main}
CRITICAL - 2025-03-06 18:06:36 --> CodeIgniter\Database\Exceptions\DatabaseException: Unknown column 'nombre' in 'where clause'
[Method: GET, Route: users]
in SYSTEMPATH\Database\BaseConnection.php on line 688.
 1 SYSTEMPATH\Database\BaseBuilder.php(1728): CodeIgniter\Database\BaseConnection->query('SELECT COUNT(*) AS `numrows`
FROM `users`
WHERE `nombre` LIKE :nombre: ESCAPE \'!\'
AND  `order` LIKE :order: ESCAPE \'!\'', [...], false)
 2 SYSTEMPATH\Model.php(678): CodeIgniter\Database\BaseBuilder->countAllResults(false)
 3 SYSTEMPATH\BaseModel.php(1284): CodeIgniter\Model->countAllResults(false)
 4 APPPATH\Controllers\UserController.php(28): CodeIgniter\BaseModel->paginate(10, 'default', 1)
 5 SYSTEMPATH\CodeIgniter.php(933): App\Controllers\UserController->index()
 6 SYSTEMPATH\CodeIgniter.php(509): CodeIgniter\CodeIgniter->runController(Object(App\Controllers\UserController))
 7 SYSTEMPATH\CodeIgniter.php(355): CodeIgniter\CodeIgniter->handleRequest(null, Object(Config\Cache), false)
 8 SYSTEMPATH\Boot.php(325): CodeIgniter\CodeIgniter->run()
 9 SYSTEMPATH\Boot.php(67): CodeIgniter\Boot::runCodeIgniter(Object(CodeIgniter\CodeIgniter))
10 FCPATH\index.php(56): CodeIgniter\Boot::bootWeb(Object(Config\Paths))
CRITICAL - 2025-03-06 18:06:36 --> [Caused by] CodeIgniter\Database\Exceptions\DatabaseException: Unknown column 'nombre' in 'where clause'
in SYSTEMPATH\Database\MySQLi\Connection.php on line 317.
 1 SYSTEMPATH\Database\BaseConnection.php(734): CodeIgniter\Database\MySQLi\Connection->execute('SELECT COUNT(*) AS `numrows`
FROM `users`
WHERE `nombre` LIKE \'%xxx%\' ESCAPE \'!\'
AND  `order` LIKE \'%desc%\' ESCAPE \'!\'')
 2 SYSTEMPATH\Database\BaseConnection.php(648): CodeIgniter\Database\BaseConnection->simpleQuery('SELECT COUNT(*) AS `numrows`
FROM `users`
WHERE `nombre` LIKE \'%xxx%\' ESCAPE \'!\'
AND  `order` LIKE \'%desc%\' ESCAPE \'!\'')
 3 SYSTEMPATH\Database\BaseBuilder.php(1728): CodeIgniter\Database\BaseConnection->query('SELECT COUNT(*) AS `numrows`
FROM `users`
WHERE `nombre` LIKE :nombre: ESCAPE \'!\'
AND  `order` LIKE :order: ESCAPE \'!\'', [...], false)
 4 SYSTEMPATH\Model.php(678): CodeIgniter\Database\BaseBuilder->countAllResults(false)
 5 SYSTEMPATH\BaseModel.php(1284): CodeIgniter\Model->countAllResults(false)
 6 APPPATH\Controllers\UserController.php(28): CodeIgniter\BaseModel->paginate(10, 'default', 1)
 7 SYSTEMPATH\CodeIgniter.php(933): App\Controllers\UserController->index()
 8 SYSTEMPATH\CodeIgniter.php(509): CodeIgniter\CodeIgniter->runController(Object(App\Controllers\UserController))
 9 SYSTEMPATH\CodeIgniter.php(355): CodeIgniter\CodeIgniter->handleRequest(null, Object(Config\Cache), false)
10 SYSTEMPATH\Boot.php(325): CodeIgniter\CodeIgniter->run()
11 SYSTEMPATH\Boot.php(67): CodeIgniter\Boot::runCodeIgniter(Object(CodeIgniter\CodeIgniter))
12 FCPATH\index.php(56): CodeIgniter\Boot::bootWeb(Object(Config\Paths))
CRITICAL - 2025-03-06 18:06:36 --> [Caused by] mysqli_sql_exception: Unknown column 'nombre' in 'where clause'
in SYSTEMPATH\Database\MySQLi\Connection.php on line 312.
 1 SYSTEMPATH\Database\MySQLi\Connection.php(312): mysqli->query('SELECT COUNT(*) AS `numrows`
FROM `users`
WHERE `nombre` LIKE \'%xxx%\' ESCAPE \'!\'
AND  `order` LIKE \'%desc%\' ESCAPE \'!\'', 0)
 2 SYSTEMPATH\Database\BaseConnection.php(734): CodeIgniter\Database\MySQLi\Connection->execute('SELECT COUNT(*) AS `numrows`
FROM `users`
WHERE `nombre` LIKE \'%xxx%\' ESCAPE \'!\'
AND  `order` LIKE \'%desc%\' ESCAPE \'!\'')
 3 SYSTEMPATH\Database\BaseConnection.php(648): CodeIgniter\Database\BaseConnection->simpleQuery('SELECT COUNT(*) AS `numrows`
FROM `users`
WHERE `nombre` LIKE \'%xxx%\' ESCAPE \'!\'
AND  `order` LIKE \'%desc%\' ESCAPE \'!\'')
 4 SYSTEMPATH\Database\BaseBuilder.php(1728): CodeIgniter\Database\BaseConnection->query('SELECT COUNT(*) AS `numrows`
FROM `users`
WHERE `nombre` LIKE :nombre: ESCAPE \'!\'
AND  `order` LIKE :order: ESCAPE \'!\'', [...], false)
 5 SYSTEMPATH\Model.php(678): CodeIgniter\Database\BaseBuilder->countAllResults(false)
 6 SYSTEMPATH\BaseModel.php(1284): CodeIgniter\Model->countAllResults(false)
 7 APPPATH\Controllers\UserController.php(28): CodeIgniter\BaseModel->paginate(10, 'default', 1)
 8 SYSTEMPATH\CodeIgniter.php(933): App\Controllers\UserController->index()
 9 SYSTEMPATH\CodeIgniter.php(509): CodeIgniter\CodeIgniter->runController(Object(App\Controllers\UserController))
10 SYSTEMPATH\CodeIgniter.php(355): CodeIgniter\CodeIgniter->handleRequest(null, Object(Config\Cache), false)
11 SYSTEMPATH\Boot.php(325): CodeIgniter\CodeIgniter->run()
12 SYSTEMPATH\Boot.php(67): CodeIgniter\Boot::runCodeIgniter(Object(CodeIgniter\CodeIgniter))
13 FCPATH\index.php(56): CodeIgniter\Boot::bootWeb(Object(Config\Paths))
CRITICAL - 2025-03-06 18:06:41 --> ErrorException: Undefined variable $direction
[Method: GET, Route: artistas]
in APPPATH\Views\artista_list.php on line 2712.
 1 APPPATH\Views\artista_list.php(2712): CodeIgniter\Debug\Exceptions->errorHandler(2, 'Undefined variable $direction', 'C:\\xampp2\\htdocs\\codeignaiter\\app\\Views\\artista_list.php', 2712)
 2 SYSTEMPATH\View\View.php(234): include('C:\\xampp2\\htdocs\\codeignaiter\\app\\Views\\artista_list.php')
 3 SYSTEMPATH\View\View.php(237): CodeIgniter\View\View->CodeIgniter\View\{closure}()
 4 SYSTEMPATH\Common.php(1171): CodeIgniter\View\View->render('artista_list', [], true)
 5 APPPATH\Controllers\ArtistaController.php(55): view('artista_list', [...])
 6 SYSTEMPATH\CodeIgniter.php(933): App\Controllers\ArtistaController->index()
 7 SYSTEMPATH\CodeIgniter.php(509): CodeIgniter\CodeIgniter->runController(Object(App\Controllers\ArtistaController))
 8 SYSTEMPATH\CodeIgniter.php(355): CodeIgniter\CodeIgniter->handleRequest(null, Object(Config\Cache), false)
 9 SYSTEMPATH\Boot.php(325): CodeIgniter\CodeIgniter->run()
10 SYSTEMPATH\Boot.php(67): CodeIgniter\Boot::runCodeIgniter(Object(CodeIgniter\CodeIgniter))
11 FCPATH\index.php(56): CodeIgniter\Boot::bootWeb(Object(Config\Paths))
INFO - 2025-03-06 18:21:46 --> Session: Class initialized using 'CodeIgniter\Session\Handlers\FileHandler' driver.
INFO - 2025-03-06 18:21:56 --> Session: Class initialized using 'CodeIgniter\Session\Handlers\FileHandler' driver.
INFO - 2025-03-06 18:21:59 --> Session: Class initialized using 'CodeIgniter\Session\Handlers\FileHandler' driver.
INFO - 2025-03-06 18:22:01 --> Session: Class initialized using 'CodeIgniter\Session\Handlers\FileHandler' driver.
INFO - 2025-03-06 18:22:03 --> Session: Class initialized using 'CodeIgniter\Session\Handlers\FileHandler' driver.
INFO - 2025-03-06 18:22:05 --> Session: Class initialized using 'CodeIgniter\Session\Handlers\FileHandler' driver.
INFO - 2025-03-06 18:22:25 --> Session: Class initialized using 'CodeIgniter\Session\Handlers\FileHandler' driver.
INFO - 2025-03-06 18:22:56 --> Session: Class initialized using 'CodeIgniter\Session\Handlers\FileHandler' driver.
INFO - 2025-03-06 18:24:41 --> Session: Class initialized using 'CodeIgniter\Session\Handlers\FileHandler' driver.
INFO - 2025-03-06 18:25:30 --> Session: Class initialized using 'CodeIgniter\Session\Handlers\FileHandler' driver.
INFO - 2025-03-06 18:26:16 --> Session: Class initialized using 'CodeIgniter\Session\Handlers\FileHandler' driver.
