INFO - 2025-03-05 02:00:29 --> Session: Class initialized using 'CodeIgniter\Session\Handlers\FileHandler' driver.
INFO - 2025-03-05 02:15:38 --> Session: Class initialized using 'CodeIgniter\Session\Handlers\FileHandler' driver.
INFO - 2025-03-05 02:15:44 --> Session: Class initialized using 'CodeIgniter\Session\Handlers\FileHandler' driver.
INFO - 2025-03-05 02:15:48 --> Session: Class initialized using 'CodeIgniter\Session\Handlers\FileHandler' driver.
ERROR - 2025-03-05 02:36:03 --> mysqli_sql_exception: Unknown column 'role' in 'where clause' in C:\xampp2\htdocs\codeignaiter\system\Database\MySQLi\Connection.php:312
Stack trace:
#0 C:\xampp2\htdocs\codeignaiter\system\Database\MySQLi\Connection.php(312): mysqli->query('SELECT COUNT(*)...', 0)
#1 C:\xampp2\htdocs\codeignaiter\system\Database\BaseConnection.php(734): CodeIgniter\Database\MySQLi\Connection->execute('SELECT COUNT(*)...')
#2 C:\xampp2\htdocs\codeignaiter\system\Database\BaseConnection.php(648): CodeIgniter\Database\BaseConnection->simpleQuery('SELECT COUNT(*)...')
#3 C:\xampp2\htdocs\codeignaiter\system\Database\BaseBuilder.php(1728): CodeIgniter\Database\BaseConnection->query('SELECT COUNT(*)...', Array, false)
#4 C:\xampp2\htdocs\codeignaiter\system\Model.php(678): CodeIgniter\Database\BaseBuilder->countAllResults(false)
#5 C:\xampp2\htdocs\codeignaiter\system\BaseModel.php(1284): CodeIgniter\Model->countAllResults(false)
#6 C:\xampp2\htdocs\codeignaiter\app\Controllers\ArtistaController.php(20): CodeIgniter\BaseModel->paginate(10, 'default', 1)
#7 C:\xampp2\htdocs\codeignaiter\system\CodeIgniter.php(933): App\Controllers\ArtistaController->index()
#8 C:\xampp2\htdocs\codeignaiter\system\CodeIgniter.php(509): CodeIgniter\CodeIgniter->runController(Object(App\Controllers\ArtistaController))
#9 C:\xampp2\htdocs\codeignaiter\system\CodeIgniter.php(355): CodeIgniter\CodeIgniter->handleRequest(NULL, Object(Config\Cache), false)
#10 C:\xampp2\htdocs\codeignaiter\system\Boot.php(325): CodeIgniter\CodeIgniter->run()
#11 C:\xampp2\htdocs\codeignaiter\system\Boot.php(67): CodeIgniter\Boot::runCodeIgniter(Object(CodeIgniter\CodeIgniter))
#12 C:\xampp2\htdocs\codeignaiter\public\index.php(56): CodeIgniter\Boot::bootWeb(Object(Config\Paths))
#13 {main}
CRITICAL - 2025-03-05 02:36:03 --> CodeIgniter\Database\Exceptions\DatabaseException: Unknown column 'role' in 'where clause'
[Method: GET, Route: artistas]
in SYSTEMPATH\Database\BaseConnection.php on line 688.
 1 SYSTEMPATH\Database\BaseBuilder.php(1728): CodeIgniter\Database\BaseConnection->query('SELECT COUNT(*) AS `numrows`
FROM `artistas`
WHERE `role` LIKE :role: ESCAPE \'!\'
AND  `format` LIKE :format: ESCAPE \'!\'', [...], false)
 2 SYSTEMPATH\Model.php(678): CodeIgniter\Database\BaseBuilder->countAllResults(false)
 3 SYSTEMPATH\BaseModel.php(1284): CodeIgniter\Model->countAllResults(false)
 4 APPPATH\Controllers\ArtistaController.php(20): CodeIgniter\BaseModel->paginate(10, 'default', 1)
 5 SYSTEMPATH\CodeIgniter.php(933): App\Controllers\ArtistaController->index()
 6 SYSTEMPATH\CodeIgniter.php(509): CodeIgniter\CodeIgniter->runController(Object(App\Controllers\ArtistaController))
 7 SYSTEMPATH\CodeIgniter.php(355): CodeIgniter\CodeIgniter->handleRequest(null, Object(Config\Cache), false)
 8 SYSTEMPATH\Boot.php(325): CodeIgniter\CodeIgniter->run()
 9 SYSTEMPATH\Boot.php(67): CodeIgniter\Boot::runCodeIgniter(Object(CodeIgniter\CodeIgniter))
10 FCPATH\index.php(56): CodeIgniter\Boot::bootWeb(Object(Config\Paths))
CRITICAL - 2025-03-05 02:36:03 --> [Caused by] CodeIgniter\Database\Exceptions\DatabaseException: Unknown column 'role' in 'where clause'
in SYSTEMPATH\Database\MySQLi\Connection.php on line 317.
 1 SYSTEMPATH\Database\BaseConnection.php(734): CodeIgniter\Database\MySQLi\Connection->execute('SELECT COUNT(*) AS `numrows`
FROM `artistas`
WHERE `role` LIKE \'%Administrator%\' ESCAPE \'!\'
AND  `format` LIKE \'%cvs%\' ESCAPE \'!\'')
 2 SYSTEMPATH\Database\BaseConnection.php(648): CodeIgniter\Database\BaseConnection->simpleQuery('SELECT COUNT(*) AS `numrows`
FROM `artistas`
WHERE `role` LIKE \'%Administrator%\' ESCAPE \'!\'
AND  `format` LIKE \'%cvs%\' ESCAPE \'!\'')
 3 SYSTEMPATH\Database\BaseBuilder.php(1728): CodeIgniter\Database\BaseConnection->query('SELECT COUNT(*) AS `numrows`
FROM `artistas`
WHERE `role` LIKE :role: ESCAPE \'!\'
AND  `format` LIKE :format: ESCAPE \'!\'', [...], false)
 4 SYSTEMPATH\Model.php(678): CodeIgniter\Database\BaseBuilder->countAllResults(false)
 5 SYSTEMPATH\BaseModel.php(1284): CodeIgniter\Model->countAllResults(false)
 6 APPPATH\Controllers\ArtistaController.php(20): CodeIgniter\BaseModel->paginate(10, 'default', 1)
 7 SYSTEMPATH\CodeIgniter.php(933): App\Controllers\ArtistaController->index()
 8 SYSTEMPATH\CodeIgniter.php(509): CodeIgniter\CodeIgniter->runController(Object(App\Controllers\ArtistaController))
 9 SYSTEMPATH\CodeIgniter.php(355): CodeIgniter\CodeIgniter->handleRequest(null, Object(Config\Cache), false)
10 SYSTEMPATH\Boot.php(325): CodeIgniter\CodeIgniter->run()
11 SYSTEMPATH\Boot.php(67): CodeIgniter\Boot::runCodeIgniter(Object(CodeIgniter\CodeIgniter))
12 FCPATH\index.php(56): CodeIgniter\Boot::bootWeb(Object(Config\Paths))
CRITICAL - 2025-03-05 02:36:03 --> [Caused by] mysqli_sql_exception: Unknown column 'role' in 'where clause'
in SYSTEMPATH\Database\MySQLi\Connection.php on line 312.
 1 SYSTEMPATH\Database\MySQLi\Connection.php(312): mysqli->query('SELECT COUNT(*) AS `numrows`
FROM `artistas`
WHERE `role` LIKE \'%Administrator%\' ESCAPE \'!\'
AND  `format` LIKE \'%cvs%\' ESCAPE \'!\'', 0)
 2 SYSTEMPATH\Database\BaseConnection.php(734): CodeIgniter\Database\MySQLi\Connection->execute('SELECT COUNT(*) AS `numrows`
FROM `artistas`
WHERE `role` LIKE \'%Administrator%\' ESCAPE \'!\'
AND  `format` LIKE \'%cvs%\' ESCAPE \'!\'')
 3 SYSTEMPATH\Database\BaseConnection.php(648): CodeIgniter\Database\BaseConnection->simpleQuery('SELECT COUNT(*) AS `numrows`
FROM `artistas`
WHERE `role` LIKE \'%Administrator%\' ESCAPE \'!\'
AND  `format` LIKE \'%cvs%\' ESCAPE \'!\'')
 4 SYSTEMPATH\Database\BaseBuilder.php(1728): CodeIgniter\Database\BaseConnection->query('SELECT COUNT(*) AS `numrows`
FROM `artistas`
WHERE `role` LIKE :role: ESCAPE \'!\'
AND  `format` LIKE :format: ESCAPE \'!\'', [...], false)
 5 SYSTEMPATH\Model.php(678): CodeIgniter\Database\BaseBuilder->countAllResults(false)
 6 SYSTEMPATH\BaseModel.php(1284): CodeIgniter\Model->countAllResults(false)
 7 APPPATH\Controllers\ArtistaController.php(20): CodeIgniter\BaseModel->paginate(10, 'default', 1)
 8 SYSTEMPATH\CodeIgniter.php(933): App\Controllers\ArtistaController->index()
 9 SYSTEMPATH\CodeIgniter.php(509): CodeIgniter\CodeIgniter->runController(Object(App\Controllers\ArtistaController))
10 SYSTEMPATH\CodeIgniter.php(355): CodeIgniter\CodeIgniter->handleRequest(null, Object(Config\Cache), false)
11 SYSTEMPATH\Boot.php(325): CodeIgniter\CodeIgniter->run()
12 SYSTEMPATH\Boot.php(67): CodeIgniter\Boot::runCodeIgniter(Object(CodeIgniter\CodeIgniter))
13 FCPATH\index.php(56): CodeIgniter\Boot::bootWeb(Object(Config\Paths))
INFO - 2025-03-05 02:48:42 --> Session: Class initialized using 'CodeIgniter\Session\Handlers\FileHandler' driver.
INFO - 2025-03-05 02:48:55 --> Session: Class initialized using 'CodeIgniter\Session\Handlers\FileHandler' driver.
INFO - 2025-03-05 02:49:02 --> Session: Class initialized using 'CodeIgniter\Session\Handlers\FileHandler' driver.
INFO - 2025-03-05 02:55:00 --> Session: Class initialized using 'CodeIgniter\Session\Handlers\FileHandler' driver.
INFO - 2025-03-05 02:55:39 --> Session: Class initialized using 'CodeIgniter\Session\Handlers\FileHandler' driver.
INFO - 2025-03-05 02:56:06 --> Session: Class initialized using 'CodeIgniter\Session\Handlers\FileHandler' driver.
INFO - 2025-03-05 02:58:22 --> Session: Class initialized using 'CodeIgniter\Session\Handlers\FileHandler' driver.
INFO - 2025-03-05 02:58:27 --> Session: Class initialized using 'CodeIgniter\Session\Handlers\FileHandler' driver.
INFO - 2025-03-05 02:59:33 --> Session: Class initialized using 'CodeIgniter\Session\Handlers\FileHandler' driver.
INFO - 2025-03-05 03:00:50 --> Session: Class initialized using 'CodeIgniter\Session\Handlers\FileHandler' driver.
INFO - 2025-03-05 03:01:01 --> Session: Class initialized using 'CodeIgniter\Session\Handlers\FileHandler' driver.
INFO - 2025-03-05 03:01:48 --> Session: Class initialized using 'CodeIgniter\Session\Handlers\FileHandler' driver.
INFO - 2025-03-05 03:01:54 --> Session: Class initialized using 'CodeIgniter\Session\Handlers\FileHandler' driver.
INFO - 2025-03-05 03:02:12 --> Session: Class initialized using 'CodeIgniter\Session\Handlers\FileHandler' driver.
INFO - 2025-03-05 03:02:32 --> Session: Class initialized using 'CodeIgniter\Session\Handlers\FileHandler' driver.
INFO - 2025-03-05 03:02:56 --> Session: Class initialized using 'CodeIgniter\Session\Handlers\FileHandler' driver.
INFO - 2025-03-05 03:03:01 --> Session: Class initialized using 'CodeIgniter\Session\Handlers\FileHandler' driver.
INFO - 2025-03-05 03:03:03 --> Session: Class initialized using 'CodeIgniter\Session\Handlers\FileHandler' driver.
CRITICAL - 2025-03-05 03:04:09 --> ErrorException: Undefined array key "name"
[Method: GET, Route: register]
in APPPATH\Views\register.php on line 40.
 1 APPPATH\Views\register.php(40): CodeIgniter\Debug\Exceptions->errorHandler(2, 'Undefined array key "name"', 'C:\\xampp2\\htdocs\\codeignaiter\\app\\Views\\register.php', 40)
 2 SYSTEMPATH\View\View.php(234): include('C:\\xampp2\\htdocs\\codeignaiter\\app\\Views\\register.php')
 3 SYSTEMPATH\View\View.php(237): CodeIgniter\View\View->CodeIgniter\View\{closure}()
 4 SYSTEMPATH\Common.php(1171): CodeIgniter\View\View->render('register', [], true)
 5 APPPATH\Controllers\AuthController.php(90): view('register', [...])
 6 SYSTEMPATH\CodeIgniter.php(933): App\Controllers\AuthController->register()
 7 SYSTEMPATH\CodeIgniter.php(509): CodeIgniter\CodeIgniter->runController(Object(App\Controllers\AuthController))
 8 SYSTEMPATH\CodeIgniter.php(355): CodeIgniter\CodeIgniter->handleRequest(null, Object(Config\Cache), false)
 9 SYSTEMPATH\Boot.php(325): CodeIgniter\CodeIgniter->run()
10 SYSTEMPATH\Boot.php(67): CodeIgniter\Boot::runCodeIgniter(Object(CodeIgniter\CodeIgniter))
11 FCPATH\index.php(56): CodeIgniter\Boot::bootWeb(Object(Config\Paths))
INFO - 2025-03-05 03:14:03 --> Session: Class initialized using 'CodeIgniter\Session\Handlers\FileHandler' driver.
INFO - 2025-03-05 03:14:11 --> Session: Class initialized using 'CodeIgniter\Session\Handlers\FileHandler' driver.
INFO - 2025-03-05 03:14:18 --> Session: Class initialized using 'CodeIgniter\Session\Handlers\FileHandler' driver.
INFO - 2025-03-05 03:14:35 --> Session: Class initialized using 'CodeIgniter\Session\Handlers\FileHandler' driver.
CRITICAL - 2025-03-05 03:14:40 --> ErrorException: Undefined variable $roles
[Method: GET, Route: register]
in APPPATH\Views\register.php on line 39.
 1 APPPATH\Views\register.php(39): CodeIgniter\Debug\Exceptions->errorHandler(2, 'Undefined variable $roles', 'C:\\xampp2\\htdocs\\codeignaiter\\app\\Views\\register.php', 39)
 2 SYSTEMPATH\View\View.php(234): include('C:\\xampp2\\htdocs\\codeignaiter\\app\\Views\\register.php')
 3 SYSTEMPATH\View\View.php(237): CodeIgniter\View\View->CodeIgniter\View\{closure}()
 4 SYSTEMPATH\Common.php(1171): CodeIgniter\View\View->render('register', [], true)
 5 APPPATH\Controllers\AuthController.php(88): view('register', [])
 6 SYSTEMPATH\CodeIgniter.php(933): App\Controllers\AuthController->register()
 7 SYSTEMPATH\CodeIgniter.php(509): CodeIgniter\CodeIgniter->runController(Object(App\Controllers\AuthController))
 8 SYSTEMPATH\CodeIgniter.php(355): CodeIgniter\CodeIgniter->handleRequest(null, Object(Config\Cache), false)
 9 SYSTEMPATH\Boot.php(325): CodeIgniter\CodeIgniter->run()
10 SYSTEMPATH\Boot.php(67): CodeIgniter\Boot::runCodeIgniter(Object(CodeIgniter\CodeIgniter))
11 FCPATH\index.php(56): CodeIgniter\Boot::bootWeb(Object(Config\Paths))
