CRITICAL - 2025-02-27 00:20:13 --> ErrorException: Undefined variable $artistas
[Method: GET, Route: patrocinadores]
in APPPATH\Views\patrocinador_list.php on line 2752.
 1 APPPATH\Views\patrocinador_list.php(2752): CodeIgniter\Debug\Exceptions->errorHandler(2, 'Undefined variable $artistas', 'C:\\xampp2\\htdocs\\codeignaiter\\app\\Views\\patrocinador_list.php', 2752)
 2 SYSTEMPATH\View\View.php(234): include('C:\\xampp2\\htdocs\\codeignaiter\\app\\Views\\patrocinador_list.php')
 3 SYSTEMPATH\View\View.php(237): CodeIgniter\View\View->CodeIgniter\View\{closure}()
 4 SYSTEMPATH\Common.php(1171): CodeIgniter\View\View->render('patrocinador_list', [], true)
 5 APPPATH\Controllers\PatrocinadorController.php(24): view('patrocinador_list', [...])
 6 SYSTEMPATH\CodeIgniter.php(933): App\Controllers\PatrocinadorController->index()
 7 SYSTEMPATH\CodeIgniter.php(509): CodeIgniter\CodeIgniter->runController(Object(App\Controllers\PatrocinadorController))
 8 SYSTEMPATH\CodeIgniter.php(355): CodeIgniter\CodeIgniter->handleRequest(null, Object(Config\Cache), false)
 9 SYSTEMPATH\Boot.php(325): CodeIgniter\CodeIgniter->run()
10 SYSTEMPATH\Boot.php(67): CodeIgniter\Boot::runCodeIgniter(Object(CodeIgniter\CodeIgniter))
11 FCPATH\index.php(56): CodeIgniter\Boot::bootWeb(Object(Config\Paths))
CRITICAL - 2025-02-27 00:44:34 --> CodeIgniter\HTTP\Exceptions\BadRequestException: The URI you submitted has disallowed characters: "save method="
[Method: GET, Route: patrocinadores/save%20method=]
in SYSTEMPATH\Router\Router.php on line 737.
 1 SYSTEMPATH\Router\Router.php(204): CodeIgniter\Router\Router->checkDisallowedChars('patrocinadores/save method=')
 2 SYSTEMPATH\CodeIgniter.php(834): CodeIgniter\Router\Router->handle('patrocinadores/save method=')
 3 SYSTEMPATH\CodeIgniter.php(457): CodeIgniter\CodeIgniter->tryToRouteIt(Object(CodeIgniter\Router\RouteCollection))
 4 SYSTEMPATH\CodeIgniter.php(355): CodeIgniter\CodeIgniter->handleRequest(null, Object(Config\Cache), false)
 5 SYSTEMPATH\Boot.php(325): CodeIgniter\CodeIgniter->run()
 6 SYSTEMPATH\Boot.php(67): CodeIgniter\Boot::runCodeIgniter(Object(CodeIgniter\CodeIgniter))
 7 FCPATH\index.php(56): CodeIgniter\Boot::bootWeb(Object(Config\Paths))
CRITICAL - 2025-02-27 00:45:48 --> CodeIgniter\HTTP\Exceptions\BadRequestException: The URI you submitted has disallowed characters: "save method="
[Method: GET, Route: patrocinadores/save%20method=]
in SYSTEMPATH\Router\Router.php on line 737.
 1 SYSTEMPATH\Router\Router.php(204): CodeIgniter\Router\Router->checkDisallowedChars('patrocinadores/save method=')
 2 SYSTEMPATH\CodeIgniter.php(834): CodeIgniter\Router\Router->handle('patrocinadores/save method=')
 3 SYSTEMPATH\CodeIgniter.php(457): CodeIgniter\CodeIgniter->tryToRouteIt(Object(CodeIgniter\Router\RouteCollection))
 4 SYSTEMPATH\CodeIgniter.php(355): CodeIgniter\CodeIgniter->handleRequest(null, Object(Config\Cache), false)
 5 SYSTEMPATH\Boot.php(325): CodeIgniter\CodeIgniter->run()
 6 SYSTEMPATH\Boot.php(67): CodeIgniter\Boot::runCodeIgniter(Object(CodeIgniter\CodeIgniter))
 7 FCPATH\index.php(56): CodeIgniter\Boot::bootWeb(Object(Config\Paths))
CRITICAL - 2025-02-27 00:52:26 --> CodeIgniter\HTTP\Exceptions\BadRequestException: The URI you submitted has disallowed characters: "save method="
[Method: GET, Route: patrocinadores/save%20method=]
in SYSTEMPATH\Router\Router.php on line 737.
 1 SYSTEMPATH\Router\Router.php(204): CodeIgniter\Router\Router->checkDisallowedChars('patrocinadores/save method=')
 2 SYSTEMPATH\CodeIgniter.php(834): CodeIgniter\Router\Router->handle('patrocinadores/save method=')
 3 SYSTEMPATH\CodeIgniter.php(457): CodeIgniter\CodeIgniter->tryToRouteIt(Object(CodeIgniter\Router\RouteCollection))
 4 SYSTEMPATH\CodeIgniter.php(355): CodeIgniter\CodeIgniter->handleRequest(null, Object(Config\Cache), false)
 5 SYSTEMPATH\Boot.php(325): CodeIgniter\CodeIgniter->run()
 6 SYSTEMPATH\Boot.php(67): CodeIgniter\Boot::runCodeIgniter(Object(CodeIgniter\CodeIgniter))
 7 FCPATH\index.php(56): CodeIgniter\Boot::bootWeb(Object(Config\Paths))
CRITICAL - 2025-02-27 00:52:39 --> CodeIgniter\HTTP\Exceptions\BadRequestException: The URI you submitted has disallowed characters: "save method="
[Method: GET, Route: patrocinadores/save%20method=]
in SYSTEMPATH\Router\Router.php on line 737.
 1 SYSTEMPATH\Router\Router.php(204): CodeIgniter\Router\Router->checkDisallowedChars('patrocinadores/save method=')
 2 SYSTEMPATH\CodeIgniter.php(834): CodeIgniter\Router\Router->handle('patrocinadores/save method=')
 3 SYSTEMPATH\CodeIgniter.php(457): CodeIgniter\CodeIgniter->tryToRouteIt(Object(CodeIgniter\Router\RouteCollection))
 4 SYSTEMPATH\CodeIgniter.php(355): CodeIgniter\CodeIgniter->handleRequest(null, Object(Config\Cache), false)
 5 SYSTEMPATH\Boot.php(325): CodeIgniter\CodeIgniter->run()
 6 SYSTEMPATH\Boot.php(67): CodeIgniter\Boot::runCodeIgniter(Object(CodeIgniter\CodeIgniter))
 7 FCPATH\index.php(56): CodeIgniter\Boot::bootWeb(Object(Config\Paths))
INFO - 2025-02-27 00:53:35 --> Session: Class initialized using 'CodeIgniter\Session\Handlers\FileHandler' driver.
INFO - 2025-02-27 00:53:43 --> Session: Class initialized using 'CodeIgniter\Session\Handlers\FileHandler' driver.
CRITICAL - 2025-02-27 00:55:03 --> CodeIgniter\HTTP\Exceptions\BadRequestException: The URI you submitted has disallowed characters: "save method="
[Method: GET, Route: patrocinadores/save%20method=]
in SYSTEMPATH\Router\Router.php on line 737.
 1 SYSTEMPATH\Router\Router.php(204): CodeIgniter\Router\Router->checkDisallowedChars('patrocinadores/save method=')
 2 SYSTEMPATH\CodeIgniter.php(834): CodeIgniter\Router\Router->handle('patrocinadores/save method=')
 3 SYSTEMPATH\CodeIgniter.php(457): CodeIgniter\CodeIgniter->tryToRouteIt(Object(CodeIgniter\Router\RouteCollection))
 4 SYSTEMPATH\CodeIgniter.php(355): CodeIgniter\CodeIgniter->handleRequest(null, Object(Config\Cache), false)
 5 SYSTEMPATH\Boot.php(325): CodeIgniter\CodeIgniter->run()
 6 SYSTEMPATH\Boot.php(67): CodeIgniter\Boot::runCodeIgniter(Object(CodeIgniter\CodeIgniter))
 7 FCPATH\index.php(56): CodeIgniter\Boot::bootWeb(Object(Config\Paths))
CRITICAL - 2025-02-27 00:55:59 --> CodeIgniter\HTTP\Exceptions\BadRequestException: The URI you submitted has disallowed characters: "save method="
[Method: GET, Route: patrocinadores/save%20method=]
in SYSTEMPATH\Router\Router.php on line 737.
 1 SYSTEMPATH\Router\Router.php(204): CodeIgniter\Router\Router->checkDisallowedChars('patrocinadores/save method=')
 2 SYSTEMPATH\CodeIgniter.php(834): CodeIgniter\Router\Router->handle('patrocinadores/save method=')
 3 SYSTEMPATH\CodeIgniter.php(457): CodeIgniter\CodeIgniter->tryToRouteIt(Object(CodeIgniter\Router\RouteCollection))
 4 SYSTEMPATH\CodeIgniter.php(355): CodeIgniter\CodeIgniter->handleRequest(null, Object(Config\Cache), false)
 5 SYSTEMPATH\Boot.php(325): CodeIgniter\CodeIgniter->run()
 6 SYSTEMPATH\Boot.php(67): CodeIgniter\Boot::runCodeIgniter(Object(CodeIgniter\CodeIgniter))
 7 FCPATH\index.php(56): CodeIgniter\Boot::bootWeb(Object(Config\Paths))
INFO - 2025-02-27 01:00:12 --> Session: Class initialized using 'CodeIgniter\Session\Handlers\FileHandler' driver.
INFO - 2025-02-27 01:01:41 --> Session: Class initialized using 'CodeIgniter\Session\Handlers\FileHandler' driver.
INFO - 2025-02-27 01:01:46 --> Session: Class initialized using 'CodeIgniter\Session\Handlers\FileHandler' driver.
INFO - 2025-02-27 01:03:21 --> Session: Class initialized using 'CodeIgniter\Session\Handlers\FileHandler' driver.
ERROR - 2025-02-27 01:05:53 --> mysqli_sql_exception: Cannot add or update a child row: a foreign key constraint fails (`gestion_festivales`.`patrocinadores`, CONSTRAINT `patrocinadores_ibfk_1` FOREIGN KEY (`festival_id`) REFERENCES `festivales` (`id`) ON DELETE CASCADE) in C:\xampp2\htdocs\codeignaiter\system\Database\MySQLi\Connection.php:312
Stack trace:
#0 C:\xampp2\htdocs\codeignaiter\system\Database\MySQLi\Connection.php(312): mysqli->query('INSERT INTO `pa...', 0)
#1 C:\xampp2\htdocs\codeignaiter\system\Database\BaseConnection.php(734): CodeIgniter\Database\MySQLi\Connection->execute('INSERT INTO `pa...')
#2 C:\xampp2\htdocs\codeignaiter\system\Database\BaseConnection.php(648): CodeIgniter\Database\BaseConnection->simpleQuery('INSERT INTO `pa...')
#3 C:\xampp2\htdocs\codeignaiter\system\Database\BaseBuilder.php(2340): CodeIgniter\Database\BaseConnection->query('INSERT INTO `pa...', Array, false)
#4 C:\xampp2\htdocs\codeignaiter\system\Model.php(394): CodeIgniter\Database\BaseBuilder->insert()
#5 C:\xampp2\htdocs\codeignaiter\system\BaseModel.php(840): CodeIgniter\Model->doInsert(Array)
#6 C:\xampp2\htdocs\codeignaiter\system\Model.php(802): CodeIgniter\BaseModel->insert(Array, false)
#7 C:\xampp2\htdocs\codeignaiter\system\BaseModel.php(751): CodeIgniter\Model->insert(Array, false)
#8 C:\xampp2\htdocs\codeignaiter\app\Controllers\PatrocinadorController.php(45): CodeIgniter\BaseModel->save(Array)
#9 C:\xampp2\htdocs\codeignaiter\system\CodeIgniter.php(933): App\Controllers\PatrocinadorController->savePatrocinador()
#10 C:\xampp2\htdocs\codeignaiter\system\CodeIgniter.php(509): CodeIgniter\CodeIgniter->runController(Object(App\Controllers\PatrocinadorController))
#11 C:\xampp2\htdocs\codeignaiter\system\CodeIgniter.php(355): CodeIgniter\CodeIgniter->handleRequest(NULL, Object(Config\Cache), false)
#12 C:\xampp2\htdocs\codeignaiter\system\Boot.php(325): CodeIgniter\CodeIgniter->run()
#13 C:\xampp2\htdocs\codeignaiter\system\Boot.php(67): CodeIgniter\Boot::runCodeIgniter(Object(CodeIgniter\CodeIgniter))
#14 C:\xampp2\htdocs\codeignaiter\public\index.php(56): CodeIgniter\Boot::bootWeb(Object(Config\Paths))
#15 {main}
CRITICAL - 2025-02-27 01:05:53 --> CodeIgniter\Database\Exceptions\DatabaseException: Cannot add or update a child row: a foreign key constraint fails (`gestion_festivales`.`patrocinadores`, CONSTRAINT `patrocinadores_ibfk_1` FOREIGN KEY (`festival_id`) REFERENCES `festivales` (`id`) ON DELETE CASCADE)
[Method: POST, Route: patrocinadores/save]
in SYSTEMPATH\Database\BaseConnection.php on line 688.
 1 SYSTEMPATH\Database\BaseBuilder.php(2340): CodeIgniter\Database\BaseConnection->query('INSERT INTO `patrocinadores` (`nombre`, `descripcion`, `contacto`, `festival_id`) VALUES (:nombre:, :descripcion:, :contacto:, :festival_id:)', [...], false)
 2 SYSTEMPATH\Model.php(394): CodeIgniter\Database\BaseBuilder->insert()
 3 SYSTEMPATH\BaseModel.php(840): CodeIgniter\Model->doInsert([...])
 4 SYSTEMPATH\Model.php(802): CodeIgniter\BaseModel->insert([...], false)
 5 SYSTEMPATH\BaseModel.php(751): CodeIgniter\Model->insert([...], false)
 6 APPPATH\Controllers\PatrocinadorController.php(45): CodeIgniter\BaseModel->save([...])
 7 SYSTEMPATH\CodeIgniter.php(933): App\Controllers\PatrocinadorController->savePatrocinador()
 8 SYSTEMPATH\CodeIgniter.php(509): CodeIgniter\CodeIgniter->runController(Object(App\Controllers\PatrocinadorController))
 9 SYSTEMPATH\CodeIgniter.php(355): CodeIgniter\CodeIgniter->handleRequest(null, Object(Config\Cache), false)
10 SYSTEMPATH\Boot.php(325): CodeIgniter\CodeIgniter->run()
11 SYSTEMPATH\Boot.php(67): CodeIgniter\Boot::runCodeIgniter(Object(CodeIgniter\CodeIgniter))
12 FCPATH\index.php(56): CodeIgniter\Boot::bootWeb(Object(Config\Paths))
CRITICAL - 2025-02-27 01:05:53 --> [Caused by] CodeIgniter\Database\Exceptions\DatabaseException: Cannot add or update a child row: a foreign key constraint fails (`gestion_festivales`.`patrocinadores`, CONSTRAINT `patrocinadores_ibfk_1` FOREIGN KEY (`festival_id`) REFERENCES `festivales` (`id`) ON DELETE CASCADE)
in SYSTEMPATH\Database\MySQLi\Connection.php on line 317.
 1 SYSTEMPATH\Database\BaseConnection.php(734): CodeIgniter\Database\MySQLi\Connection->execute('INSERT INTO `patrocinadores` (`nombre`, `descripcion`, `contacto`, `festival_id`) VALUES (\'xxxx\', \'xxxxxx\', \'xxx@gmail.com\', \'6\')')
 2 SYSTEMPATH\Database\BaseConnection.php(648): CodeIgniter\Database\BaseConnection->simpleQuery('INSERT INTO `patrocinadores` (`nombre`, `descripcion`, `contacto`, `festival_id`) VALUES (\'xxxx\', \'xxxxxx\', \'xxx@gmail.com\', \'6\')')
 3 SYSTEMPATH\Database\BaseBuilder.php(2340): CodeIgniter\Database\BaseConnection->query('INSERT INTO `patrocinadores` (`nombre`, `descripcion`, `contacto`, `festival_id`) VALUES (:nombre:, :descripcion:, :contacto:, :festival_id:)', [...], false)
 4 SYSTEMPATH\Model.php(394): CodeIgniter\Database\BaseBuilder->insert()
 5 SYSTEMPATH\BaseModel.php(840): CodeIgniter\Model->doInsert([...])
 6 SYSTEMPATH\Model.php(802): CodeIgniter\BaseModel->insert([...], false)
 7 SYSTEMPATH\BaseModel.php(751): CodeIgniter\Model->insert([...], false)
 8 APPPATH\Controllers\PatrocinadorController.php(45): CodeIgniter\BaseModel->save([...])
 9 SYSTEMPATH\CodeIgniter.php(933): App\Controllers\PatrocinadorController->savePatrocinador()
10 SYSTEMPATH\CodeIgniter.php(509): CodeIgniter\CodeIgniter->runController(Object(App\Controllers\PatrocinadorController))
11 SYSTEMPATH\CodeIgniter.php(355): CodeIgniter\CodeIgniter->handleRequest(null, Object(Config\Cache), false)
12 SYSTEMPATH\Boot.php(325): CodeIgniter\CodeIgniter->run()
13 SYSTEMPATH\Boot.php(67): CodeIgniter\Boot::runCodeIgniter(Object(CodeIgniter\CodeIgniter))
14 FCPATH\index.php(56): CodeIgniter\Boot::bootWeb(Object(Config\Paths))
CRITICAL - 2025-02-27 01:05:53 --> [Caused by] mysqli_sql_exception: Cannot add or update a child row: a foreign key constraint fails (`gestion_festivales`.`patrocinadores`, CONSTRAINT `patrocinadores_ibfk_1` FOREIGN KEY (`festival_id`) REFERENCES `festivales` (`id`) ON DELETE CASCADE)
in SYSTEMPATH\Database\MySQLi\Connection.php on line 312.
 1 SYSTEMPATH\Database\MySQLi\Connection.php(312): mysqli->query('INSERT INTO `patrocinadores` (`nombre`, `descripcion`, `contacto`, `festival_id`) VALUES (\'xxxx\', \'xxxxxx\', \'xxx@gmail.com\', \'6\')', 0)
 2 SYSTEMPATH\Database\BaseConnection.php(734): CodeIgniter\Database\MySQLi\Connection->execute('INSERT INTO `patrocinadores` (`nombre`, `descripcion`, `contacto`, `festival_id`) VALUES (\'xxxx\', \'xxxxxx\', \'xxx@gmail.com\', \'6\')')
 3 SYSTEMPATH\Database\BaseConnection.php(648): CodeIgniter\Database\BaseConnection->simpleQuery('INSERT INTO `patrocinadores` (`nombre`, `descripcion`, `contacto`, `festival_id`) VALUES (\'xxxx\', \'xxxxxx\', \'xxx@gmail.com\', \'6\')')
 4 SYSTEMPATH\Database\BaseBuilder.php(2340): CodeIgniter\Database\BaseConnection->query('INSERT INTO `patrocinadores` (`nombre`, `descripcion`, `contacto`, `festival_id`) VALUES (:nombre:, :descripcion:, :contacto:, :festival_id:)', [...], false)
 5 SYSTEMPATH\Model.php(394): CodeIgniter\Database\BaseBuilder->insert()
 6 SYSTEMPATH\BaseModel.php(840): CodeIgniter\Model->doInsert([...])
 7 SYSTEMPATH\Model.php(802): CodeIgniter\BaseModel->insert([...], false)
 8 SYSTEMPATH\BaseModel.php(751): CodeIgniter\Model->insert([...], false)
 9 APPPATH\Controllers\PatrocinadorController.php(45): CodeIgniter\BaseModel->save([...])
10 SYSTEMPATH\CodeIgniter.php(933): App\Controllers\PatrocinadorController->savePatrocinador()
11 SYSTEMPATH\CodeIgniter.php(509): CodeIgniter\CodeIgniter->runController(Object(App\Controllers\PatrocinadorController))
12 SYSTEMPATH\CodeIgniter.php(355): CodeIgniter\CodeIgniter->handleRequest(null, Object(Config\Cache), false)
13 SYSTEMPATH\Boot.php(325): CodeIgniter\CodeIgniter->run()
14 SYSTEMPATH\Boot.php(67): CodeIgniter\Boot::runCodeIgniter(Object(CodeIgniter\CodeIgniter))
15 FCPATH\index.php(56): CodeIgniter\Boot::bootWeb(Object(Config\Paths))
ERROR - 2025-02-27 01:09:36 --> mysqli_sql_exception: Cannot add or update a child row: a foreign key constraint fails (`gestion_festivales`.`patrocinadores`, CONSTRAINT `patrocinadores_ibfk_1` FOREIGN KEY (`festival_id`) REFERENCES `festivales` (`id`) ON DELETE CASCADE) in C:\xampp2\htdocs\codeignaiter\system\Database\MySQLi\Connection.php:312
Stack trace:
#0 C:\xampp2\htdocs\codeignaiter\system\Database\MySQLi\Connection.php(312): mysqli->query('INSERT INTO `pa...', 0)
#1 C:\xampp2\htdocs\codeignaiter\system\Database\BaseConnection.php(734): CodeIgniter\Database\MySQLi\Connection->execute('INSERT INTO `pa...')
#2 C:\xampp2\htdocs\codeignaiter\system\Database\BaseConnection.php(648): CodeIgniter\Database\BaseConnection->simpleQuery('INSERT INTO `pa...')
#3 C:\xampp2\htdocs\codeignaiter\system\Database\BaseBuilder.php(2340): CodeIgniter\Database\BaseConnection->query('INSERT INTO `pa...', Array, false)
#4 C:\xampp2\htdocs\codeignaiter\system\Model.php(394): CodeIgniter\Database\BaseBuilder->insert()
#5 C:\xampp2\htdocs\codeignaiter\system\BaseModel.php(840): CodeIgniter\Model->doInsert(Array)
#6 C:\xampp2\htdocs\codeignaiter\system\Model.php(802): CodeIgniter\BaseModel->insert(Array, false)
#7 C:\xampp2\htdocs\codeignaiter\system\BaseModel.php(751): CodeIgniter\Model->insert(Array, false)
#8 C:\xampp2\htdocs\codeignaiter\app\Controllers\PatrocinadorController.php(45): CodeIgniter\BaseModel->save(Array)
#9 C:\xampp2\htdocs\codeignaiter\system\CodeIgniter.php(933): App\Controllers\PatrocinadorController->savePatrocinador()
#10 C:\xampp2\htdocs\codeignaiter\system\CodeIgniter.php(509): CodeIgniter\CodeIgniter->runController(Object(App\Controllers\PatrocinadorController))
#11 C:\xampp2\htdocs\codeignaiter\system\CodeIgniter.php(355): CodeIgniter\CodeIgniter->handleRequest(NULL, Object(Config\Cache), false)
#12 C:\xampp2\htdocs\codeignaiter\system\Boot.php(325): CodeIgniter\CodeIgniter->run()
#13 C:\xampp2\htdocs\codeignaiter\system\Boot.php(67): CodeIgniter\Boot::runCodeIgniter(Object(CodeIgniter\CodeIgniter))
#14 C:\xampp2\htdocs\codeignaiter\public\index.php(56): CodeIgniter\Boot::bootWeb(Object(Config\Paths))
#15 {main}
CRITICAL - 2025-02-27 01:09:36 --> CodeIgniter\Database\Exceptions\DatabaseException: Cannot add or update a child row: a foreign key constraint fails (`gestion_festivales`.`patrocinadores`, CONSTRAINT `patrocinadores_ibfk_1` FOREIGN KEY (`festival_id`) REFERENCES `festivales` (`id`) ON DELETE CASCADE)
[Method: POST, Route: patrocinadores/save]
in SYSTEMPATH\Database\BaseConnection.php on line 688.
 1 SYSTEMPATH\Database\BaseBuilder.php(2340): CodeIgniter\Database\BaseConnection->query('INSERT INTO `patrocinadores` (`nombre`, `descripcion`, `contacto`, `festival_id`) VALUES (:nombre:, :descripcion:, :contacto:, :festival_id:)', [...], false)
 2 SYSTEMPATH\Model.php(394): CodeIgniter\Database\BaseBuilder->insert()
 3 SYSTEMPATH\BaseModel.php(840): CodeIgniter\Model->doInsert([...])
 4 SYSTEMPATH\Model.php(802): CodeIgniter\BaseModel->insert([...], false)
 5 SYSTEMPATH\BaseModel.php(751): CodeIgniter\Model->insert([...], false)
 6 APPPATH\Controllers\PatrocinadorController.php(45): CodeIgniter\BaseModel->save([...])
 7 SYSTEMPATH\CodeIgniter.php(933): App\Controllers\PatrocinadorController->savePatrocinador()
 8 SYSTEMPATH\CodeIgniter.php(509): CodeIgniter\CodeIgniter->runController(Object(App\Controllers\PatrocinadorController))
 9 SYSTEMPATH\CodeIgniter.php(355): CodeIgniter\CodeIgniter->handleRequest(null, Object(Config\Cache), false)
10 SYSTEMPATH\Boot.php(325): CodeIgniter\CodeIgniter->run()
11 SYSTEMPATH\Boot.php(67): CodeIgniter\Boot::runCodeIgniter(Object(CodeIgniter\CodeIgniter))
12 FCPATH\index.php(56): CodeIgniter\Boot::bootWeb(Object(Config\Paths))
CRITICAL - 2025-02-27 01:09:36 --> [Caused by] CodeIgniter\Database\Exceptions\DatabaseException: Cannot add or update a child row: a foreign key constraint fails (`gestion_festivales`.`patrocinadores`, CONSTRAINT `patrocinadores_ibfk_1` FOREIGN KEY (`festival_id`) REFERENCES `festivales` (`id`) ON DELETE CASCADE)
in SYSTEMPATH\Database\MySQLi\Connection.php on line 317.
 1 SYSTEMPATH\Database\BaseConnection.php(734): CodeIgniter\Database\MySQLi\Connection->execute('INSERT INTO `patrocinadores` (`nombre`, `descripcion`, `contacto`, `festival_id`) VALUES (\'xxxx\', \'xxxxxx\', \'xxx@gmail.com\', \'6\')')
 2 SYSTEMPATH\Database\BaseConnection.php(648): CodeIgniter\Database\BaseConnection->simpleQuery('INSERT INTO `patrocinadores` (`nombre`, `descripcion`, `contacto`, `festival_id`) VALUES (\'xxxx\', \'xxxxxx\', \'xxx@gmail.com\', \'6\')')
 3 SYSTEMPATH\Database\BaseBuilder.php(2340): CodeIgniter\Database\BaseConnection->query('INSERT INTO `patrocinadores` (`nombre`, `descripcion`, `contacto`, `festival_id`) VALUES (:nombre:, :descripcion:, :contacto:, :festival_id:)', [...], false)
 4 SYSTEMPATH\Model.php(394): CodeIgniter\Database\BaseBuilder->insert()
 5 SYSTEMPATH\BaseModel.php(840): CodeIgniter\Model->doInsert([...])
 6 SYSTEMPATH\Model.php(802): CodeIgniter\BaseModel->insert([...], false)
 7 SYSTEMPATH\BaseModel.php(751): CodeIgniter\Model->insert([...], false)
 8 APPPATH\Controllers\PatrocinadorController.php(45): CodeIgniter\BaseModel->save([...])
 9 SYSTEMPATH\CodeIgniter.php(933): App\Controllers\PatrocinadorController->savePatrocinador()
10 SYSTEMPATH\CodeIgniter.php(509): CodeIgniter\CodeIgniter->runController(Object(App\Controllers\PatrocinadorController))
11 SYSTEMPATH\CodeIgniter.php(355): CodeIgniter\CodeIgniter->handleRequest(null, Object(Config\Cache), false)
12 SYSTEMPATH\Boot.php(325): CodeIgniter\CodeIgniter->run()
13 SYSTEMPATH\Boot.php(67): CodeIgniter\Boot::runCodeIgniter(Object(CodeIgniter\CodeIgniter))
14 FCPATH\index.php(56): CodeIgniter\Boot::bootWeb(Object(Config\Paths))
CRITICAL - 2025-02-27 01:09:36 --> [Caused by] mysqli_sql_exception: Cannot add or update a child row: a foreign key constraint fails (`gestion_festivales`.`patrocinadores`, CONSTRAINT `patrocinadores_ibfk_1` FOREIGN KEY (`festival_id`) REFERENCES `festivales` (`id`) ON DELETE CASCADE)
in SYSTEMPATH\Database\MySQLi\Connection.php on line 312.
 1 SYSTEMPATH\Database\MySQLi\Connection.php(312): mysqli->query('INSERT INTO `patrocinadores` (`nombre`, `descripcion`, `contacto`, `festival_id`) VALUES (\'xxxx\', \'xxxxxx\', \'xxx@gmail.com\', \'6\')', 0)
 2 SYSTEMPATH\Database\BaseConnection.php(734): CodeIgniter\Database\MySQLi\Connection->execute('INSERT INTO `patrocinadores` (`nombre`, `descripcion`, `contacto`, `festival_id`) VALUES (\'xxxx\', \'xxxxxx\', \'xxx@gmail.com\', \'6\')')
 3 SYSTEMPATH\Database\BaseConnection.php(648): CodeIgniter\Database\BaseConnection->simpleQuery('INSERT INTO `patrocinadores` (`nombre`, `descripcion`, `contacto`, `festival_id`) VALUES (\'xxxx\', \'xxxxxx\', \'xxx@gmail.com\', \'6\')')
 4 SYSTEMPATH\Database\BaseBuilder.php(2340): CodeIgniter\Database\BaseConnection->query('INSERT INTO `patrocinadores` (`nombre`, `descripcion`, `contacto`, `festival_id`) VALUES (:nombre:, :descripcion:, :contacto:, :festival_id:)', [...], false)
 5 SYSTEMPATH\Model.php(394): CodeIgniter\Database\BaseBuilder->insert()
 6 SYSTEMPATH\BaseModel.php(840): CodeIgniter\Model->doInsert([...])
 7 SYSTEMPATH\Model.php(802): CodeIgniter\BaseModel->insert([...], false)
 8 SYSTEMPATH\BaseModel.php(751): CodeIgniter\Model->insert([...], false)
 9 APPPATH\Controllers\PatrocinadorController.php(45): CodeIgniter\BaseModel->save([...])
10 SYSTEMPATH\CodeIgniter.php(933): App\Controllers\PatrocinadorController->savePatrocinador()
11 SYSTEMPATH\CodeIgniter.php(509): CodeIgniter\CodeIgniter->runController(Object(App\Controllers\PatrocinadorController))
12 SYSTEMPATH\CodeIgniter.php(355): CodeIgniter\CodeIgniter->handleRequest(null, Object(Config\Cache), false)
13 SYSTEMPATH\Boot.php(325): CodeIgniter\CodeIgniter->run()
14 SYSTEMPATH\Boot.php(67): CodeIgniter\Boot::runCodeIgniter(Object(CodeIgniter\CodeIgniter))
15 FCPATH\index.php(56): CodeIgniter\Boot::bootWeb(Object(Config\Paths))
INFO - 2025-02-27 01:09:41 --> Session: Class initialized using 'CodeIgniter\Session\Handlers\FileHandler' driver.
INFO - 2025-02-27 01:09:53 --> Session: Class initialized using 'CodeIgniter\Session\Handlers\FileHandler' driver.
INFO - 2025-02-27 01:11:15 --> Session: Class initialized using 'CodeIgniter\Session\Handlers\FileHandler' driver.
INFO - 2025-02-27 01:11:36 --> Session: Class initialized using 'CodeIgniter\Session\Handlers\FileHandler' driver.
INFO - 2025-02-27 01:16:31 --> Session: Class initialized using 'CodeIgniter\Session\Handlers\FileHandler' driver.
INFO - 2025-02-27 01:17:36 --> Session: Class initialized using 'CodeIgniter\Session\Handlers\FileHandler' driver.
INFO - 2025-02-27 01:18:05 --> Session: Class initialized using 'CodeIgniter\Session\Handlers\FileHandler' driver.
INFO - 2025-02-27 01:27:08 --> Session: Class initialized using 'CodeIgniter\Session\Handlers\FileHandler' driver.
INFO - 2025-02-27 01:28:12 --> Session: Class initialized using 'CodeIgniter\Session\Handlers\FileHandler' driver.
INFO - 2025-02-27 01:35:21 --> Session: Class initialized using 'CodeIgniter\Session\Handlers\FileHandler' driver.
INFO - 2025-02-27 01:35:22 --> Session: Class initialized using 'CodeIgniter\Session\Handlers\FileHandler' driver.
INFO - 2025-02-27 01:35:26 --> Session: Class initialized using 'CodeIgniter\Session\Handlers\FileHandler' driver.
INFO - 2025-02-27 01:38:14 --> Session: Class initialized using 'CodeIgniter\Session\Handlers\FileHandler' driver.
ERROR - 2025-02-27 01:48:10 --> mysqli_sql_exception: Unknown column 'descripcion' in 'where clause' in C:\xampp2\htdocs\codeignaiter\system\Database\MySQLi\Connection.php:312
Stack trace:
#0 C:\xampp2\htdocs\codeignaiter\system\Database\MySQLi\Connection.php(312): mysqli->query('SELECT COUNT(*)...', 0)
#1 C:\xampp2\htdocs\codeignaiter\system\Database\BaseConnection.php(734): CodeIgniter\Database\MySQLi\Connection->execute('SELECT COUNT(*)...')
#2 C:\xampp2\htdocs\codeignaiter\system\Database\BaseConnection.php(648): CodeIgniter\Database\BaseConnection->simpleQuery('SELECT COUNT(*)...')
#3 C:\xampp2\htdocs\codeignaiter\system\Database\BaseBuilder.php(1728): CodeIgniter\Database\BaseConnection->query('SELECT COUNT(*)...', Array, false)
#4 C:\xampp2\htdocs\codeignaiter\system\Model.php(678): CodeIgniter\Database\BaseBuilder->countAllResults(false)
#5 C:\xampp2\htdocs\codeignaiter\system\BaseModel.php(1284): CodeIgniter\Model->countAllResults(false)
#6 C:\xampp2\htdocs\codeignaiter\app\Controllers\EntradaController.php(20): CodeIgniter\BaseModel->paginate(10, 'default', 1)
#7 C:\xampp2\htdocs\codeignaiter\system\CodeIgniter.php(933): App\Controllers\EntradaController->index()
#8 C:\xampp2\htdocs\codeignaiter\system\CodeIgniter.php(509): CodeIgniter\CodeIgniter->runController(Object(App\Controllers\EntradaController))
#9 C:\xampp2\htdocs\codeignaiter\system\CodeIgniter.php(355): CodeIgniter\CodeIgniter->handleRequest(NULL, Object(Config\Cache), false)
#10 C:\xampp2\htdocs\codeignaiter\system\Boot.php(325): CodeIgniter\CodeIgniter->run()
#11 C:\xampp2\htdocs\codeignaiter\system\Boot.php(67): CodeIgniter\Boot::runCodeIgniter(Object(CodeIgniter\CodeIgniter))
#12 C:\xampp2\htdocs\codeignaiter\public\index.php(56): CodeIgniter\Boot::bootWeb(Object(Config\Paths))
#13 {main}
CRITICAL - 2025-02-27 01:48:10 --> CodeIgniter\Database\Exceptions\DatabaseException: Unknown column 'descripcion' in 'where clause'
[Method: GET, Route: entradas]
in SYSTEMPATH\Database\BaseConnection.php on line 688.
 1 SYSTEMPATH\Database\BaseBuilder.php(1728): CodeIgniter\Database\BaseConnection->query('SELECT COUNT(*) AS `numrows`
FROM `entradas`
WHERE `descripcion` LIKE :descripcion: ESCAPE \'!\'', [...], false)
 2 SYSTEMPATH\Model.php(678): CodeIgniter\Database\BaseBuilder->countAllResults(false)
 3 SYSTEMPATH\BaseModel.php(1284): CodeIgniter\Model->countAllResults(false)
 4 APPPATH\Controllers\EntradaController.php(20): CodeIgniter\BaseModel->paginate(10, 'default', 1)
 5 SYSTEMPATH\CodeIgniter.php(933): App\Controllers\EntradaController->index()
 6 SYSTEMPATH\CodeIgniter.php(509): CodeIgniter\CodeIgniter->runController(Object(App\Controllers\EntradaController))
 7 SYSTEMPATH\CodeIgniter.php(355): CodeIgniter\CodeIgniter->handleRequest(null, Object(Config\Cache), false)
 8 SYSTEMPATH\Boot.php(325): CodeIgniter\CodeIgniter->run()
 9 SYSTEMPATH\Boot.php(67): CodeIgniter\Boot::runCodeIgniter(Object(CodeIgniter\CodeIgniter))
10 FCPATH\index.php(56): CodeIgniter\Boot::bootWeb(Object(Config\Paths))
CRITICAL - 2025-02-27 01:48:10 --> [Caused by] CodeIgniter\Database\Exceptions\DatabaseException: Unknown column 'descripcion' in 'where clause'
in SYSTEMPATH\Database\MySQLi\Connection.php on line 317.
 1 SYSTEMPATH\Database\BaseConnection.php(734): CodeIgniter\Database\MySQLi\Connection->execute('SELECT COUNT(*) AS `numrows`
FROM `entradas`
WHERE `descripcion` LIKE \'%2%\' ESCAPE \'!\'')
 2 SYSTEMPATH\Database\BaseConnection.php(648): CodeIgniter\Database\BaseConnection->simpleQuery('SELECT COUNT(*) AS `numrows`
FROM `entradas`
WHERE `descripcion` LIKE \'%2%\' ESCAPE \'!\'')
 3 SYSTEMPATH\Database\BaseBuilder.php(1728): CodeIgniter\Database\BaseConnection->query('SELECT COUNT(*) AS `numrows`
FROM `entradas`
WHERE `descripcion` LIKE :descripcion: ESCAPE \'!\'', [...], false)
 4 SYSTEMPATH\Model.php(678): CodeIgniter\Database\BaseBuilder->countAllResults(false)
 5 SYSTEMPATH\BaseModel.php(1284): CodeIgniter\Model->countAllResults(false)
 6 APPPATH\Controllers\EntradaController.php(20): CodeIgniter\BaseModel->paginate(10, 'default', 1)
 7 SYSTEMPATH\CodeIgniter.php(933): App\Controllers\EntradaController->index()
 8 SYSTEMPATH\CodeIgniter.php(509): CodeIgniter\CodeIgniter->runController(Object(App\Controllers\EntradaController))
 9 SYSTEMPATH\CodeIgniter.php(355): CodeIgniter\CodeIgniter->handleRequest(null, Object(Config\Cache), false)
10 SYSTEMPATH\Boot.php(325): CodeIgniter\CodeIgniter->run()
11 SYSTEMPATH\Boot.php(67): CodeIgniter\Boot::runCodeIgniter(Object(CodeIgniter\CodeIgniter))
12 FCPATH\index.php(56): CodeIgniter\Boot::bootWeb(Object(Config\Paths))
CRITICAL - 2025-02-27 01:48:10 --> [Caused by] mysqli_sql_exception: Unknown column 'descripcion' in 'where clause'
in SYSTEMPATH\Database\MySQLi\Connection.php on line 312.
 1 SYSTEMPATH\Database\MySQLi\Connection.php(312): mysqli->query('SELECT COUNT(*) AS `numrows`
FROM `entradas`
WHERE `descripcion` LIKE \'%2%\' ESCAPE \'!\'', 0)
 2 SYSTEMPATH\Database\BaseConnection.php(734): CodeIgniter\Database\MySQLi\Connection->execute('SELECT COUNT(*) AS `numrows`
FROM `entradas`
WHERE `descripcion` LIKE \'%2%\' ESCAPE \'!\'')
 3 SYSTEMPATH\Database\BaseConnection.php(648): CodeIgniter\Database\BaseConnection->simpleQuery('SELECT COUNT(*) AS `numrows`
FROM `entradas`
WHERE `descripcion` LIKE \'%2%\' ESCAPE \'!\'')
 4 SYSTEMPATH\Database\BaseBuilder.php(1728): CodeIgniter\Database\BaseConnection->query('SELECT COUNT(*) AS `numrows`
FROM `entradas`
WHERE `descripcion` LIKE :descripcion: ESCAPE \'!\'', [...], false)
 5 SYSTEMPATH\Model.php(678): CodeIgniter\Database\BaseBuilder->countAllResults(false)
 6 SYSTEMPATH\BaseModel.php(1284): CodeIgniter\Model->countAllResults(false)
 7 APPPATH\Controllers\EntradaController.php(20): CodeIgniter\BaseModel->paginate(10, 'default', 1)
 8 SYSTEMPATH\CodeIgniter.php(933): App\Controllers\EntradaController->index()
 9 SYSTEMPATH\CodeIgniter.php(509): CodeIgniter\CodeIgniter->runController(Object(App\Controllers\EntradaController))
10 SYSTEMPATH\CodeIgniter.php(355): CodeIgniter\CodeIgniter->handleRequest(null, Object(Config\Cache), false)
11 SYSTEMPATH\Boot.php(325): CodeIgniter\CodeIgniter->run()
12 SYSTEMPATH\Boot.php(67): CodeIgniter\Boot::runCodeIgniter(Object(CodeIgniter\CodeIgniter))
13 FCPATH\index.php(56): CodeIgniter\Boot::bootWeb(Object(Config\Paths))
INFO - 2025-02-27 01:51:02 --> Session: Class initialized using 'CodeIgniter\Session\Handlers\FileHandler' driver.
ERROR - 2025-02-27 01:51:47 --> mysqli_sql_exception: Cannot add or update a child row: a foreign key constraint fails (`gestion_festivales`.`entradas`, CONSTRAINT `entradas_ibfk_1` FOREIGN KEY (`usuario_id`) REFERENCES `users` (`id`) ON DELETE CASCADE) in C:\xampp2\htdocs\codeignaiter\system\Database\MySQLi\Connection.php:312
Stack trace:
#0 C:\xampp2\htdocs\codeignaiter\system\Database\MySQLi\Connection.php(312): mysqli->query('UPDATE `entrada...', 0)
#1 C:\xampp2\htdocs\codeignaiter\system\Database\BaseConnection.php(734): CodeIgniter\Database\MySQLi\Connection->execute('UPDATE `entrada...')
#2 C:\xampp2\htdocs\codeignaiter\system\Database\BaseConnection.php(648): CodeIgniter\Database\BaseConnection->simpleQuery('UPDATE `entrada...')
#3 C:\xampp2\htdocs\codeignaiter\system\Database\BaseBuilder.php(2516): CodeIgniter\Database\BaseConnection->query('UPDATE `entrada...', Array, false)
#4 C:\xampp2\htdocs\codeignaiter\system\Model.php(461): CodeIgniter\Database\BaseBuilder->update()
#5 C:\xampp2\htdocs\codeignaiter\system\BaseModel.php(1028): CodeIgniter\Model->doUpdate(Array, Array)
#6 C:\xampp2\htdocs\codeignaiter\system\Model.php(865): CodeIgniter\BaseModel->update(Array, Array)
#7 C:\xampp2\htdocs\codeignaiter\app\Controllers\EntradaController.php(44): CodeIgniter\Model->update('10', Array)
#8 C:\xampp2\htdocs\codeignaiter\system\CodeIgniter.php(933): App\Controllers\EntradaController->saveEntrada('10')
#9 C:\xampp2\htdocs\codeignaiter\system\CodeIgniter.php(509): CodeIgniter\CodeIgniter->runController(Object(App\Controllers\EntradaController))
#10 C:\xampp2\htdocs\codeignaiter\system\CodeIgniter.php(355): CodeIgniter\CodeIgniter->handleRequest(NULL, Object(Config\Cache), false)
#11 C:\xampp2\htdocs\codeignaiter\system\Boot.php(325): CodeIgniter\CodeIgniter->run()
#12 C:\xampp2\htdocs\codeignaiter\system\Boot.php(67): CodeIgniter\Boot::runCodeIgniter(Object(CodeIgniter\CodeIgniter))
#13 C:\xampp2\htdocs\codeignaiter\public\index.php(56): CodeIgniter\Boot::bootWeb(Object(Config\Paths))
#14 {main}
CRITICAL - 2025-02-27 01:51:47 --> CodeIgniter\Database\Exceptions\DatabaseException: Cannot add or update a child row: a foreign key constraint fails (`gestion_festivales`.`entradas`, CONSTRAINT `entradas_ibfk_1` FOREIGN KEY (`usuario_id`) REFERENCES `users` (`id`) ON DELETE CASCADE)
[Method: POST, Route: entradas/save/10]
in SYSTEMPATH\Database\BaseConnection.php on line 688.
 1 SYSTEMPATH\Database\BaseBuilder.php(2516): CodeIgniter\Database\BaseConnection->query('UPDATE `entradas` SET `usuario_id` = :usuario_id:, `festival_id` = :festival_id:, `tipo_entrada` = :tipo_entrada:, `precio` = :precio:, `fecha_compra` = :fecha_compra:
WHERE `entradas`.`id` IN :entradas.id:', [...], false)
 2 SYSTEMPATH\Model.php(461): CodeIgniter\Database\BaseBuilder->update()
 3 SYSTEMPATH\BaseModel.php(1028): CodeIgniter\Model->doUpdate([...], [...])
 4 SYSTEMPATH\Model.php(865): CodeIgniter\BaseModel->update([...], [...])
 5 APPPATH\Controllers\EntradaController.php(44): CodeIgniter\Model->update('10', [...])
 6 SYSTEMPATH\CodeIgniter.php(933): App\Controllers\EntradaController->saveEntrada('10')
 7 SYSTEMPATH\CodeIgniter.php(509): CodeIgniter\CodeIgniter->runController(Object(App\Controllers\EntradaController))
 8 SYSTEMPATH\CodeIgniter.php(355): CodeIgniter\CodeIgniter->handleRequest(null, Object(Config\Cache), false)
 9 SYSTEMPATH\Boot.php(325): CodeIgniter\CodeIgniter->run()
10 SYSTEMPATH\Boot.php(67): CodeIgniter\Boot::runCodeIgniter(Object(CodeIgniter\CodeIgniter))
11 FCPATH\index.php(56): CodeIgniter\Boot::bootWeb(Object(Config\Paths))
CRITICAL - 2025-02-27 01:51:47 --> [Caused by] CodeIgniter\Database\Exceptions\DatabaseException: Cannot add or update a child row: a foreign key constraint fails (`gestion_festivales`.`entradas`, CONSTRAINT `entradas_ibfk_1` FOREIGN KEY (`usuario_id`) REFERENCES `users` (`id`) ON DELETE CASCADE)
in SYSTEMPATH\Database\MySQLi\Connection.php on line 317.
 1 SYSTEMPATH\Database\BaseConnection.php(734): CodeIgniter\Database\MySQLi\Connection->execute('UPDATE `entradas` SET `usuario_id` = \'1\', `festival_id` = \'1\', `tipo_entrada` = \'General\', `precio` = \'150.00\', `fecha_compra` = \'2025-02-28\'
WHERE `entradas`.`id` IN (\'10\')')
 2 SYSTEMPATH\Database\BaseConnection.php(648): CodeIgniter\Database\BaseConnection->simpleQuery('UPDATE `entradas` SET `usuario_id` = \'1\', `festival_id` = \'1\', `tipo_entrada` = \'General\', `precio` = \'150.00\', `fecha_compra` = \'2025-02-28\'
WHERE `entradas`.`id` IN (\'10\')')
 3 SYSTEMPATH\Database\BaseBuilder.php(2516): CodeIgniter\Database\BaseConnection->query('UPDATE `entradas` SET `usuario_id` = :usuario_id:, `festival_id` = :festival_id:, `tipo_entrada` = :tipo_entrada:, `precio` = :precio:, `fecha_compra` = :fecha_compra:
WHERE `entradas`.`id` IN :entradas.id:', [...], false)
 4 SYSTEMPATH\Model.php(461): CodeIgniter\Database\BaseBuilder->update()
 5 SYSTEMPATH\BaseModel.php(1028): CodeIgniter\Model->doUpdate([...], [...])
 6 SYSTEMPATH\Model.php(865): CodeIgniter\BaseModel->update([...], [...])
 7 APPPATH\Controllers\EntradaController.php(44): CodeIgniter\Model->update('10', [...])
 8 SYSTEMPATH\CodeIgniter.php(933): App\Controllers\EntradaController->saveEntrada('10')
 9 SYSTEMPATH\CodeIgniter.php(509): CodeIgniter\CodeIgniter->runController(Object(App\Controllers\EntradaController))
10 SYSTEMPATH\CodeIgniter.php(355): CodeIgniter\CodeIgniter->handleRequest(null, Object(Config\Cache), false)
11 SYSTEMPATH\Boot.php(325): CodeIgniter\CodeIgniter->run()
12 SYSTEMPATH\Boot.php(67): CodeIgniter\Boot::runCodeIgniter(Object(CodeIgniter\CodeIgniter))
13 FCPATH\index.php(56): CodeIgniter\Boot::bootWeb(Object(Config\Paths))
CRITICAL - 2025-02-27 01:51:47 --> [Caused by] mysqli_sql_exception: Cannot add or update a child row: a foreign key constraint fails (`gestion_festivales`.`entradas`, CONSTRAINT `entradas_ibfk_1` FOREIGN KEY (`usuario_id`) REFERENCES `users` (`id`) ON DELETE CASCADE)
in SYSTEMPATH\Database\MySQLi\Connection.php on line 312.
 1 SYSTEMPATH\Database\MySQLi\Connection.php(312): mysqli->query('UPDATE `entradas` SET `usuario_id` = \'1\', `festival_id` = \'1\', `tipo_entrada` = \'General\', `precio` = \'150.00\', `fecha_compra` = \'2025-02-28\'
WHERE `entradas`.`id` IN (\'10\')', 0)
 2 SYSTEMPATH\Database\BaseConnection.php(734): CodeIgniter\Database\MySQLi\Connection->execute('UPDATE `entradas` SET `usuario_id` = \'1\', `festival_id` = \'1\', `tipo_entrada` = \'General\', `precio` = \'150.00\', `fecha_compra` = \'2025-02-28\'
WHERE `entradas`.`id` IN (\'10\')')
 3 SYSTEMPATH\Database\BaseConnection.php(648): CodeIgniter\Database\BaseConnection->simpleQuery('UPDATE `entradas` SET `usuario_id` = \'1\', `festival_id` = \'1\', `tipo_entrada` = \'General\', `precio` = \'150.00\', `fecha_compra` = \'2025-02-28\'
WHERE `entradas`.`id` IN (\'10\')')
 4 SYSTEMPATH\Database\BaseBuilder.php(2516): CodeIgniter\Database\BaseConnection->query('UPDATE `entradas` SET `usuario_id` = :usuario_id:, `festival_id` = :festival_id:, `tipo_entrada` = :tipo_entrada:, `precio` = :precio:, `fecha_compra` = :fecha_compra:
WHERE `entradas`.`id` IN :entradas.id:', [...], false)
 5 SYSTEMPATH\Model.php(461): CodeIgniter\Database\BaseBuilder->update()
 6 SYSTEMPATH\BaseModel.php(1028): CodeIgniter\Model->doUpdate([...], [...])
 7 SYSTEMPATH\Model.php(865): CodeIgniter\BaseModel->update([...], [...])
 8 APPPATH\Controllers\EntradaController.php(44): CodeIgniter\Model->update('10', [...])
 9 SYSTEMPATH\CodeIgniter.php(933): App\Controllers\EntradaController->saveEntrada('10')
10 SYSTEMPATH\CodeIgniter.php(509): CodeIgniter\CodeIgniter->runController(Object(App\Controllers\EntradaController))
11 SYSTEMPATH\CodeIgniter.php(355): CodeIgniter\CodeIgniter->handleRequest(null, Object(Config\Cache), false)
12 SYSTEMPATH\Boot.php(325): CodeIgniter\CodeIgniter->run()
13 SYSTEMPATH\Boot.php(67): CodeIgniter\Boot::runCodeIgniter(Object(CodeIgniter\CodeIgniter))
14 FCPATH\index.php(56): CodeIgniter\Boot::bootWeb(Object(Config\Paths))
ERROR - 2025-02-27 01:53:19 --> mysqli_sql_exception: Cannot add or update a child row: a foreign key constraint fails (`gestion_festivales`.`entradas`, CONSTRAINT `entradas_ibfk_1` FOREIGN KEY (`usuario_id`) REFERENCES `users` (`id`) ON DELETE CASCADE) in C:\xampp2\htdocs\codeignaiter\system\Database\MySQLi\Connection.php:312
Stack trace:
#0 C:\xampp2\htdocs\codeignaiter\system\Database\MySQLi\Connection.php(312): mysqli->query('UPDATE `entrada...', 0)
#1 C:\xampp2\htdocs\codeignaiter\system\Database\BaseConnection.php(734): CodeIgniter\Database\MySQLi\Connection->execute('UPDATE `entrada...')
#2 C:\xampp2\htdocs\codeignaiter\system\Database\BaseConnection.php(648): CodeIgniter\Database\BaseConnection->simpleQuery('UPDATE `entrada...')
#3 C:\xampp2\htdocs\codeignaiter\system\Database\BaseBuilder.php(2516): CodeIgniter\Database\BaseConnection->query('UPDATE `entrada...', Array, false)
#4 C:\xampp2\htdocs\codeignaiter\system\Model.php(461): CodeIgniter\Database\BaseBuilder->update()
#5 C:\xampp2\htdocs\codeignaiter\system\BaseModel.php(1028): CodeIgniter\Model->doUpdate(Array, Array)
#6 C:\xampp2\htdocs\codeignaiter\system\Model.php(865): CodeIgniter\BaseModel->update(Array, Array)
#7 C:\xampp2\htdocs\codeignaiter\app\Controllers\EntradaController.php(44): CodeIgniter\Model->update('10', Array)
#8 C:\xampp2\htdocs\codeignaiter\system\CodeIgniter.php(933): App\Controllers\EntradaController->saveEntrada('10')
#9 C:\xampp2\htdocs\codeignaiter\system\CodeIgniter.php(509): CodeIgniter\CodeIgniter->runController(Object(App\Controllers\EntradaController))
#10 C:\xampp2\htdocs\codeignaiter\system\CodeIgniter.php(355): CodeIgniter\CodeIgniter->handleRequest(NULL, Object(Config\Cache), false)
#11 C:\xampp2\htdocs\codeignaiter\system\Boot.php(325): CodeIgniter\CodeIgniter->run()
#12 C:\xampp2\htdocs\codeignaiter\system\Boot.php(67): CodeIgniter\Boot::runCodeIgniter(Object(CodeIgniter\CodeIgniter))
#13 C:\xampp2\htdocs\codeignaiter\public\index.php(56): CodeIgniter\Boot::bootWeb(Object(Config\Paths))
#14 {main}
CRITICAL - 2025-02-27 01:53:19 --> CodeIgniter\Database\Exceptions\DatabaseException: Cannot add or update a child row: a foreign key constraint fails (`gestion_festivales`.`entradas`, CONSTRAINT `entradas_ibfk_1` FOREIGN KEY (`usuario_id`) REFERENCES `users` (`id`) ON DELETE CASCADE)
[Method: POST, Route: entradas/save/10]
in SYSTEMPATH\Database\BaseConnection.php on line 688.
 1 SYSTEMPATH\Database\BaseBuilder.php(2516): CodeIgniter\Database\BaseConnection->query('UPDATE `entradas` SET `usuario_id` = :usuario_id:, `festival_id` = :festival_id:, `tipo_entrada` = :tipo_entrada:, `precio` = :precio:, `fecha_compra` = :fecha_compra:
WHERE `entradas`.`id` IN :entradas.id:', [...], false)
 2 SYSTEMPATH\Model.php(461): CodeIgniter\Database\BaseBuilder->update()
 3 SYSTEMPATH\BaseModel.php(1028): CodeIgniter\Model->doUpdate([...], [...])
 4 SYSTEMPATH\Model.php(865): CodeIgniter\BaseModel->update([...], [...])
 5 APPPATH\Controllers\EntradaController.php(44): CodeIgniter\Model->update('10', [...])
 6 SYSTEMPATH\CodeIgniter.php(933): App\Controllers\EntradaController->saveEntrada('10')
 7 SYSTEMPATH\CodeIgniter.php(509): CodeIgniter\CodeIgniter->runController(Object(App\Controllers\EntradaController))
 8 SYSTEMPATH\CodeIgniter.php(355): CodeIgniter\CodeIgniter->handleRequest(null, Object(Config\Cache), false)
 9 SYSTEMPATH\Boot.php(325): CodeIgniter\CodeIgniter->run()
10 SYSTEMPATH\Boot.php(67): CodeIgniter\Boot::runCodeIgniter(Object(CodeIgniter\CodeIgniter))
11 FCPATH\index.php(56): CodeIgniter\Boot::bootWeb(Object(Config\Paths))
CRITICAL - 2025-02-27 01:53:19 --> [Caused by] CodeIgniter\Database\Exceptions\DatabaseException: Cannot add or update a child row: a foreign key constraint fails (`gestion_festivales`.`entradas`, CONSTRAINT `entradas_ibfk_1` FOREIGN KEY (`usuario_id`) REFERENCES `users` (`id`) ON DELETE CASCADE)
in SYSTEMPATH\Database\MySQLi\Connection.php on line 317.
 1 SYSTEMPATH\Database\BaseConnection.php(734): CodeIgniter\Database\MySQLi\Connection->execute('UPDATE `entradas` SET `usuario_id` = \'1\', `festival_id` = \'1\', `tipo_entrada` = \'General\', `precio` = \'150.00\', `fecha_compra` = \'2025-02-28\'
WHERE `entradas`.`id` IN (\'10\')')
 2 SYSTEMPATH\Database\BaseConnection.php(648): CodeIgniter\Database\BaseConnection->simpleQuery('UPDATE `entradas` SET `usuario_id` = \'1\', `festival_id` = \'1\', `tipo_entrada` = \'General\', `precio` = \'150.00\', `fecha_compra` = \'2025-02-28\'
WHERE `entradas`.`id` IN (\'10\')')
 3 SYSTEMPATH\Database\BaseBuilder.php(2516): CodeIgniter\Database\BaseConnection->query('UPDATE `entradas` SET `usuario_id` = :usuario_id:, `festival_id` = :festival_id:, `tipo_entrada` = :tipo_entrada:, `precio` = :precio:, `fecha_compra` = :fecha_compra:
WHERE `entradas`.`id` IN :entradas.id:', [...], false)
 4 SYSTEMPATH\Model.php(461): CodeIgniter\Database\BaseBuilder->update()
 5 SYSTEMPATH\BaseModel.php(1028): CodeIgniter\Model->doUpdate([...], [...])
 6 SYSTEMPATH\Model.php(865): CodeIgniter\BaseModel->update([...], [...])
 7 APPPATH\Controllers\EntradaController.php(44): CodeIgniter\Model->update('10', [...])
 8 SYSTEMPATH\CodeIgniter.php(933): App\Controllers\EntradaController->saveEntrada('10')
 9 SYSTEMPATH\CodeIgniter.php(509): CodeIgniter\CodeIgniter->runController(Object(App\Controllers\EntradaController))
10 SYSTEMPATH\CodeIgniter.php(355): CodeIgniter\CodeIgniter->handleRequest(null, Object(Config\Cache), false)
11 SYSTEMPATH\Boot.php(325): CodeIgniter\CodeIgniter->run()
12 SYSTEMPATH\Boot.php(67): CodeIgniter\Boot::runCodeIgniter(Object(CodeIgniter\CodeIgniter))
13 FCPATH\index.php(56): CodeIgniter\Boot::bootWeb(Object(Config\Paths))
CRITICAL - 2025-02-27 01:53:19 --> [Caused by] mysqli_sql_exception: Cannot add or update a child row: a foreign key constraint fails (`gestion_festivales`.`entradas`, CONSTRAINT `entradas_ibfk_1` FOREIGN KEY (`usuario_id`) REFERENCES `users` (`id`) ON DELETE CASCADE)
in SYSTEMPATH\Database\MySQLi\Connection.php on line 312.
 1 SYSTEMPATH\Database\MySQLi\Connection.php(312): mysqli->query('UPDATE `entradas` SET `usuario_id` = \'1\', `festival_id` = \'1\', `tipo_entrada` = \'General\', `precio` = \'150.00\', `fecha_compra` = \'2025-02-28\'
WHERE `entradas`.`id` IN (\'10\')', 0)
 2 SYSTEMPATH\Database\BaseConnection.php(734): CodeIgniter\Database\MySQLi\Connection->execute('UPDATE `entradas` SET `usuario_id` = \'1\', `festival_id` = \'1\', `tipo_entrada` = \'General\', `precio` = \'150.00\', `fecha_compra` = \'2025-02-28\'
WHERE `entradas`.`id` IN (\'10\')')
 3 SYSTEMPATH\Database\BaseConnection.php(648): CodeIgniter\Database\BaseConnection->simpleQuery('UPDATE `entradas` SET `usuario_id` = \'1\', `festival_id` = \'1\', `tipo_entrada` = \'General\', `precio` = \'150.00\', `fecha_compra` = \'2025-02-28\'
WHERE `entradas`.`id` IN (\'10\')')
 4 SYSTEMPATH\Database\BaseBuilder.php(2516): CodeIgniter\Database\BaseConnection->query('UPDATE `entradas` SET `usuario_id` = :usuario_id:, `festival_id` = :festival_id:, `tipo_entrada` = :tipo_entrada:, `precio` = :precio:, `fecha_compra` = :fecha_compra:
WHERE `entradas`.`id` IN :entradas.id:', [...], false)
 5 SYSTEMPATH\Model.php(461): CodeIgniter\Database\BaseBuilder->update()
 6 SYSTEMPATH\BaseModel.php(1028): CodeIgniter\Model->doUpdate([...], [...])
 7 SYSTEMPATH\Model.php(865): CodeIgniter\BaseModel->update([...], [...])
 8 APPPATH\Controllers\EntradaController.php(44): CodeIgniter\Model->update('10', [...])
 9 SYSTEMPATH\CodeIgniter.php(933): App\Controllers\EntradaController->saveEntrada('10')
10 SYSTEMPATH\CodeIgniter.php(509): CodeIgniter\CodeIgniter->runController(Object(App\Controllers\EntradaController))
11 SYSTEMPATH\CodeIgniter.php(355): CodeIgniter\CodeIgniter->handleRequest(null, Object(Config\Cache), false)
12 SYSTEMPATH\Boot.php(325): CodeIgniter\CodeIgniter->run()
13 SYSTEMPATH\Boot.php(67): CodeIgniter\Boot::runCodeIgniter(Object(CodeIgniter\CodeIgniter))
14 FCPATH\index.php(56): CodeIgniter\Boot::bootWeb(Object(Config\Paths))
INFO - 2025-02-27 01:53:32 --> Session: Class initialized using 'CodeIgniter\Session\Handlers\FileHandler' driver.
INFO - 2025-02-27 02:16:50 --> Session: Class initialized using 'CodeIgniter\Session\Handlers\FileHandler' driver.
INFO - 2025-02-27 02:17:28 --> Session: Class initialized using 'CodeIgniter\Session\Handlers\FileHandler' driver.
INFO - 2025-02-27 02:17:36 --> Session: Class initialized using 'CodeIgniter\Session\Handlers\FileHandler' driver.
INFO - 2025-02-27 02:17:36 --> Session: Class initialized using 'CodeIgniter\Session\Handlers\FileHandler' driver.
INFO - 2025-02-27 02:17:55 --> Session: Class initialized using 'CodeIgniter\Session\Handlers\FileHandler' driver.
INFO - 2025-02-27 02:18:00 --> Session: Class initialized using 'CodeIgniter\Session\Handlers\FileHandler' driver.
INFO - 2025-02-27 02:27:18 --> Session: Class initialized using 'CodeIgniter\Session\Handlers\FileHandler' driver.
CRITICAL - 2025-02-27 02:35:15 --> CodeIgniter\View\Exceptions\ViewException: Invalid file: "festival_list.php"
[Method: GET, Route: festivales]
in SYSTEMPATH\Exceptions\FrameworkException.php on line 41.
 1 SYSTEMPATH\View\View.php(222): CodeIgniter\Exceptions\FrameworkException::forInvalidFile('festival_list.php')
 2 SYSTEMPATH\Common.php(1171): CodeIgniter\View\View->render('festival_list', [], true)
 3 APPPATH\Controllers\FestivalController.php(24): view('festival_list', [...])
 4 SYSTEMPATH\CodeIgniter.php(933): App\Controllers\FestivalController->index()
 5 SYSTEMPATH\CodeIgniter.php(509): CodeIgniter\CodeIgniter->runController(Object(App\Controllers\FestivalController))
 6 SYSTEMPATH\CodeIgniter.php(355): CodeIgniter\CodeIgniter->handleRequest(null, Object(Config\Cache), false)
 7 SYSTEMPATH\Boot.php(325): CodeIgniter\CodeIgniter->run()
 8 SYSTEMPATH\Boot.php(67): CodeIgniter\Boot::runCodeIgniter(Object(CodeIgniter\CodeIgniter))
 9 FCPATH\index.php(56): CodeIgniter\Boot::bootWeb(Object(Config\Paths))
CRITICAL - 2025-02-27 02:35:19 --> CodeIgniter\View\Exceptions\ViewException: Invalid file: "festival_list.php"
[Method: GET, Route: festivales]
in SYSTEMPATH\Exceptions\FrameworkException.php on line 41.
 1 SYSTEMPATH\View\View.php(222): CodeIgniter\Exceptions\FrameworkException::forInvalidFile('festival_list.php')
 2 SYSTEMPATH\Common.php(1171): CodeIgniter\View\View->render('festival_list', [], true)
 3 APPPATH\Controllers\FestivalController.php(24): view('festival_list', [...])
 4 SYSTEMPATH\CodeIgniter.php(933): App\Controllers\FestivalController->index()
 5 SYSTEMPATH\CodeIgniter.php(509): CodeIgniter\CodeIgniter->runController(Object(App\Controllers\FestivalController))
 6 SYSTEMPATH\CodeIgniter.php(355): CodeIgniter\CodeIgniter->handleRequest(null, Object(Config\Cache), false)
 7 SYSTEMPATH\Boot.php(325): CodeIgniter\CodeIgniter->run()
 8 SYSTEMPATH\Boot.php(67): CodeIgniter\Boot::runCodeIgniter(Object(CodeIgniter\CodeIgniter))
 9 FCPATH\index.php(56): CodeIgniter\Boot::bootWeb(Object(Config\Paths))
CRITICAL - 2025-02-27 02:35:39 --> CodeIgniter\View\Exceptions\ViewException: Invalid file: "festival_list.php"
[Method: GET, Route: festivales]
in SYSTEMPATH\Exceptions\FrameworkException.php on line 41.
 1 SYSTEMPATH\View\View.php(222): CodeIgniter\Exceptions\FrameworkException::forInvalidFile('festival_list.php')
 2 SYSTEMPATH\Common.php(1171): CodeIgniter\View\View->render('festival_list', [], true)
 3 APPPATH\Controllers\FestivalController.php(24): view('festival_list', [...])
 4 SYSTEMPATH\CodeIgniter.php(933): App\Controllers\FestivalController->index()
 5 SYSTEMPATH\CodeIgniter.php(509): CodeIgniter\CodeIgniter->runController(Object(App\Controllers\FestivalController))
 6 SYSTEMPATH\CodeIgniter.php(355): CodeIgniter\CodeIgniter->handleRequest(null, Object(Config\Cache), false)
 7 SYSTEMPATH\Boot.php(325): CodeIgniter\CodeIgniter->run()
 8 SYSTEMPATH\Boot.php(67): CodeIgniter\Boot::runCodeIgniter(Object(CodeIgniter\CodeIgniter))
 9 FCPATH\index.php(56): CodeIgniter\Boot::bootWeb(Object(Config\Paths))
CRITICAL - 2025-02-27 02:35:40 --> CodeIgniter\View\Exceptions\ViewException: Invalid file: "festival_list.php"
[Method: GET, Route: festivales]
in SYSTEMPATH\Exceptions\FrameworkException.php on line 41.
 1 SYSTEMPATH\View\View.php(222): CodeIgniter\Exceptions\FrameworkException::forInvalidFile('festival_list.php')
 2 SYSTEMPATH\Common.php(1171): CodeIgniter\View\View->render('festival_list', [], true)
 3 APPPATH\Controllers\FestivalController.php(24): view('festival_list', [...])
 4 SYSTEMPATH\CodeIgniter.php(933): App\Controllers\FestivalController->index()
 5 SYSTEMPATH\CodeIgniter.php(509): CodeIgniter\CodeIgniter->runController(Object(App\Controllers\FestivalController))
 6 SYSTEMPATH\CodeIgniter.php(355): CodeIgniter\CodeIgniter->handleRequest(null, Object(Config\Cache), false)
 7 SYSTEMPATH\Boot.php(325): CodeIgniter\CodeIgniter->run()
 8 SYSTEMPATH\Boot.php(67): CodeIgniter\Boot::runCodeIgniter(Object(CodeIgniter\CodeIgniter))
 9 FCPATH\index.php(56): CodeIgniter\Boot::bootWeb(Object(Config\Paths))
CRITICAL - 2025-02-27 02:35:41 --> CodeIgniter\View\Exceptions\ViewException: Invalid file: "festival_list.php"
[Method: GET, Route: festivales]
in SYSTEMPATH\Exceptions\FrameworkException.php on line 41.
 1 SYSTEMPATH\View\View.php(222): CodeIgniter\Exceptions\FrameworkException::forInvalidFile('festival_list.php')
 2 SYSTEMPATH\Common.php(1171): CodeIgniter\View\View->render('festival_list', [], true)
 3 APPPATH\Controllers\FestivalController.php(24): view('festival_list', [...])
 4 SYSTEMPATH\CodeIgniter.php(933): App\Controllers\FestivalController->index()
 5 SYSTEMPATH\CodeIgniter.php(509): CodeIgniter\CodeIgniter->runController(Object(App\Controllers\FestivalController))
 6 SYSTEMPATH\CodeIgniter.php(355): CodeIgniter\CodeIgniter->handleRequest(null, Object(Config\Cache), false)
 7 SYSTEMPATH\Boot.php(325): CodeIgniter\CodeIgniter->run()
 8 SYSTEMPATH\Boot.php(67): CodeIgniter\Boot::runCodeIgniter(Object(CodeIgniter\CodeIgniter))
 9 FCPATH\index.php(56): CodeIgniter\Boot::bootWeb(Object(Config\Paths))
CRITICAL - 2025-02-27 02:35:46 --> CodeIgniter\View\Exceptions\ViewException: Invalid file: "festival_list.php"
[Method: GET, Route: festivales]
in SYSTEMPATH\Exceptions\FrameworkException.php on line 41.
 1 SYSTEMPATH\View\View.php(222): CodeIgniter\Exceptions\FrameworkException::forInvalidFile('festival_list.php')
 2 SYSTEMPATH\Common.php(1171): CodeIgniter\View\View->render('festival_list', [], true)
 3 APPPATH\Controllers\FestivalController.php(24): view('festival_list', [...])
 4 SYSTEMPATH\CodeIgniter.php(933): App\Controllers\FestivalController->index()
 5 SYSTEMPATH\CodeIgniter.php(509): CodeIgniter\CodeIgniter->runController(Object(App\Controllers\FestivalController))
 6 SYSTEMPATH\CodeIgniter.php(355): CodeIgniter\CodeIgniter->handleRequest(null, Object(Config\Cache), false)
 7 SYSTEMPATH\Boot.php(325): CodeIgniter\CodeIgniter->run()
 8 SYSTEMPATH\Boot.php(67): CodeIgniter\Boot::runCodeIgniter(Object(CodeIgniter\CodeIgniter))
 9 FCPATH\index.php(56): CodeIgniter\Boot::bootWeb(Object(Config\Paths))
CRITICAL - 2025-02-27 02:35:48 --> CodeIgniter\View\Exceptions\ViewException: Invalid file: "festival_list.php"
[Method: GET, Route: festivales]
in SYSTEMPATH\Exceptions\FrameworkException.php on line 41.
 1 SYSTEMPATH\View\View.php(222): CodeIgniter\Exceptions\FrameworkException::forInvalidFile('festival_list.php')
 2 SYSTEMPATH\Common.php(1171): CodeIgniter\View\View->render('festival_list', [], true)
 3 APPPATH\Controllers\FestivalController.php(24): view('festival_list', [...])
 4 SYSTEMPATH\CodeIgniter.php(933): App\Controllers\FestivalController->index()
 5 SYSTEMPATH\CodeIgniter.php(509): CodeIgniter\CodeIgniter->runController(Object(App\Controllers\FestivalController))
 6 SYSTEMPATH\CodeIgniter.php(355): CodeIgniter\CodeIgniter->handleRequest(null, Object(Config\Cache), false)
 7 SYSTEMPATH\Boot.php(325): CodeIgniter\CodeIgniter->run()
 8 SYSTEMPATH\Boot.php(67): CodeIgniter\Boot::runCodeIgniter(Object(CodeIgniter\CodeIgniter))
 9 FCPATH\index.php(56): CodeIgniter\Boot::bootWeb(Object(Config\Paths))
CRITICAL - 2025-02-27 02:36:04 --> ErrorException: Undefined variable $artista
[Method: GET, Route: festivales]
in APPPATH\Views\festival_list.php on line 2768.
 1 APPPATH\Views\festival_list.php(2768): CodeIgniter\Debug\Exceptions->errorHandler(2, 'Undefined variable $artista', 'C:\\xampp2\\htdocs\\codeignaiter\\app\\Views\\festival_list.php', 2768)
 2 SYSTEMPATH\View\View.php(234): include('C:\\xampp2\\htdocs\\codeignaiter\\app\\Views\\festival_list.php')
 3 SYSTEMPATH\View\View.php(237): CodeIgniter\View\View->CodeIgniter\View\{closure}()
 4 SYSTEMPATH\Common.php(1171): CodeIgniter\View\View->render('festival_list', [], true)
 5 APPPATH\Controllers\FestivalController.php(24): view('festival_list', [...])
 6 SYSTEMPATH\CodeIgniter.php(933): App\Controllers\FestivalController->index()
 7 SYSTEMPATH\CodeIgniter.php(509): CodeIgniter\CodeIgniter->runController(Object(App\Controllers\FestivalController))
 8 SYSTEMPATH\CodeIgniter.php(355): CodeIgniter\CodeIgniter->handleRequest(null, Object(Config\Cache), false)
 9 SYSTEMPATH\Boot.php(325): CodeIgniter\CodeIgniter->run()
10 SYSTEMPATH\Boot.php(67): CodeIgniter\Boot::runCodeIgniter(Object(CodeIgniter\CodeIgniter))
11 FCPATH\index.php(56): CodeIgniter\Boot::bootWeb(Object(Config\Paths))
